<testsuites id="" name="" tests="114" failures="69" skipped="0" errors="0" time="52.291188000000005">
<testsuite name="accessibility.spec.ts" timestamp="2025-12-08T18:40:51.031Z" hostname="chromium" tests="8" failures="2" skipped="0" time="29.942" errors="0">
<testcase name="Accessibility › landing page should have no critical accessibility violations" classname="accessibility.spec.ts" time="4.841">
<failure message="accessibility.spec.ts:10:3 landing page should have no critical accessibility violations" type="FAILURE">
<![CDATA[  [chromium] › accessibility.spec.ts:10:3 › Accessibility › landing page should have no critical accessibility violations 

    Error: expect(received).toHaveLength(expected)

    Expected length: 0
    Received length: 1
    Received array:  [{"description": "Ensure the contrast between foreground and background colors meets WCAG 2 AA minimum contrast ratio thresholds", "help": "Elements must meet minimum color contrast ratio thresholds", "helpUrl": "https://dequeuniversity.com/rules/axe/4.11/color-contrast?application=playwright", "id": "color-contrast", "impact": "serious", "nodes": [{"all": [], "any": [{"data": {"bgColor": "#0da2e7", "contrastRatio": 2.86, "expectedContrastRatio": "4.5:1", "fgColor": "#ffffff", "fontSize": "10.5pt (14px)", "fontWeight": "normal", "messageKey": null}, "id": "color-contrast", "impact": "serious", "message": "Element has insufficient color contrast of 2.86 (foreground color: #ffffff, background color: #0da2e7, font size: 10.5pt (14px), font weight: normal). Expected contrast ratio of 4.5:1", "relatedNodes": [{"html": "<button class=\"inline-flex items-ce...\">", "target": [".space-x-4 > a[href$=\"register\"] > .bg-primary.text-primary-foreground.hover\\:bg-primary\\/90"]}]}], "failureSummary": "Fix any of the following:
      Element has insufficient color contrast of 2.86 (foreground color: #ffffff, background color: #0da2e7, font size: 10.5pt (14px), font weight: normal). Expected contrast ratio of 4.5:1", "html": "<button class=\"inline-flex items-ce...\">", "impact": "serious", "none": [], "target": [".space-x-4 > a[href$=\"register\"] > .bg-primary.text-primary-foreground.hover\\:bg-primary\\/90"]}, {"all": [], "any": [{"data": {"bgColor": "#0da2e7", "contrastRatio": 2.86, "expectedContrastRatio": "4.5:1", "fgColor": "#ffffff", "fontSize": "10.5pt (14px)", "fontWeight": "normal", "messageKey": null}, "id": "color-contrast", "impact": "serious", "message": "Element has insufficient color contrast of 2.86 (foreground color: #ffffff, background color: #0da2e7, font size: 10.5pt (14px), font weight: normal). Expected contrast ratio of 4.5:1", "relatedNodes": [{"html": "<button class=\"inline-flex items-ce...\">", "target": [".group"]}]}], "failureSummary": "Fix any of the following:
      Element has insufficient color contrast of 2.86 (foreground color: #ffffff, background color: #0da2e7, font size: 10.5pt (14px), font weight: normal). Expected contrast ratio of 4.5:1", "html": "<button class=\"inline-flex items-ce...\">", "impact": "serious", "none": [], "target": [".group"]}, {"all": [], "any": [{"data": {"bgColor": "#f9fafb", "contrastRatio": 4.33, "expectedContrastRatio": "4.5:1", "fgColor": "#627a84", "fontSize": "13.5pt (18px)", "fontWeight": "normal", "messageKey": null}, "id": "color-contrast", "impact": "serious", "message": "Element has insufficient color contrast of 4.33 (foreground color: #627a84, background color: #f9fafb, font size: 13.5pt (18px), font weight: normal). Expected contrast ratio of 4.5:1", "relatedNodes": [{"html": "<section class=\"bg-muted/50 py-20\">", "target": [".bg-muted\\/50"]}, {"html": "<body>", "target": ["body"]}]}], "failureSummary": "Fix any of the following:
      Element has insufficient color contrast of 4.33 (foreground color: #627a84, background color: #f9fafb, font size: 13.5pt (18px), font weight: normal). Expected contrast ratio of 4.5:1", "html": "<p class=\"text-lg text-muted-foreground\">Powerful features to showcase your professional journey</p>", "impact": "serious", "none": [], "target": [".text-lg"]}], "tags": ["cat.color", "wcag2aa", "wcag143", "TTv5", "TT13.c", "EN-301-549", "EN-9.1.4.3", "ACT", "RGAAv4", "RGAA-3.2.1"]}]

      20 |     );
      21 |
    > 22 |     expect(criticalViolations).toHaveLength(0);
         |                                ^
      23 |   });
      24 |
      25 |   test('login page should have no critical accessibility violations', async ({ page }) => {
        at /home/ialcantara17/CS490/Project Jibbit/Jibbit_Squad/tests/e2e/accessibility.spec.ts:22:32

    attachment #1: screenshot (image/png) ──────────────────────────────────────────────────────────
    ../../test-results/accessibility-Accessibilit-7f4ef-al-accessibility-violations-chromium/test-failed-1.png
    ────────────────────────────────────────────────────────────────────────────────────────────────

    attachment #2: video (video/webm) ──────────────────────────────────────────────────────────────
    ../../test-results/accessibility-Accessibilit-7f4ef-al-accessibility-violations-chromium/video.webm
    ────────────────────────────────────────────────────────────────────────────────────────────────

    attachment #3: video (video/webm) ──────────────────────────────────────────────────────────────
    ../../test-results/accessibility-Accessibilit-7f4ef-al-accessibility-violations-chromium/video-1.webm
    ────────────────────────────────────────────────────────────────────────────────────────────────

    Error Context: ../../test-results/accessibility-Accessibilit-7f4ef-al-accessibility-violations-chromium/error-context.md
]]>
</failure>
<system-out>
<![CDATA[
[[ATTACHMENT|accessibility-Accessibilit-7f4ef-al-accessibility-violations-chromium/test-failed-1.png]]

[[ATTACHMENT|accessibility-Accessibilit-7f4ef-al-accessibility-violations-chromium/video.webm]]

[[ATTACHMENT|accessibility-Accessibilit-7f4ef-al-accessibility-violations-chromium/video-1.webm]]

[[ATTACHMENT|accessibility-Accessibilit-7f4ef-al-accessibility-violations-chromium/error-context.md]]
]]>
</system-out>
</testcase>
<testcase name="Accessibility › login page should have no critical accessibility violations" classname="accessibility.spec.ts" time="4.865">
<failure message="accessibility.spec.ts:25:3 login page should have no critical accessibility violations" type="FAILURE">
<![CDATA[  [chromium] › accessibility.spec.ts:25:3 › Accessibility › login page should have no critical accessibility violations 

    Error: expect(received).toHaveLength(expected)

    Expected length: 0
    Received length: 2
    Received array:  [{"description": "Ensure buttons have discernible text", "help": "Buttons must have discernible text", "helpUrl": "https://dequeuniversity.com/rules/axe/4.11/button-name?application=playwright", "id": "button-name", "impact": "critical", "nodes": [{"all": [], "any": [[Object], [Object], [Object], [Object], [Object], [Object], [Object]], "failureSummary": "Fix any of the following:
      Element does not have inner text that is visible to screen readers
      aria-label attribute does not exist or is empty
      aria-labelledby attribute does not exist, references elements that do not exist or references elements that are empty
      Element has no title attribute
      Element does not have an implicit (wrapped) <label>
      Element does not have an explicit <label>
      Element's default semantics were not overridden with role=\"none\" or role=\"presentation\"", "html": "<button class=\"inline-flex items-ce...\" type=\"button\">", "impact": "critical", "none": [], "target": [".grid-cols-3 > .px-4.border-input[type=\"button\"]:nth-child(1)"]}, {"all": [], "any": [[Object], [Object], [Object], [Object], [Object], [Object], [Object]], "failureSummary": "Fix any of the following:
      Element does not have inner text that is visible to screen readers
      aria-label attribute does not exist or is empty
      aria-labelledby attribute does not exist, references elements that do not exist or references elements that are empty
      Element has no title attribute
      Element does not have an implicit (wrapped) <label>
      Element does not have an explicit <label>
      Element's default semantics were not overridden with role=\"none\" or role=\"presentation\"", "html": "<button class=\"inline-flex items-ce...\" type=\"button\">", "impact": "critical", "none": [], "target": [".grid-cols-3 > .px-4.border-input[type=\"button\"]:nth-child(2)"]}, {"all": [], "any": [[Object], [Object], [Object], [Object], [Object], [Object], [Object]], "failureSummary": "Fix any of the following:
      Element does not have inner text that is visible to screen readers
      aria-label attribute does not exist or is empty
      aria-labelledby attribute does not exist, references elements that do not exist or references elements that are empty
      Element has no title attribute
      Element does not have an implicit (wrapped) <label>
      Element does not have an explicit <label>
      Element's default semantics were not overridden with role=\"none\" or role=\"presentation\"", "html": "<button class=\"inline-flex items-ce...\" type=\"button\">", "impact": "critical", "none": [], "target": [".px-4.border-input[type=\"button\"]:nth-child(3)"]}], "tags": ["cat.name-role-value", "wcag2a", "wcag412", "section508", "section508.22.a", "TTv5", "TT6.a", "EN-301-549", "EN-9.4.1.2", "ACT", …]}, {"description": "Ensure the contrast between foreground and background colors meets WCAG 2 AA minimum contrast ratio thresholds", "help": "Elements must meet minimum color contrast ratio thresholds", "helpUrl": "https://dequeuniversity.com/rules/axe/4.11/color-contrast?application=playwright", "id": "color-contrast", "impact": "serious", "nodes": [{"all": [], "any": [[Object]], "failureSummary": "Fix any of the following:
      Element has insufficient color contrast of 2.86 (foreground color: #ffffff, background color: #0da2e7, font size: 10.5pt (14px), font weight: normal). Expected contrast ratio of 4.5:1", "html": "<button class=\"inline-flex items-ce...\">", "impact": "serious", "none": [], "target": ["a[href$=\"register\"] > .bg-primary.text-primary-foreground.hover\\:bg-primary\\/90"]}, {"all": [], "any": [[Object]], "failureSummary": "Fix any of the following:
      Element has insufficient color contrast of 2.86 (foreground color: #0da2e7, background color: #ffffff, font size: 10.5pt (14px), font weight: normal). Expected contrast ratio of 4.5:1", "html": "<a class=\"text-sm text-primary hover:underline\" href=\"/forgot-password\">Forgot password?</a>", "impact": "serious", "none": [], "target": ["a[href$=\"forgot-password\"]"]}, {"all": [], "any": [[Object]], "failureSummary": "Fix any of the following:
      Element has insufficient color contrast of 2.86 (foreground color: #ffffff, background color: #0da2e7, font size: 10.5pt (14px), font weight: normal). Expected contrast ratio of 4.5:1", "html": "<button class=\"inline-flex items-ce...\" type=\"submit\">", "impact": "serious", "none": [], "target": ["button[type=\"submit\"]"]}, {"all": [], "any": [[Object]], "failureSummary": "Fix any of the following:
      Element has insufficient color contrast of 2.86 (foreground color: #0da2e7, background color: #ffffff, font size: 10.5pt (14px), font weight: normal). Expected contrast ratio of 4.5:1", "html": "<a class=\"text-primary hover:underline font-medium\" href=\"/register\">Sign up</a>", "impact": "serious", "none": [], "target": [".text-primary.hover\\:underline[href$=\"register\"]"]}], "tags": ["cat.color", "wcag2aa", "wcag143", "TTv5", "TT13.c", "EN-301-549", "EN-9.1.4.3", "ACT", "RGAAv4", "RGAA-3.2.1"]}]

      34 |     );
      35 |
    > 36 |     expect(criticalViolations).toHaveLength(0);
         |                                ^
      37 |   });
      38 |
      39 |   test('should have proper heading hierarchy', async ({ page }) => {
        at /home/ialcantara17/CS490/Project Jibbit/Jibbit_Squad/tests/e2e/accessibility.spec.ts:36:32

    attachment #1: screenshot (image/png) ──────────────────────────────────────────────────────────
    ../../test-results/accessibility-Accessibilit-2b89b-al-accessibility-violations-chromium/test-failed-1.png
    ────────────────────────────────────────────────────────────────────────────────────────────────

    attachment #2: video (video/webm) ──────────────────────────────────────────────────────────────
    ../../test-results/accessibility-Accessibilit-2b89b-al-accessibility-violations-chromium/video.webm
    ────────────────────────────────────────────────────────────────────────────────────────────────

    attachment #3: video (video/webm) ──────────────────────────────────────────────────────────────
    ../../test-results/accessibility-Accessibilit-2b89b-al-accessibility-violations-chromium/video-1.webm
    ────────────────────────────────────────────────────────────────────────────────────────────────

    Error Context: ../../test-results/accessibility-Accessibilit-2b89b-al-accessibility-violations-chromium/error-context.md
]]>
</failure>
<system-out>
<![CDATA[
[[ATTACHMENT|accessibility-Accessibilit-2b89b-al-accessibility-violations-chromium/test-failed-1.png]]

[[ATTACHMENT|accessibility-Accessibilit-2b89b-al-accessibility-violations-chromium/video.webm]]

[[ATTACHMENT|accessibility-Accessibilit-2b89b-al-accessibility-violations-chromium/video-1.webm]]

[[ATTACHMENT|accessibility-Accessibilit-2b89b-al-accessibility-violations-chromium/error-context.md]]
]]>
</system-out>
</testcase>
<testcase name="Accessibility › should have proper heading hierarchy" classname="accessibility.spec.ts" time="3.626">
</testcase>
<testcase name="Accessibility › interactive elements should be keyboard accessible" classname="accessibility.spec.ts" time="3.832">
</testcase>
<testcase name="Accessibility › images should have alt text" classname="accessibility.spec.ts" time="3.826">
</testcase>
<testcase name="Accessibility › form inputs should have labels" classname="accessibility.spec.ts" time="3.571">
</testcase>
<testcase name="Accessibility › color contrast should meet WCAG AA standards" classname="accessibility.spec.ts" time="2.845">
</testcase>
<testcase name="Accessibility › skip links should be present for navigation" classname="accessibility.spec.ts" time="2.536">
</testcase>
</testsuite>
<testsuite name="auth.spec.ts" timestamp="2025-12-08T18:40:51.031Z" hostname="chromium" tests="5" failures="1" skipped="0" time="15.91" errors="0">
<testcase name="Authentication › should display login page" classname="auth.spec.ts" time="7.572">
<failure message="auth.spec.ts:9:3 should display login page" type="FAILURE">
<![CDATA[  [chromium] › auth.spec.ts:9:3 › Authentication › should display login page ───────────────────────

    Error: expect(locator).toBeVisible() failed

    Locator: getByRole('heading', { name: /sign in/i })
    Expected: visible
    Timeout: 5000ms
    Error: element(s) not found

    Call log:
      - Expect "toBeVisible" with timeout 5000ms
      - waiting for getByRole('heading', { name: /sign in/i })


       9 |   test('should display login page', async ({ page }) => {
      10 |     await page.goto('/login');
    > 11 |     await expect(page.getByRole('heading', { name: /sign in/i })).toBeVisible();
         |                                                                   ^
      12 |     await expect(page.getByLabel(/email/i)).toBeVisible();
      13 |     await expect(page.getByLabel(/password/i)).toBeVisible();
      14 |   });
        at /home/ialcantara17/CS490/Project Jibbit/Jibbit_Squad/tests/e2e/auth.spec.ts:11:67

    attachment #1: screenshot (image/png) ──────────────────────────────────────────────────────────
    ../../test-results/auth-Authentication-should-display-login-page-chromium/test-failed-1.png
    ────────────────────────────────────────────────────────────────────────────────────────────────

    attachment #2: video (video/webm) ──────────────────────────────────────────────────────────────
    ../../test-results/auth-Authentication-should-display-login-page-chromium/video.webm
    ────────────────────────────────────────────────────────────────────────────────────────────────

    Error Context: ../../test-results/auth-Authentication-should-display-login-page-chromium/error-context.md
]]>
</failure>
<system-out>
<![CDATA[
[[ATTACHMENT|auth-Authentication-should-display-login-page-chromium/test-failed-1.png]]

[[ATTACHMENT|auth-Authentication-should-display-login-page-chromium/video.webm]]

[[ATTACHMENT|auth-Authentication-should-display-login-page-chromium/error-context.md]]
]]>
</system-out>
</testcase>
<testcase name="Authentication › should display registration page" classname="auth.spec.ts" time="2.42">
</testcase>
<testcase name="Authentication › should show validation errors for empty login" classname="auth.spec.ts" time="1.996">
</testcase>
<testcase name="Authentication › should navigate to forgot password" classname="auth.spec.ts" time="2.006">
</testcase>
<testcase name="Authentication › should redirect unauthenticated users from protected routes" classname="auth.spec.ts" time="1.916">
</testcase>
</testsuite>
<testsuite name="jobs.spec.ts" timestamp="2025-12-08T18:40:51.031Z" hostname="chromium" tests="6" failures="1" skipped="0" time="10.629" errors="0">
<testcase name="Jobs Page › should display landing page" classname="jobs.spec.ts" time="2.018">
</testcase>
<testcase name="Jobs Page › should have navigation links" classname="jobs.spec.ts" time="1.892">
<failure message="jobs.spec.ts:19:3 should have navigation links" type="FAILURE">
<![CDATA[  [chromium] › jobs.spec.ts:19:3 › Jobs Page › should have navigation links ────────────────────────

    Error: locator.isVisible: Error: strict mode violation: getByRole('link', { name: /sign in|login/i }) resolved to 2 elements:
        1) <a href="/login">…</a> aka getByRole('link', { name: 'Login' })
        2) <a href="/login">…</a> aka getByRole('link', { name: 'Sign In' })

    Call log:
        - checking visibility of getByRole('link', { name: /sign in|login/i })


      23 |     
      24 |     // At least one should be visible
    > 25 |     const hasAuth = await loginLink.isVisible() || await registerLink.isVisible();
         |                                     ^
      26 |     expect(hasAuth).toBeTruthy();
      27 |   });
      28 |
        at /home/ialcantara17/CS490/Project Jibbit/Jibbit_Squad/tests/e2e/jobs.spec.ts:25:37

    attachment #1: screenshot (image/png) ──────────────────────────────────────────────────────────
    ../../test-results/jobs-Jobs-Page-should-have-navigation-links-chromium/test-failed-1.png
    ────────────────────────────────────────────────────────────────────────────────────────────────

    attachment #2: video (video/webm) ──────────────────────────────────────────────────────────────
    ../../test-results/jobs-Jobs-Page-should-have-navigation-links-chromium/video.webm
    ────────────────────────────────────────────────────────────────────────────────────────────────

    Error Context: ../../test-results/jobs-Jobs-Page-should-have-navigation-links-chromium/error-context.md
]]>
</failure>
<system-out>
<![CDATA[
[[ATTACHMENT|jobs-Jobs-Page-should-have-navigation-links-chromium/test-failed-1.png]]

[[ATTACHMENT|jobs-Jobs-Page-should-have-navigation-links-chromium/video.webm]]

[[ATTACHMENT|jobs-Jobs-Page-should-have-navigation-links-chromium/error-context.md]]
]]>
</system-out>
</testcase>
<testcase name="Jobs Page › should navigate to login from landing" classname="jobs.spec.ts" time="1.791">
</testcase>
<testcase name="Job Map (UC-116) › should have job map route" classname="jobs.spec.ts" time="1.652">
</testcase>
<testcase name="Application Optimization (UC-112-115) › should have optimization route" classname="jobs.spec.ts" time="1.662">
</testcase>
<testcase name="Application Optimization (UC-112-115) › should have analytics routes" classname="jobs.spec.ts" time="1.614">
</testcase>
</testsuite>
<testsuite name="accessibility.spec.ts" timestamp="2025-12-08T18:40:51.031Z" hostname="firefox" tests="8" failures="2" skipped="0" time="30.964" errors="0">
<testcase name="Accessibility › landing page should have no critical accessibility violations" classname="accessibility.spec.ts" time="3.637">
<failure message="accessibility.spec.ts:10:3 landing page should have no critical accessibility violations" type="FAILURE">
<![CDATA[  [firefox] › accessibility.spec.ts:10:3 › Accessibility › landing page should have no critical accessibility violations 

    Error: expect(received).toHaveLength(expected)

    Expected length: 0
    Received length: 1
    Received array:  [{"description": "Ensure the contrast between foreground and background colors meets WCAG 2 AA minimum contrast ratio thresholds", "help": "Elements must meet minimum color contrast ratio thresholds", "helpUrl": "https://dequeuniversity.com/rules/axe/4.11/color-contrast?application=playwright", "id": "color-contrast", "impact": "serious", "nodes": [{"all": [], "any": [{"data": {"bgColor": "#0da2e7", "contrastRatio": 2.86, "expectedContrastRatio": "4.5:1", "fgColor": "#ffffff", "fontSize": "10.5pt (14px)", "fontWeight": "normal", "messageKey": null}, "id": "color-contrast", "impact": "serious", "message": "Element has insufficient color contrast of 2.86 (foreground color: #ffffff, background color: #0da2e7, font size: 10.5pt (14px), font weight: normal). Expected contrast ratio of 4.5:1", "relatedNodes": [{"html": "<button class=\"inline-flex items-ce...\">", "target": [".space-x-4 > a[href$=\"register\"] > .bg-primary.text-primary-foreground.hover\\:bg-primary\\/90"]}]}], "failureSummary": "Fix any of the following:
      Element has insufficient color contrast of 2.86 (foreground color: #ffffff, background color: #0da2e7, font size: 10.5pt (14px), font weight: normal). Expected contrast ratio of 4.5:1", "html": "<button class=\"inline-flex items-ce...\">", "impact": "serious", "none": [], "target": [".space-x-4 > a[href$=\"register\"] > .bg-primary.text-primary-foreground.hover\\:bg-primary\\/90"]}, {"all": [], "any": [{"data": {"bgColor": "#0da2e7", "contrastRatio": 2.86, "expectedContrastRatio": "4.5:1", "fgColor": "#ffffff", "fontSize": "10.5pt (14px)", "fontWeight": "normal", "messageKey": null}, "id": "color-contrast", "impact": "serious", "message": "Element has insufficient color contrast of 2.86 (foreground color: #ffffff, background color: #0da2e7, font size: 10.5pt (14px), font weight: normal). Expected contrast ratio of 4.5:1", "relatedNodes": [{"html": "<button class=\"inline-flex items-ce...\">", "target": [".group"]}]}], "failureSummary": "Fix any of the following:
      Element has insufficient color contrast of 2.86 (foreground color: #ffffff, background color: #0da2e7, font size: 10.5pt (14px), font weight: normal). Expected contrast ratio of 4.5:1", "html": "<button class=\"inline-flex items-ce...\">", "impact": "serious", "none": [], "target": [".group"]}, {"all": [], "any": [{"data": {"bgColor": "#f9fafb", "contrastRatio": 4.33, "expectedContrastRatio": "4.5:1", "fgColor": "#627a84", "fontSize": "13.5pt (18px)", "fontWeight": "normal", "messageKey": null}, "id": "color-contrast", "impact": "serious", "message": "Element has insufficient color contrast of 4.33 (foreground color: #627a84, background color: #f9fafb, font size: 13.5pt (18px), font weight: normal). Expected contrast ratio of 4.5:1", "relatedNodes": [{"html": "<section class=\"bg-muted/50 py-20\">", "target": [".bg-muted\\/50"]}, {"html": "<body>", "target": ["body"]}]}], "failureSummary": "Fix any of the following:
      Element has insufficient color contrast of 4.33 (foreground color: #627a84, background color: #f9fafb, font size: 13.5pt (18px), font weight: normal). Expected contrast ratio of 4.5:1", "html": "<p class=\"text-lg text-muted-foreground\">Powerful features to showcase your professional journey</p>", "impact": "serious", "none": [], "target": [".text-lg"]}], "tags": ["cat.color", "wcag2aa", "wcag143", "TTv5", "TT13.c", "EN-301-549", "EN-9.1.4.3", "ACT", "RGAAv4", "RGAA-3.2.1"]}]

      20 |     );
      21 |
    > 22 |     expect(criticalViolations).toHaveLength(0);
         |                                ^
      23 |   });
      24 |
      25 |   test('login page should have no critical accessibility violations', async ({ page }) => {
        at /home/ialcantara17/CS490/Project Jibbit/Jibbit_Squad/tests/e2e/accessibility.spec.ts:22:32

    attachment #1: screenshot (image/png) ──────────────────────────────────────────────────────────
    ../../test-results/accessibility-Accessibilit-7f4ef-al-accessibility-violations-firefox/test-failed-1.png
    ────────────────────────────────────────────────────────────────────────────────────────────────

    attachment #2: video (video/webm) ──────────────────────────────────────────────────────────────
    ../../test-results/accessibility-Accessibilit-7f4ef-al-accessibility-violations-firefox/video.webm
    ────────────────────────────────────────────────────────────────────────────────────────────────

    attachment #3: video (video/webm) ──────────────────────────────────────────────────────────────
    ../../test-results/accessibility-Accessibilit-7f4ef-al-accessibility-violations-firefox/video-1.webm
    ────────────────────────────────────────────────────────────────────────────────────────────────

    Error Context: ../../test-results/accessibility-Accessibilit-7f4ef-al-accessibility-violations-firefox/error-context.md
]]>
</failure>
<system-out>
<![CDATA[
[[ATTACHMENT|accessibility-Accessibilit-7f4ef-al-accessibility-violations-firefox/test-failed-1.png]]

[[ATTACHMENT|accessibility-Accessibilit-7f4ef-al-accessibility-violations-firefox/video.webm]]

[[ATTACHMENT|accessibility-Accessibilit-7f4ef-al-accessibility-violations-firefox/video-1.webm]]

[[ATTACHMENT|accessibility-Accessibilit-7f4ef-al-accessibility-violations-firefox/error-context.md]]
]]>
</system-out>
</testcase>
<testcase name="Accessibility › login page should have no critical accessibility violations" classname="accessibility.spec.ts" time="4.416">
<failure message="accessibility.spec.ts:25:3 login page should have no critical accessibility violations" type="FAILURE">
<![CDATA[  [firefox] › accessibility.spec.ts:25:3 › Accessibility › login page should have no critical accessibility violations 

    Error: expect(received).toHaveLength(expected)

    Expected length: 0
    Received length: 2
    Received array:  [{"description": "Ensure buttons have discernible text", "help": "Buttons must have discernible text", "helpUrl": "https://dequeuniversity.com/rules/axe/4.11/button-name?application=playwright", "id": "button-name", "impact": "critical", "nodes": [{"all": [], "any": [[Object], [Object], [Object], [Object], [Object], [Object], [Object]], "failureSummary": "Fix any of the following:
      Element does not have inner text that is visible to screen readers
      aria-label attribute does not exist or is empty
      aria-labelledby attribute does not exist, references elements that do not exist or references elements that are empty
      Element has no title attribute
      Element does not have an implicit (wrapped) <label>
      Element does not have an explicit <label>
      Element's default semantics were not overridden with role=\"none\" or role=\"presentation\"", "html": "<button class=\"inline-flex items-ce...\" type=\"button\">", "impact": "critical", "none": [], "target": [".grid-cols-3 > .px-4.border-input[type=\"button\"]:nth-child(1)"]}, {"all": [], "any": [[Object], [Object], [Object], [Object], [Object], [Object], [Object]], "failureSummary": "Fix any of the following:
      Element does not have inner text that is visible to screen readers
      aria-label attribute does not exist or is empty
      aria-labelledby attribute does not exist, references elements that do not exist or references elements that are empty
      Element has no title attribute
      Element does not have an implicit (wrapped) <label>
      Element does not have an explicit <label>
      Element's default semantics were not overridden with role=\"none\" or role=\"presentation\"", "html": "<button class=\"inline-flex items-ce...\" type=\"button\">", "impact": "critical", "none": [], "target": [".grid-cols-3 > .px-4.border-input[type=\"button\"]:nth-child(2)"]}, {"all": [], "any": [[Object], [Object], [Object], [Object], [Object], [Object], [Object]], "failureSummary": "Fix any of the following:
      Element does not have inner text that is visible to screen readers
      aria-label attribute does not exist or is empty
      aria-labelledby attribute does not exist, references elements that do not exist or references elements that are empty
      Element has no title attribute
      Element does not have an implicit (wrapped) <label>
      Element does not have an explicit <label>
      Element's default semantics were not overridden with role=\"none\" or role=\"presentation\"", "html": "<button class=\"inline-flex items-ce...\" type=\"button\">", "impact": "critical", "none": [], "target": [".px-4.border-input[type=\"button\"]:nth-child(3)"]}], "tags": ["cat.name-role-value", "wcag2a", "wcag412", "section508", "section508.22.a", "TTv5", "TT6.a", "EN-301-549", "EN-9.4.1.2", "ACT", …]}, {"description": "Ensure the contrast between foreground and background colors meets WCAG 2 AA minimum contrast ratio thresholds", "help": "Elements must meet minimum color contrast ratio thresholds", "helpUrl": "https://dequeuniversity.com/rules/axe/4.11/color-contrast?application=playwright", "id": "color-contrast", "impact": "serious", "nodes": [{"all": [], "any": [[Object]], "failureSummary": "Fix any of the following:
      Element has insufficient color contrast of 2.86 (foreground color: #ffffff, background color: #0da2e7, font size: 10.5pt (14px), font weight: normal). Expected contrast ratio of 4.5:1", "html": "<button class=\"inline-flex items-ce...\">", "impact": "serious", "none": [], "target": ["a[href$=\"register\"] > .bg-primary.text-primary-foreground.hover\\:bg-primary\\/90"]}, {"all": [], "any": [[Object]], "failureSummary": "Fix any of the following:
      Element has insufficient color contrast of 2.86 (foreground color: #0da2e7, background color: #ffffff, font size: 10.5pt (14px), font weight: normal). Expected contrast ratio of 4.5:1", "html": "<a class=\"text-sm text-primary hover:underline\" href=\"/forgot-password\">Forgot password?</a>", "impact": "serious", "none": [], "target": ["a[href$=\"forgot-password\"]"]}, {"all": [], "any": [[Object]], "failureSummary": "Fix any of the following:
      Element has insufficient color contrast of 2.86 (foreground color: #ffffff, background color: #0da2e7, font size: 10.5pt (14px), font weight: normal). Expected contrast ratio of 4.5:1", "html": "<button class=\"inline-flex items-ce...\" type=\"submit\">", "impact": "serious", "none": [], "target": ["button[type=\"submit\"]"]}, {"all": [], "any": [[Object]], "failureSummary": "Fix any of the following:
      Element has insufficient color contrast of 2.86 (foreground color: #0da2e7, background color: #ffffff, font size: 10.5pt (14px), font weight: normal). Expected contrast ratio of 4.5:1", "html": "<a class=\"text-primary hover:underline font-medium\" href=\"/register\">Sign up</a>", "impact": "serious", "none": [], "target": [".text-primary.hover\\:underline[href$=\"register\"]"]}], "tags": ["cat.color", "wcag2aa", "wcag143", "TTv5", "TT13.c", "EN-301-549", "EN-9.1.4.3", "ACT", "RGAAv4", "RGAA-3.2.1"]}]

      34 |     );
      35 |
    > 36 |     expect(criticalViolations).toHaveLength(0);
         |                                ^
      37 |   });
      38 |
      39 |   test('should have proper heading hierarchy', async ({ page }) => {
        at /home/ialcantara17/CS490/Project Jibbit/Jibbit_Squad/tests/e2e/accessibility.spec.ts:36:32

    attachment #1: screenshot (image/png) ──────────────────────────────────────────────────────────
    ../../test-results/accessibility-Accessibilit-2b89b-al-accessibility-violations-firefox/test-failed-1.png
    ────────────────────────────────────────────────────────────────────────────────────────────────

    attachment #2: video (video/webm) ──────────────────────────────────────────────────────────────
    ../../test-results/accessibility-Accessibilit-2b89b-al-accessibility-violations-firefox/video.webm
    ────────────────────────────────────────────────────────────────────────────────────────────────

    attachment #3: video (video/webm) ──────────────────────────────────────────────────────────────
    ../../test-results/accessibility-Accessibilit-2b89b-al-accessibility-violations-firefox/video-1.webm
    ────────────────────────────────────────────────────────────────────────────────────────────────

    Error Context: ../../test-results/accessibility-Accessibilit-2b89b-al-accessibility-violations-firefox/error-context.md
]]>
</failure>
<system-out>
<![CDATA[
[[ATTACHMENT|accessibility-Accessibilit-2b89b-al-accessibility-violations-firefox/test-failed-1.png]]

[[ATTACHMENT|accessibility-Accessibilit-2b89b-al-accessibility-violations-firefox/video.webm]]

[[ATTACHMENT|accessibility-Accessibilit-2b89b-al-accessibility-violations-firefox/video-1.webm]]

[[ATTACHMENT|accessibility-Accessibilit-2b89b-al-accessibility-violations-firefox/error-context.md]]
]]>
</system-out>
</testcase>
<testcase name="Accessibility › should have proper heading hierarchy" classname="accessibility.spec.ts" time="3.188">
</testcase>
<testcase name="Accessibility › interactive elements should be keyboard accessible" classname="accessibility.spec.ts" time="3.326">
</testcase>
<testcase name="Accessibility › images should have alt text" classname="accessibility.spec.ts" time="4.148">
</testcase>
<testcase name="Accessibility › form inputs should have labels" classname="accessibility.spec.ts" time="4.014">
</testcase>
<testcase name="Accessibility › color contrast should meet WCAG AA standards" classname="accessibility.spec.ts" time="5.435">
</testcase>
<testcase name="Accessibility › skip links should be present for navigation" classname="accessibility.spec.ts" time="2.8">
</testcase>
</testsuite>
<testsuite name="auth.spec.ts" timestamp="2025-12-08T18:40:51.031Z" hostname="firefox" tests="5" failures="1" skipped="0" time="20.103" errors="0">
<testcase name="Authentication › should display login page" classname="auth.spec.ts" time="7.467">
<failure message="auth.spec.ts:9:3 should display login page" type="FAILURE">
<![CDATA[  [firefox] › auth.spec.ts:9:3 › Authentication › should display login page ────────────────────────

    Error: expect(locator).toBeVisible() failed

    Locator: getByRole('heading', { name: /sign in/i })
    Expected: visible
    Timeout: 5000ms
    Error: element(s) not found

    Call log:
      - Expect "toBeVisible" with timeout 5000ms
      - waiting for getByRole('heading', { name: /sign in/i })


       9 |   test('should display login page', async ({ page }) => {
      10 |     await page.goto('/login');
    > 11 |     await expect(page.getByRole('heading', { name: /sign in/i })).toBeVisible();
         |                                                                   ^
      12 |     await expect(page.getByLabel(/email/i)).toBeVisible();
      13 |     await expect(page.getByLabel(/password/i)).toBeVisible();
      14 |   });
        at /home/ialcantara17/CS490/Project Jibbit/Jibbit_Squad/tests/e2e/auth.spec.ts:11:67

    attachment #1: screenshot (image/png) ──────────────────────────────────────────────────────────
    ../../test-results/auth-Authentication-should-display-login-page-firefox/test-failed-1.png
    ────────────────────────────────────────────────────────────────────────────────────────────────

    attachment #2: video (video/webm) ──────────────────────────────────────────────────────────────
    ../../test-results/auth-Authentication-should-display-login-page-firefox/video.webm
    ────────────────────────────────────────────────────────────────────────────────────────────────

    Error Context: ../../test-results/auth-Authentication-should-display-login-page-firefox/error-context.md
]]>
</failure>
<system-out>
<![CDATA[
[[ATTACHMENT|auth-Authentication-should-display-login-page-firefox/test-failed-1.png]]

[[ATTACHMENT|auth-Authentication-should-display-login-page-firefox/video.webm]]

[[ATTACHMENT|auth-Authentication-should-display-login-page-firefox/error-context.md]]
]]>
</system-out>
</testcase>
<testcase name="Authentication › should display registration page" classname="auth.spec.ts" time="4.156">
</testcase>
<testcase name="Authentication › should show validation errors for empty login" classname="auth.spec.ts" time="2.921">
</testcase>
<testcase name="Authentication › should navigate to forgot password" classname="auth.spec.ts" time="2.741">
</testcase>
<testcase name="Authentication › should redirect unauthenticated users from protected routes" classname="auth.spec.ts" time="2.818">
</testcase>
</testsuite>
<testsuite name="jobs.spec.ts" timestamp="2025-12-08T18:40:51.031Z" hostname="firefox" tests="6" failures="1" skipped="0" time="16.849" errors="0">
<testcase name="Jobs Page › should display landing page" classname="jobs.spec.ts" time="2.842">
</testcase>
<testcase name="Jobs Page › should have navigation links" classname="jobs.spec.ts" time="3.251">
<failure message="jobs.spec.ts:19:3 should have navigation links" type="FAILURE">
<![CDATA[  [firefox] › jobs.spec.ts:19:3 › Jobs Page › should have navigation links ─────────────────────────

    Error: locator.isVisible: Error: strict mode violation: getByRole('link', { name: /sign in|login/i }) resolved to 2 elements:
        1) <a href="/login">…</a> aka getByRole('link', { name: 'Login' })
        2) <a href="/login">…</a> aka getByRole('link', { name: 'Sign In' })

    Call log:
        - checking visibility of getByRole('link', { name: /sign in|login/i })


      23 |     
      24 |     // At least one should be visible
    > 25 |     const hasAuth = await loginLink.isVisible() || await registerLink.isVisible();
         |                                     ^
      26 |     expect(hasAuth).toBeTruthy();
      27 |   });
      28 |
        at /home/ialcantara17/CS490/Project Jibbit/Jibbit_Squad/tests/e2e/jobs.spec.ts:25:37

    attachment #1: screenshot (image/png) ──────────────────────────────────────────────────────────
    ../../test-results/jobs-Jobs-Page-should-have-navigation-links-firefox/test-failed-1.png
    ────────────────────────────────────────────────────────────────────────────────────────────────

    attachment #2: video (video/webm) ──────────────────────────────────────────────────────────────
    ../../test-results/jobs-Jobs-Page-should-have-navigation-links-firefox/video.webm
    ────────────────────────────────────────────────────────────────────────────────────────────────

    Error Context: ../../test-results/jobs-Jobs-Page-should-have-navigation-links-firefox/error-context.md
]]>
</failure>
<system-out>
<![CDATA[
[[ATTACHMENT|jobs-Jobs-Page-should-have-navigation-links-firefox/test-failed-1.png]]

[[ATTACHMENT|jobs-Jobs-Page-should-have-navigation-links-firefox/video.webm]]

[[ATTACHMENT|jobs-Jobs-Page-should-have-navigation-links-firefox/error-context.md]]
]]>
</system-out>
</testcase>
<testcase name="Jobs Page › should navigate to login from landing" classname="jobs.spec.ts" time="3.532">
</testcase>
<testcase name="Job Map (UC-116) › should have job map route" classname="jobs.spec.ts" time="2.449">
</testcase>
<testcase name="Application Optimization (UC-112-115) › should have optimization route" classname="jobs.spec.ts" time="2.354">
</testcase>
<testcase name="Application Optimization (UC-112-115) › should have analytics routes" classname="jobs.spec.ts" time="2.421">
</testcase>
</testsuite>
<testsuite name="accessibility.spec.ts" timestamp="2025-12-08T18:40:51.031Z" hostname="webkit" tests="8" failures="8" skipped="0" time="0.045" errors="0">
<testcase name="Accessibility › landing page should have no critical accessibility violations" classname="accessibility.spec.ts" time="0.005">
<failure message="accessibility.spec.ts:10:3 landing page should have no critical accessibility violations" type="FAILURE">
<![CDATA[  [webkit] › accessibility.spec.ts:10:3 › Accessibility › landing page should have no critical accessibility violations 

    Error: browserType.launch: 
    ╔══════════════════════════════════════════════════════╗
    ║ Host system is missing dependencies to run browsers. ║
    ║ Please install them with the following command:      ║
    ║                                                      ║
    ║     sudo npx playwright install-deps                 ║
    ║                                                      ║
    ║ Alternatively, use apt:                              ║
    ║     sudo apt-get install libicu74\                   ║
    ║         libxml2\                                     ║
    ║         libavif16\                                   ║
    ║         libmanette-0.2-0                             ║
    ║                                                      ║
    ║ <3 Playwright Team                                   ║
    ╚══════════════════════════════════════════════════════╝
]]>
</failure>
</testcase>
<testcase name="Accessibility › login page should have no critical accessibility violations" classname="accessibility.spec.ts" time="0.004">
<failure message="accessibility.spec.ts:25:3 login page should have no critical accessibility violations" type="FAILURE">
<![CDATA[  [webkit] › accessibility.spec.ts:25:3 › Accessibility › login page should have no critical accessibility violations 

    Error: browserType.launch: 
    ╔══════════════════════════════════════════════════════╗
    ║ Host system is missing dependencies to run browsers. ║
    ║ Please install them with the following command:      ║
    ║                                                      ║
    ║     sudo npx playwright install-deps                 ║
    ║                                                      ║
    ║ Alternatively, use apt:                              ║
    ║     sudo apt-get install libicu74\                   ║
    ║         libxml2\                                     ║
    ║         libavif16\                                   ║
    ║         libmanette-0.2-0                             ║
    ║                                                      ║
    ║ <3 Playwright Team                                   ║
    ╚══════════════════════════════════════════════════════╝
]]>
</failure>
</testcase>
<testcase name="Accessibility › should have proper heading hierarchy" classname="accessibility.spec.ts" time="0.005">
<failure message="accessibility.spec.ts:39:3 should have proper heading hierarchy" type="FAILURE">
<![CDATA[  [webkit] › accessibility.spec.ts:39:3 › Accessibility › should have proper heading hierarchy ─────

    Error: browserType.launch: 
    ╔══════════════════════════════════════════════════════╗
    ║ Host system is missing dependencies to run browsers. ║
    ║ Please install them with the following command:      ║
    ║                                                      ║
    ║     sudo npx playwright install-deps                 ║
    ║                                                      ║
    ║ Alternatively, use apt:                              ║
    ║     sudo apt-get install libicu74\                   ║
    ║         libxml2\                                     ║
    ║         libavif16\                                   ║
    ║         libmanette-0.2-0                             ║
    ║                                                      ║
    ║ <3 Playwright Team                                   ║
    ╚══════════════════════════════════════════════════════╝
]]>
</failure>
</testcase>
<testcase name="Accessibility › interactive elements should be keyboard accessible" classname="accessibility.spec.ts" time="0.005">
<failure message="accessibility.spec.ts:46:3 interactive elements should be keyboard accessible" type="FAILURE">
<![CDATA[  [webkit] › accessibility.spec.ts:46:3 › Accessibility › interactive elements should be keyboard accessible 

    Error: browserType.launch: 
    ╔══════════════════════════════════════════════════════╗
    ║ Host system is missing dependencies to run browsers. ║
    ║ Please install them with the following command:      ║
    ║                                                      ║
    ║     sudo npx playwright install-deps                 ║
    ║                                                      ║
    ║ Alternatively, use apt:                              ║
    ║     sudo apt-get install libicu74\                   ║
    ║         libxml2\                                     ║
    ║         libavif16\                                   ║
    ║         libmanette-0.2-0                             ║
    ║                                                      ║
    ║ <3 Playwright Team                                   ║
    ╚══════════════════════════════════════════════════════╝
]]>
</failure>
</testcase>
<testcase name="Accessibility › images should have alt text" classname="accessibility.spec.ts" time="0.005">
<failure message="accessibility.spec.ts:55:3 images should have alt text" type="FAILURE">
<![CDATA[  [webkit] › accessibility.spec.ts:55:3 › Accessibility › images should have alt text ──────────────

    Error: browserType.launch: 
    ╔══════════════════════════════════════════════════════╗
    ║ Host system is missing dependencies to run browsers. ║
    ║ Please install them with the following command:      ║
    ║                                                      ║
    ║     sudo npx playwright install-deps                 ║
    ║                                                      ║
    ║ Alternatively, use apt:                              ║
    ║     sudo apt-get install libicu74\                   ║
    ║         libxml2\                                     ║
    ║         libavif16\                                   ║
    ║         libmanette-0.2-0                             ║
    ║                                                      ║
    ║ <3 Playwright Team                                   ║
    ╚══════════════════════════════════════════════════════╝
]]>
</failure>
</testcase>
<testcase name="Accessibility › form inputs should have labels" classname="accessibility.spec.ts" time="0.004">
<failure message="accessibility.spec.ts:62:3 form inputs should have labels" type="FAILURE">
<![CDATA[  [webkit] › accessibility.spec.ts:62:3 › Accessibility › form inputs should have labels ───────────

    Error: browserType.launch: 
    ╔══════════════════════════════════════════════════════╗
    ║ Host system is missing dependencies to run browsers. ║
    ║ Please install them with the following command:      ║
    ║                                                      ║
    ║     sudo npx playwright install-deps                 ║
    ║                                                      ║
    ║ Alternatively, use apt:                              ║
    ║     sudo apt-get install libicu74\                   ║
    ║         libxml2\                                     ║
    ║         libavif16\                                   ║
    ║         libmanette-0.2-0                             ║
    ║                                                      ║
    ║ <3 Playwright Team                                   ║
    ╚══════════════════════════════════════════════════════╝
]]>
</failure>
</testcase>
<testcase name="Accessibility › color contrast should meet WCAG AA standards" classname="accessibility.spec.ts" time="0.01">
<failure message="accessibility.spec.ts:80:3 color contrast should meet WCAG AA standards" type="FAILURE">
<![CDATA[  [webkit] › accessibility.spec.ts:80:3 › Accessibility › color contrast should meet WCAG AA standards 

    Error: browserType.launch: 
    ╔══════════════════════════════════════════════════════╗
    ║ Host system is missing dependencies to run browsers. ║
    ║ Please install them with the following command:      ║
    ║                                                      ║
    ║     sudo npx playwright install-deps                 ║
    ║                                                      ║
    ║ Alternatively, use apt:                              ║
    ║     sudo apt-get install libicu74\                   ║
    ║         libxml2\                                     ║
    ║         libavif16\                                   ║
    ║         libmanette-0.2-0                             ║
    ║                                                      ║
    ║ <3 Playwright Team                                   ║
    ╚══════════════════════════════════════════════════════╝
]]>
</failure>
</testcase>
<testcase name="Accessibility › skip links should be present for navigation" classname="accessibility.spec.ts" time="0.007">
<failure message="accessibility.spec.ts:94:3 skip links should be present for navigation" type="FAILURE">
<![CDATA[  [webkit] › accessibility.spec.ts:94:3 › Accessibility › skip links should be present for navigation 

    Error: browserType.launch: 
    ╔══════════════════════════════════════════════════════╗
    ║ Host system is missing dependencies to run browsers. ║
    ║ Please install them with the following command:      ║
    ║                                                      ║
    ║     sudo npx playwright install-deps                 ║
    ║                                                      ║
    ║ Alternatively, use apt:                              ║
    ║     sudo apt-get install libicu74\                   ║
    ║         libxml2\                                     ║
    ║         libavif16\                                   ║
    ║         libmanette-0.2-0                             ║
    ║                                                      ║
    ║ <3 Playwright Team                                   ║
    ╚══════════════════════════════════════════════════════╝
]]>
</failure>
</testcase>
</testsuite>
<testsuite name="auth.spec.ts" timestamp="2025-12-08T18:40:51.031Z" hostname="webkit" tests="5" failures="5" skipped="0" time="0.029" errors="0">
<testcase name="Authentication › should display login page" classname="auth.spec.ts" time="0.007">
<failure message="auth.spec.ts:9:3 should display login page" type="FAILURE">
<![CDATA[  [webkit] › auth.spec.ts:9:3 › Authentication › should display login page ─────────────────────────

    Error: browserType.launch: 
    ╔══════════════════════════════════════════════════════╗
    ║ Host system is missing dependencies to run browsers. ║
    ║ Please install them with the following command:      ║
    ║                                                      ║
    ║     sudo npx playwright install-deps                 ║
    ║                                                      ║
    ║ Alternatively, use apt:                              ║
    ║     sudo apt-get install libicu74\                   ║
    ║         libxml2\                                     ║
    ║         libavif16\                                   ║
    ║         libmanette-0.2-0                             ║
    ║                                                      ║
    ║ <3 Playwright Team                                   ║
    ╚══════════════════════════════════════════════════════╝
]]>
</failure>
</testcase>
<testcase name="Authentication › should display registration page" classname="auth.spec.ts" time="0.005">
<failure message="auth.spec.ts:16:3 should display registration page" type="FAILURE">
<![CDATA[  [webkit] › auth.spec.ts:16:3 › Authentication › should display registration page ─────────────────

    Error: browserType.launch: 
    ╔══════════════════════════════════════════════════════╗
    ║ Host system is missing dependencies to run browsers. ║
    ║ Please install them with the following command:      ║
    ║                                                      ║
    ║     sudo npx playwright install-deps                 ║
    ║                                                      ║
    ║ Alternatively, use apt:                              ║
    ║     sudo apt-get install libicu74\                   ║
    ║         libxml2\                                     ║
    ║         libavif16\                                   ║
    ║         libmanette-0.2-0                             ║
    ║                                                      ║
    ║ <3 Playwright Team                                   ║
    ╚══════════════════════════════════════════════════════╝
]]>
</failure>
</testcase>
<testcase name="Authentication › should show validation errors for empty login" classname="auth.spec.ts" time="0.005">
<failure message="auth.spec.ts:21:3 should show validation errors for empty login" type="FAILURE">
<![CDATA[  [webkit] › auth.spec.ts:21:3 › Authentication › should show validation errors for empty login ────

    Error: browserType.launch: 
    ╔══════════════════════════════════════════════════════╗
    ║ Host system is missing dependencies to run browsers. ║
    ║ Please install them with the following command:      ║
    ║                                                      ║
    ║     sudo npx playwright install-deps                 ║
    ║                                                      ║
    ║ Alternatively, use apt:                              ║
    ║     sudo apt-get install libicu74\                   ║
    ║         libxml2\                                     ║
    ║         libavif16\                                   ║
    ║         libmanette-0.2-0                             ║
    ║                                                      ║
    ║ <3 Playwright Team                                   ║
    ╚══════════════════════════════════════════════════════╝
]]>
</failure>
</testcase>
<testcase name="Authentication › should navigate to forgot password" classname="auth.spec.ts" time="0.006">
<failure message="auth.spec.ts:28:3 should navigate to forgot password" type="FAILURE">
<![CDATA[  [webkit] › auth.spec.ts:28:3 › Authentication › should navigate to forgot password ───────────────

    Error: browserType.launch: 
    ╔══════════════════════════════════════════════════════╗
    ║ Host system is missing dependencies to run browsers. ║
    ║ Please install them with the following command:      ║
    ║                                                      ║
    ║     sudo npx playwright install-deps                 ║
    ║                                                      ║
    ║ Alternatively, use apt:                              ║
    ║     sudo apt-get install libicu74\                   ║
    ║         libxml2\                                     ║
    ║         libavif16\                                   ║
    ║         libmanette-0.2-0                             ║
    ║                                                      ║
    ║ <3 Playwright Team                                   ║
    ╚══════════════════════════════════════════════════════╝
]]>
</failure>
</testcase>
<testcase name="Authentication › should redirect unauthenticated users from protected routes" classname="auth.spec.ts" time="0.006">
<failure message="auth.spec.ts:34:3 should redirect unauthenticated users from protected routes" type="FAILURE">
<![CDATA[  [webkit] › auth.spec.ts:34:3 › Authentication › should redirect unauthenticated users from protected routes 

    Error: browserType.launch: 
    ╔══════════════════════════════════════════════════════╗
    ║ Host system is missing dependencies to run browsers. ║
    ║ Please install them with the following command:      ║
    ║                                                      ║
    ║     sudo npx playwright install-deps                 ║
    ║                                                      ║
    ║ Alternatively, use apt:                              ║
    ║     sudo apt-get install libicu74\                   ║
    ║         libxml2\                                     ║
    ║         libavif16\                                   ║
    ║         libmanette-0.2-0                             ║
    ║                                                      ║
    ║ <3 Playwright Team                                   ║
    ╚══════════════════════════════════════════════════════╝
]]>
</failure>
</testcase>
</testsuite>
<testsuite name="jobs.spec.ts" timestamp="2025-12-08T18:40:51.031Z" hostname="webkit" tests="6" failures="6" skipped="0" time="0.042" errors="0">
<testcase name="Jobs Page › should display landing page" classname="jobs.spec.ts" time="0.009">
<failure message="jobs.spec.ts:15:3 should display landing page" type="FAILURE">
<![CDATA[  [webkit] › jobs.spec.ts:15:3 › Jobs Page › should display landing page ───────────────────────────

    Error: browserType.launch: 
    ╔══════════════════════════════════════════════════════╗
    ║ Host system is missing dependencies to run browsers. ║
    ║ Please install them with the following command:      ║
    ║                                                      ║
    ║     sudo npx playwright install-deps                 ║
    ║                                                      ║
    ║ Alternatively, use apt:                              ║
    ║     sudo apt-get install libicu74\                   ║
    ║         libxml2\                                     ║
    ║         libavif16\                                   ║
    ║         libmanette-0.2-0                             ║
    ║                                                      ║
    ║ <3 Playwright Team                                   ║
    ╚══════════════════════════════════════════════════════╝
]]>
</failure>
</testcase>
<testcase name="Jobs Page › should have navigation links" classname="jobs.spec.ts" time="0.006">
<failure message="jobs.spec.ts:19:3 should have navigation links" type="FAILURE">
<![CDATA[  [webkit] › jobs.spec.ts:19:3 › Jobs Page › should have navigation links ──────────────────────────

    Error: browserType.launch: 
    ╔══════════════════════════════════════════════════════╗
    ║ Host system is missing dependencies to run browsers. ║
    ║ Please install them with the following command:      ║
    ║                                                      ║
    ║     sudo npx playwright install-deps                 ║
    ║                                                      ║
    ║ Alternatively, use apt:                              ║
    ║     sudo apt-get install libicu74\                   ║
    ║         libxml2\                                     ║
    ║         libavif16\                                   ║
    ║         libmanette-0.2-0                             ║
    ║                                                      ║
    ║ <3 Playwright Team                                   ║
    ╚══════════════════════════════════════════════════════╝
]]>
</failure>
</testcase>
<testcase name="Jobs Page › should navigate to login from landing" classname="jobs.spec.ts" time="0.006">
<failure message="jobs.spec.ts:29:3 should navigate to login from landing" type="FAILURE">
<![CDATA[  [webkit] › jobs.spec.ts:29:3 › Jobs Page › should navigate to login from landing ─────────────────

    Error: browserType.launch: 
    ╔══════════════════════════════════════════════════════╗
    ║ Host system is missing dependencies to run browsers. ║
    ║ Please install them with the following command:      ║
    ║                                                      ║
    ║     sudo npx playwright install-deps                 ║
    ║                                                      ║
    ║ Alternatively, use apt:                              ║
    ║     sudo apt-get install libicu74\                   ║
    ║         libxml2\                                     ║
    ║         libavif16\                                   ║
    ║         libmanette-0.2-0                             ║
    ║                                                      ║
    ║ <3 Playwright Team                                   ║
    ╚══════════════════════════════════════════════════════╝
]]>
</failure>
</testcase>
<testcase name="Job Map (UC-116) › should have job map route" classname="jobs.spec.ts" time="0.005">
<failure message="jobs.spec.ts:39:3 should have job map route" type="FAILURE">
<![CDATA[  [webkit] › jobs.spec.ts:39:3 › Job Map (UC-116) › should have job map route ──────────────────────

    Error: browserType.launch: 
    ╔══════════════════════════════════════════════════════╗
    ║ Host system is missing dependencies to run browsers. ║
    ║ Please install them with the following command:      ║
    ║                                                      ║
    ║     sudo npx playwright install-deps                 ║
    ║                                                      ║
    ║ Alternatively, use apt:                              ║
    ║     sudo apt-get install libicu74\                   ║
    ║         libxml2\                                     ║
    ║         libavif16\                                   ║
    ║         libmanette-0.2-0                             ║
    ║                                                      ║
    ║ <3 Playwright Team                                   ║
    ╚══════════════════════════════════════════════════════╝
]]>
</failure>
</testcase>
<testcase name="Application Optimization (UC-112-115) › should have optimization route" classname="jobs.spec.ts" time="0.009">
<failure message="jobs.spec.ts:48:3 should have optimization route" type="FAILURE">
<![CDATA[  [webkit] › jobs.spec.ts:48:3 › Application Optimization (UC-112-115) › should have optimization route 

    Error: browserType.launch: 
    ╔══════════════════════════════════════════════════════╗
    ║ Host system is missing dependencies to run browsers. ║
    ║ Please install them with the following command:      ║
    ║                                                      ║
    ║     sudo npx playwright install-deps                 ║
    ║                                                      ║
    ║ Alternatively, use apt:                              ║
    ║     sudo apt-get install libicu74\                   ║
    ║         libxml2\                                     ║
    ║         libavif16\                                   ║
    ║         libmanette-0.2-0                             ║
    ║                                                      ║
    ║ <3 Playwright Team                                   ║
    ╚══════════════════════════════════════════════════════╝
]]>
</failure>
</testcase>
<testcase name="Application Optimization (UC-112-115) › should have analytics routes" classname="jobs.spec.ts" time="0.007">
<failure message="jobs.spec.ts:54:3 should have analytics routes" type="FAILURE">
<![CDATA[  [webkit] › jobs.spec.ts:54:3 › Application Optimization (UC-112-115) › should have analytics routes 

    Error: browserType.launch: 
    ╔══════════════════════════════════════════════════════╗
    ║ Host system is missing dependencies to run browsers. ║
    ║ Please install them with the following command:      ║
    ║                                                      ║
    ║     sudo npx playwright install-deps                 ║
    ║                                                      ║
    ║ Alternatively, use apt:                              ║
    ║     sudo apt-get install libicu74\                   ║
    ║         libxml2\                                     ║
    ║         libavif16\                                   ║
    ║         libmanette-0.2-0                             ║
    ║                                                      ║
    ║ <3 Playwright Team                                   ║
    ╚══════════════════════════════════════════════════════╝
]]>
</failure>
</testcase>
</testsuite>
<testsuite name="accessibility.spec.ts" timestamp="2025-12-08T18:40:51.031Z" hostname="Mobile Chrome" tests="8" failures="2" skipped="0" time="21.095" errors="0">
<testcase name="Accessibility › landing page should have no critical accessibility violations" classname="accessibility.spec.ts" time="3.471">
<failure message="accessibility.spec.ts:10:3 landing page should have no critical accessibility violations" type="FAILURE">
<![CDATA[  [Mobile Chrome] › accessibility.spec.ts:10:3 › Accessibility › landing page should have no critical accessibility violations 

    Error: expect(received).toHaveLength(expected)

    Expected length: 0
    Received length: 1
    Received array:  [{"description": "Ensure the contrast between foreground and background colors meets WCAG 2 AA minimum contrast ratio thresholds", "help": "Elements must meet minimum color contrast ratio thresholds", "helpUrl": "https://dequeuniversity.com/rules/axe/4.11/color-contrast?application=playwright", "id": "color-contrast", "impact": "serious", "nodes": [{"all": [], "any": [{"data": {"bgColor": "#0da2e7", "contrastRatio": 2.86, "expectedContrastRatio": "4.5:1", "fgColor": "#ffffff", "fontSize": "10.5pt (14px)", "fontWeight": "normal", "messageKey": null}, "id": "color-contrast", "impact": "serious", "message": "Element has insufficient color contrast of 2.86 (foreground color: #ffffff, background color: #0da2e7, font size: 10.5pt (14px), font weight: normal). Expected contrast ratio of 4.5:1", "relatedNodes": [{"html": "<button class=\"inline-flex items-ce...\">", "target": [".space-x-4 > a[href$=\"register\"] > .bg-primary.text-primary-foreground.hover\\:bg-primary\\/90"]}]}], "failureSummary": "Fix any of the following:
      Element has insufficient color contrast of 2.86 (foreground color: #ffffff, background color: #0da2e7, font size: 10.5pt (14px), font weight: normal). Expected contrast ratio of 4.5:1", "html": "<button class=\"inline-flex items-ce...\">", "impact": "serious", "none": [], "target": [".space-x-4 > a[href$=\"register\"] > .bg-primary.text-primary-foreground.hover\\:bg-primary\\/90"]}, {"all": [], "any": [{"data": {"bgColor": "#0da2e7", "contrastRatio": 2.86, "expectedContrastRatio": "4.5:1", "fgColor": "#ffffff", "fontSize": "10.5pt (14px)", "fontWeight": "normal", "messageKey": null}, "id": "color-contrast", "impact": "serious", "message": "Element has insufficient color contrast of 2.86 (foreground color: #ffffff, background color: #0da2e7, font size: 10.5pt (14px), font weight: normal). Expected contrast ratio of 4.5:1", "relatedNodes": [{"html": "<button class=\"inline-flex items-ce...\">", "target": [".group"]}]}], "failureSummary": "Fix any of the following:
      Element has insufficient color contrast of 2.86 (foreground color: #ffffff, background color: #0da2e7, font size: 10.5pt (14px), font weight: normal). Expected contrast ratio of 4.5:1", "html": "<button class=\"inline-flex items-ce...\">", "impact": "serious", "none": [], "target": [".group"]}, {"all": [], "any": [{"data": {"bgColor": "#f9fafb", "contrastRatio": 4.33, "expectedContrastRatio": "4.5:1", "fgColor": "#627a84", "fontSize": "13.5pt (18px)", "fontWeight": "normal", "messageKey": null}, "id": "color-contrast", "impact": "serious", "message": "Element has insufficient color contrast of 4.33 (foreground color: #627a84, background color: #f9fafb, font size: 13.5pt (18px), font weight: normal). Expected contrast ratio of 4.5:1", "relatedNodes": [{"html": "<section class=\"bg-muted/50 py-20\">", "target": [".bg-muted\\/50"]}, {"html": "<body>", "target": ["body"]}]}], "failureSummary": "Fix any of the following:
      Element has insufficient color contrast of 4.33 (foreground color: #627a84, background color: #f9fafb, font size: 13.5pt (18px), font weight: normal). Expected contrast ratio of 4.5:1", "html": "<p class=\"text-lg text-muted-foreground\">Powerful features to showcase your professional journey</p>", "impact": "serious", "none": [], "target": [".text-lg"]}], "tags": ["cat.color", "wcag2aa", "wcag143", "TTv5", "TT13.c", "EN-301-549", "EN-9.1.4.3", "ACT", "RGAAv4", "RGAA-3.2.1"]}]

      20 |     );
      21 |
    > 22 |     expect(criticalViolations).toHaveLength(0);
         |                                ^
      23 |   });
      24 |
      25 |   test('login page should have no critical accessibility violations', async ({ page }) => {
        at /home/ialcantara17/CS490/Project Jibbit/Jibbit_Squad/tests/e2e/accessibility.spec.ts:22:32

    attachment #1: screenshot (image/png) ──────────────────────────────────────────────────────────
    ../../test-results/accessibility-Accessibilit-7f4ef-al-accessibility-violations-Mobile-Chrome/test-failed-1.png
    ────────────────────────────────────────────────────────────────────────────────────────────────

    attachment #2: video (video/webm) ──────────────────────────────────────────────────────────────
    ../../test-results/accessibility-Accessibilit-7f4ef-al-accessibility-violations-Mobile-Chrome/video.webm
    ────────────────────────────────────────────────────────────────────────────────────────────────

    attachment #3: video (video/webm) ──────────────────────────────────────────────────────────────
    ../../test-results/accessibility-Accessibilit-7f4ef-al-accessibility-violations-Mobile-Chrome/video-1.webm
    ────────────────────────────────────────────────────────────────────────────────────────────────

    Error Context: ../../test-results/accessibility-Accessibilit-7f4ef-al-accessibility-violations-Mobile-Chrome/error-context.md
]]>
</failure>
<system-out>
<![CDATA[
[[ATTACHMENT|accessibility-Accessibilit-7f4ef-al-accessibility-violations-Mobile-Chrome/test-failed-1.png]]

[[ATTACHMENT|accessibility-Accessibilit-7f4ef-al-accessibility-violations-Mobile-Chrome/video.webm]]

[[ATTACHMENT|accessibility-Accessibilit-7f4ef-al-accessibility-violations-Mobile-Chrome/video-1.webm]]

[[ATTACHMENT|accessibility-Accessibilit-7f4ef-al-accessibility-violations-Mobile-Chrome/error-context.md]]
]]>
</system-out>
</testcase>
<testcase name="Accessibility › login page should have no critical accessibility violations" classname="accessibility.spec.ts" time="3.795">
<failure message="accessibility.spec.ts:25:3 login page should have no critical accessibility violations" type="FAILURE">
<![CDATA[  [Mobile Chrome] › accessibility.spec.ts:25:3 › Accessibility › login page should have no critical accessibility violations 

    Error: expect(received).toHaveLength(expected)

    Expected length: 0
    Received length: 2
    Received array:  [{"description": "Ensure buttons have discernible text", "help": "Buttons must have discernible text", "helpUrl": "https://dequeuniversity.com/rules/axe/4.11/button-name?application=playwright", "id": "button-name", "impact": "critical", "nodes": [{"all": [], "any": [[Object], [Object], [Object], [Object], [Object], [Object], [Object]], "failureSummary": "Fix any of the following:
      Element does not have inner text that is visible to screen readers
      aria-label attribute does not exist or is empty
      aria-labelledby attribute does not exist, references elements that do not exist or references elements that are empty
      Element has no title attribute
      Element does not have an implicit (wrapped) <label>
      Element does not have an explicit <label>
      Element's default semantics were not overridden with role=\"none\" or role=\"presentation\"", "html": "<button class=\"inline-flex items-ce...\" type=\"button\">", "impact": "critical", "none": [], "target": [".grid-cols-3 > .px-4.border-input[type=\"button\"]:nth-child(1)"]}, {"all": [], "any": [[Object], [Object], [Object], [Object], [Object], [Object], [Object]], "failureSummary": "Fix any of the following:
      Element does not have inner text that is visible to screen readers
      aria-label attribute does not exist or is empty
      aria-labelledby attribute does not exist, references elements that do not exist or references elements that are empty
      Element has no title attribute
      Element does not have an implicit (wrapped) <label>
      Element does not have an explicit <label>
      Element's default semantics were not overridden with role=\"none\" or role=\"presentation\"", "html": "<button class=\"inline-flex items-ce...\" type=\"button\">", "impact": "critical", "none": [], "target": [".grid-cols-3 > .px-4.border-input[type=\"button\"]:nth-child(2)"]}, {"all": [], "any": [[Object], [Object], [Object], [Object], [Object], [Object], [Object]], "failureSummary": "Fix any of the following:
      Element does not have inner text that is visible to screen readers
      aria-label attribute does not exist or is empty
      aria-labelledby attribute does not exist, references elements that do not exist or references elements that are empty
      Element has no title attribute
      Element does not have an implicit (wrapped) <label>
      Element does not have an explicit <label>
      Element's default semantics were not overridden with role=\"none\" or role=\"presentation\"", "html": "<button class=\"inline-flex items-ce...\" type=\"button\">", "impact": "critical", "none": [], "target": [".px-4.border-input[type=\"button\"]:nth-child(3)"]}], "tags": ["cat.name-role-value", "wcag2a", "wcag412", "section508", "section508.22.a", "TTv5", "TT6.a", "EN-301-549", "EN-9.4.1.2", "ACT", …]}, {"description": "Ensure the contrast between foreground and background colors meets WCAG 2 AA minimum contrast ratio thresholds", "help": "Elements must meet minimum color contrast ratio thresholds", "helpUrl": "https://dequeuniversity.com/rules/axe/4.11/color-contrast?application=playwright", "id": "color-contrast", "impact": "serious", "nodes": [{"all": [], "any": [[Object]], "failureSummary": "Fix any of the following:
      Element has insufficient color contrast of 2.86 (foreground color: #ffffff, background color: #0da2e7, font size: 10.5pt (14px), font weight: normal). Expected contrast ratio of 4.5:1", "html": "<button class=\"inline-flex items-ce...\">", "impact": "serious", "none": [], "target": ["a[href$=\"register\"] > .bg-primary.text-primary-foreground.hover\\:bg-primary\\/90"]}, {"all": [], "any": [[Object]], "failureSummary": "Fix any of the following:
      Element has insufficient color contrast of 2.86 (foreground color: #0da2e7, background color: #ffffff, font size: 10.5pt (14px), font weight: normal). Expected contrast ratio of 4.5:1", "html": "<a class=\"text-sm text-primary hover:underline\" href=\"/forgot-password\">Forgot password?</a>", "impact": "serious", "none": [], "target": ["a[href$=\"forgot-password\"]"]}, {"all": [], "any": [[Object]], "failureSummary": "Fix any of the following:
      Element has insufficient color contrast of 2.86 (foreground color: #ffffff, background color: #0da2e7, font size: 10.5pt (14px), font weight: normal). Expected contrast ratio of 4.5:1", "html": "<button class=\"inline-flex items-ce...\" type=\"submit\">", "impact": "serious", "none": [], "target": ["button[type=\"submit\"]"]}, {"all": [], "any": [[Object]], "failureSummary": "Fix any of the following:
      Element has insufficient color contrast of 2.86 (foreground color: #0da2e7, background color: #ffffff, font size: 10.5pt (14px), font weight: normal). Expected contrast ratio of 4.5:1", "html": "<a class=\"text-primary hover:underline font-medium\" href=\"/register\">Sign up</a>", "impact": "serious", "none": [], "target": [".text-primary.hover\\:underline[href$=\"register\"]"]}], "tags": ["cat.color", "wcag2aa", "wcag143", "TTv5", "TT13.c", "EN-301-549", "EN-9.1.4.3", "ACT", "RGAAv4", "RGAA-3.2.1"]}]

      34 |     );
      35 |
    > 36 |     expect(criticalViolations).toHaveLength(0);
         |                                ^
      37 |   });
      38 |
      39 |   test('should have proper heading hierarchy', async ({ page }) => {
        at /home/ialcantara17/CS490/Project Jibbit/Jibbit_Squad/tests/e2e/accessibility.spec.ts:36:32

    attachment #1: screenshot (image/png) ──────────────────────────────────────────────────────────
    ../../test-results/accessibility-Accessibilit-2b89b-al-accessibility-violations-Mobile-Chrome/test-failed-1.png
    ────────────────────────────────────────────────────────────────────────────────────────────────

    attachment #2: video (video/webm) ──────────────────────────────────────────────────────────────
    ../../test-results/accessibility-Accessibilit-2b89b-al-accessibility-violations-Mobile-Chrome/video.webm
    ────────────────────────────────────────────────────────────────────────────────────────────────

    attachment #3: video (video/webm) ──────────────────────────────────────────────────────────────
    ../../test-results/accessibility-Accessibilit-2b89b-al-accessibility-violations-Mobile-Chrome/video-1.webm
    ────────────────────────────────────────────────────────────────────────────────────────────────

    Error Context: ../../test-results/accessibility-Accessibilit-2b89b-al-accessibility-violations-Mobile-Chrome/error-context.md
]]>
</failure>
<system-out>
<![CDATA[
[[ATTACHMENT|accessibility-Accessibilit-2b89b-al-accessibility-violations-Mobile-Chrome/test-failed-1.png]]

[[ATTACHMENT|accessibility-Accessibilit-2b89b-al-accessibility-violations-Mobile-Chrome/video.webm]]

[[ATTACHMENT|accessibility-Accessibilit-2b89b-al-accessibility-violations-Mobile-Chrome/video-1.webm]]

[[ATTACHMENT|accessibility-Accessibilit-2b89b-al-accessibility-violations-Mobile-Chrome/error-context.md]]
]]>
</system-out>
</testcase>
<testcase name="Accessibility › should have proper heading hierarchy" classname="accessibility.spec.ts" time="2.372">
</testcase>
<testcase name="Accessibility › interactive elements should be keyboard accessible" classname="accessibility.spec.ts" time="2.267">
</testcase>
<testcase name="Accessibility › images should have alt text" classname="accessibility.spec.ts" time="2.308">
</testcase>
<testcase name="Accessibility › form inputs should have labels" classname="accessibility.spec.ts" time="2.187">
</testcase>
<testcase name="Accessibility › color contrast should meet WCAG AA standards" classname="accessibility.spec.ts" time="2.776">
</testcase>
<testcase name="Accessibility › skip links should be present for navigation" classname="accessibility.spec.ts" time="1.919">
</testcase>
</testsuite>
<testsuite name="auth.spec.ts" timestamp="2025-12-08T18:40:51.031Z" hostname="Mobile Chrome" tests="5" failures="1" skipped="0" time="15.058" errors="0">
<testcase name="Authentication › should display login page" classname="auth.spec.ts" time="6.878">
<failure message="auth.spec.ts:9:3 should display login page" type="FAILURE">
<![CDATA[  [Mobile Chrome] › auth.spec.ts:9:3 › Authentication › should display login page ──────────────────

    Error: expect(locator).toBeVisible() failed

    Locator: getByRole('heading', { name: /sign in/i })
    Expected: visible
    Timeout: 5000ms
    Error: element(s) not found

    Call log:
      - Expect "toBeVisible" with timeout 5000ms
      - waiting for getByRole('heading', { name: /sign in/i })


       9 |   test('should display login page', async ({ page }) => {
      10 |     await page.goto('/login');
    > 11 |     await expect(page.getByRole('heading', { name: /sign in/i })).toBeVisible();
         |                                                                   ^
      12 |     await expect(page.getByLabel(/email/i)).toBeVisible();
      13 |     await expect(page.getByLabel(/password/i)).toBeVisible();
      14 |   });
        at /home/ialcantara17/CS490/Project Jibbit/Jibbit_Squad/tests/e2e/auth.spec.ts:11:67

    attachment #1: screenshot (image/png) ──────────────────────────────────────────────────────────
    ../../test-results/auth-Authentication-should-display-login-page-Mobile-Chrome/test-failed-1.png
    ────────────────────────────────────────────────────────────────────────────────────────────────

    attachment #2: video (video/webm) ──────────────────────────────────────────────────────────────
    ../../test-results/auth-Authentication-should-display-login-page-Mobile-Chrome/video.webm
    ────────────────────────────────────────────────────────────────────────────────────────────────

    Error Context: ../../test-results/auth-Authentication-should-display-login-page-Mobile-Chrome/error-context.md
]]>
</failure>
<system-out>
<![CDATA[
[[ATTACHMENT|auth-Authentication-should-display-login-page-Mobile-Chrome/test-failed-1.png]]

[[ATTACHMENT|auth-Authentication-should-display-login-page-Mobile-Chrome/video.webm]]

[[ATTACHMENT|auth-Authentication-should-display-login-page-Mobile-Chrome/error-context.md]]
]]>
</system-out>
</testcase>
<testcase name="Authentication › should display registration page" classname="auth.spec.ts" time="1.838">
</testcase>
<testcase name="Authentication › should show validation errors for empty login" classname="auth.spec.ts" time="2.06">
</testcase>
<testcase name="Authentication › should navigate to forgot password" classname="auth.spec.ts" time="2.265">
</testcase>
<testcase name="Authentication › should redirect unauthenticated users from protected routes" classname="auth.spec.ts" time="2.017">
</testcase>
</testsuite>
<testsuite name="jobs.spec.ts" timestamp="2025-12-08T18:40:51.031Z" hostname="Mobile Chrome" tests="6" failures="1" skipped="0" time="11.03" errors="0">
<testcase name="Jobs Page › should display landing page" classname="jobs.spec.ts" time="1.887">
</testcase>
<testcase name="Jobs Page › should have navigation links" classname="jobs.spec.ts" time="1.941">
<failure message="jobs.spec.ts:19:3 should have navigation links" type="FAILURE">
<![CDATA[  [Mobile Chrome] › jobs.spec.ts:19:3 › Jobs Page › should have navigation links ───────────────────

    Error: locator.isVisible: Error: strict mode violation: getByRole('link', { name: /sign in|login/i }) resolved to 2 elements:
        1) <a href="/login">…</a> aka getByRole('link', { name: 'Login' })
        2) <a href="/login">…</a> aka getByRole('link', { name: 'Sign In' })

    Call log:
        - checking visibility of getByRole('link', { name: /sign in|login/i })


      23 |     
      24 |     // At least one should be visible
    > 25 |     const hasAuth = await loginLink.isVisible() || await registerLink.isVisible();
         |                                     ^
      26 |     expect(hasAuth).toBeTruthy();
      27 |   });
      28 |
        at /home/ialcantara17/CS490/Project Jibbit/Jibbit_Squad/tests/e2e/jobs.spec.ts:25:37

    attachment #1: screenshot (image/png) ──────────────────────────────────────────────────────────
    ../../test-results/jobs-Jobs-Page-should-have-navigation-links-Mobile-Chrome/test-failed-1.png
    ────────────────────────────────────────────────────────────────────────────────────────────────

    attachment #2: video (video/webm) ──────────────────────────────────────────────────────────────
    ../../test-results/jobs-Jobs-Page-should-have-navigation-links-Mobile-Chrome/video.webm
    ────────────────────────────────────────────────────────────────────────────────────────────────

    Error Context: ../../test-results/jobs-Jobs-Page-should-have-navigation-links-Mobile-Chrome/error-context.md
]]>
</failure>
<system-out>
<![CDATA[
[[ATTACHMENT|jobs-Jobs-Page-should-have-navigation-links-Mobile-Chrome/test-failed-1.png]]

[[ATTACHMENT|jobs-Jobs-Page-should-have-navigation-links-Mobile-Chrome/video.webm]]

[[ATTACHMENT|jobs-Jobs-Page-should-have-navigation-links-Mobile-Chrome/error-context.md]]
]]>
</system-out>
</testcase>
<testcase name="Jobs Page › should navigate to login from landing" classname="jobs.spec.ts" time="1.997">
</testcase>
<testcase name="Job Map (UC-116) › should have job map route" classname="jobs.spec.ts" time="1.784">
</testcase>
<testcase name="Application Optimization (UC-112-115) › should have optimization route" classname="jobs.spec.ts" time="1.737">
</testcase>
<testcase name="Application Optimization (UC-112-115) › should have analytics routes" classname="jobs.spec.ts" time="1.684">
</testcase>
</testsuite>
<testsuite name="accessibility.spec.ts" timestamp="2025-12-08T18:40:51.031Z" hostname="Mobile Safari" tests="8" failures="8" skipped="0" time="0.05" errors="0">
<testcase name="Accessibility › landing page should have no critical accessibility violations" classname="accessibility.spec.ts" time="0.005">
<failure message="accessibility.spec.ts:10:3 landing page should have no critical accessibility violations" type="FAILURE">
<![CDATA[  [Mobile Safari] › accessibility.spec.ts:10:3 › Accessibility › landing page should have no critical accessibility violations 

    Error: browserType.launch: 
    ╔══════════════════════════════════════════════════════╗
    ║ Host system is missing dependencies to run browsers. ║
    ║ Please install them with the following command:      ║
    ║                                                      ║
    ║     sudo npx playwright install-deps                 ║
    ║                                                      ║
    ║ Alternatively, use apt:                              ║
    ║     sudo apt-get install libicu74\                   ║
    ║         libxml2\                                     ║
    ║         libavif16\                                   ║
    ║         libmanette-0.2-0                             ║
    ║                                                      ║
    ║ <3 Playwright Team                                   ║
    ╚══════════════════════════════════════════════════════╝
]]>
</failure>
</testcase>
<testcase name="Accessibility › login page should have no critical accessibility violations" classname="accessibility.spec.ts" time="0.005">
<failure message="accessibility.spec.ts:25:3 login page should have no critical accessibility violations" type="FAILURE">
<![CDATA[  [Mobile Safari] › accessibility.spec.ts:25:3 › Accessibility › login page should have no critical accessibility violations 

    Error: browserType.launch: 
    ╔══════════════════════════════════════════════════════╗
    ║ Host system is missing dependencies to run browsers. ║
    ║ Please install them with the following command:      ║
    ║                                                      ║
    ║     sudo npx playwright install-deps                 ║
    ║                                                      ║
    ║ Alternatively, use apt:                              ║
    ║     sudo apt-get install libicu74\                   ║
    ║         libxml2\                                     ║
    ║         libavif16\                                   ║
    ║         libmanette-0.2-0                             ║
    ║                                                      ║
    ║ <3 Playwright Team                                   ║
    ╚══════════════════════════════════════════════════════╝
]]>
</failure>
</testcase>
<testcase name="Accessibility › should have proper heading hierarchy" classname="accessibility.spec.ts" time="0.004">
<failure message="accessibility.spec.ts:39:3 should have proper heading hierarchy" type="FAILURE">
<![CDATA[  [Mobile Safari] › accessibility.spec.ts:39:3 › Accessibility › should have proper heading hierarchy 

    Error: browserType.launch: 
    ╔══════════════════════════════════════════════════════╗
    ║ Host system is missing dependencies to run browsers. ║
    ║ Please install them with the following command:      ║
    ║                                                      ║
    ║     sudo npx playwright install-deps                 ║
    ║                                                      ║
    ║ Alternatively, use apt:                              ║
    ║     sudo apt-get install libicu74\                   ║
    ║         libxml2\                                     ║
    ║         libavif16\                                   ║
    ║         libmanette-0.2-0                             ║
    ║                                                      ║
    ║ <3 Playwright Team                                   ║
    ╚══════════════════════════════════════════════════════╝
]]>
</failure>
</testcase>
<testcase name="Accessibility › interactive elements should be keyboard accessible" classname="accessibility.spec.ts" time="0.01">
<failure message="accessibility.spec.ts:46:3 interactive elements should be keyboard accessible" type="FAILURE">
<![CDATA[  [Mobile Safari] › accessibility.spec.ts:46:3 › Accessibility › interactive elements should be keyboard accessible 

    Error: browserType.launch: 
    ╔══════════════════════════════════════════════════════╗
    ║ Host system is missing dependencies to run browsers. ║
    ║ Please install them with the following command:      ║
    ║                                                      ║
    ║     sudo npx playwright install-deps                 ║
    ║                                                      ║
    ║ Alternatively, use apt:                              ║
    ║     sudo apt-get install libicu74\                   ║
    ║         libxml2\                                     ║
    ║         libavif16\                                   ║
    ║         libmanette-0.2-0                             ║
    ║                                                      ║
    ║ <3 Playwright Team                                   ║
    ╚══════════════════════════════════════════════════════╝
]]>
</failure>
</testcase>
<testcase name="Accessibility › images should have alt text" classname="accessibility.spec.ts" time="0.007">
<failure message="accessibility.spec.ts:55:3 images should have alt text" type="FAILURE">
<![CDATA[  [Mobile Safari] › accessibility.spec.ts:55:3 › Accessibility › images should have alt text ───────

    Error: browserType.launch: 
    ╔══════════════════════════════════════════════════════╗
    ║ Host system is missing dependencies to run browsers. ║
    ║ Please install them with the following command:      ║
    ║                                                      ║
    ║     sudo npx playwright install-deps                 ║
    ║                                                      ║
    ║ Alternatively, use apt:                              ║
    ║     sudo apt-get install libicu74\                   ║
    ║         libxml2\                                     ║
    ║         libavif16\                                   ║
    ║         libmanette-0.2-0                             ║
    ║                                                      ║
    ║ <3 Playwright Team                                   ║
    ╚══════════════════════════════════════════════════════╝
]]>
</failure>
</testcase>
<testcase name="Accessibility › form inputs should have labels" classname="accessibility.spec.ts" time="0.005">
<failure message="accessibility.spec.ts:62:3 form inputs should have labels" type="FAILURE">
<![CDATA[  [Mobile Safari] › accessibility.spec.ts:62:3 › Accessibility › form inputs should have labels ────

    Error: browserType.launch: 
    ╔══════════════════════════════════════════════════════╗
    ║ Host system is missing dependencies to run browsers. ║
    ║ Please install them with the following command:      ║
    ║                                                      ║
    ║     sudo npx playwright install-deps                 ║
    ║                                                      ║
    ║ Alternatively, use apt:                              ║
    ║     sudo apt-get install libicu74\                   ║
    ║         libxml2\                                     ║
    ║         libavif16\                                   ║
    ║         libmanette-0.2-0                             ║
    ║                                                      ║
    ║ <3 Playwright Team                                   ║
    ╚══════════════════════════════════════════════════════╝
]]>
</failure>
</testcase>
<testcase name="Accessibility › color contrast should meet WCAG AA standards" classname="accessibility.spec.ts" time="0.005">
<failure message="accessibility.spec.ts:80:3 color contrast should meet WCAG AA standards" type="FAILURE">
<![CDATA[  [Mobile Safari] › accessibility.spec.ts:80:3 › Accessibility › color contrast should meet WCAG AA standards 

    Error: browserType.launch: 
    ╔══════════════════════════════════════════════════════╗
    ║ Host system is missing dependencies to run browsers. ║
    ║ Please install them with the following command:      ║
    ║                                                      ║
    ║     sudo npx playwright install-deps                 ║
    ║                                                      ║
    ║ Alternatively, use apt:                              ║
    ║     sudo apt-get install libicu74\                   ║
    ║         libxml2\                                     ║
    ║         libavif16\                                   ║
    ║         libmanette-0.2-0                             ║
    ║                                                      ║
    ║ <3 Playwright Team                                   ║
    ╚══════════════════════════════════════════════════════╝
]]>
</failure>
</testcase>
<testcase name="Accessibility › skip links should be present for navigation" classname="accessibility.spec.ts" time="0.009">
<failure message="accessibility.spec.ts:94:3 skip links should be present for navigation" type="FAILURE">
<![CDATA[  [Mobile Safari] › accessibility.spec.ts:94:3 › Accessibility › skip links should be present for navigation 

    Error: browserType.launch: 
    ╔══════════════════════════════════════════════════════╗
    ║ Host system is missing dependencies to run browsers. ║
    ║ Please install them with the following command:      ║
    ║                                                      ║
    ║     sudo npx playwright install-deps                 ║
    ║                                                      ║
    ║ Alternatively, use apt:                              ║
    ║     sudo apt-get install libicu74\                   ║
    ║         libxml2\                                     ║
    ║         libavif16\                                   ║
    ║         libmanette-0.2-0                             ║
    ║                                                      ║
    ║ <3 Playwright Team                                   ║
    ╚══════════════════════════════════════════════════════╝
]]>
</failure>
</testcase>
</testsuite>
<testsuite name="auth.spec.ts" timestamp="2025-12-08T18:40:51.031Z" hostname="Mobile Safari" tests="5" failures="5" skipped="0" time="0.037" errors="0">
<testcase name="Authentication › should display login page" classname="auth.spec.ts" time="0.008">
<failure message="auth.spec.ts:9:3 should display login page" type="FAILURE">
<![CDATA[  [Mobile Safari] › auth.spec.ts:9:3 › Authentication › should display login page ──────────────────

    Error: browserType.launch: 
    ╔══════════════════════════════════════════════════════╗
    ║ Host system is missing dependencies to run browsers. ║
    ║ Please install them with the following command:      ║
    ║                                                      ║
    ║     sudo npx playwright install-deps                 ║
    ║                                                      ║
    ║ Alternatively, use apt:                              ║
    ║     sudo apt-get install libicu74\                   ║
    ║         libxml2\                                     ║
    ║         libavif16\                                   ║
    ║         libmanette-0.2-0                             ║
    ║                                                      ║
    ║ <3 Playwright Team                                   ║
    ╚══════════════════════════════════════════════════════╝
]]>
</failure>
</testcase>
<testcase name="Authentication › should display registration page" classname="auth.spec.ts" time="0.006">
<failure message="auth.spec.ts:16:3 should display registration page" type="FAILURE">
<![CDATA[  [Mobile Safari] › auth.spec.ts:16:3 › Authentication › should display registration page ──────────

    Error: browserType.launch: 
    ╔══════════════════════════════════════════════════════╗
    ║ Host system is missing dependencies to run browsers. ║
    ║ Please install them with the following command:      ║
    ║                                                      ║
    ║     sudo npx playwright install-deps                 ║
    ║                                                      ║
    ║ Alternatively, use apt:                              ║
    ║     sudo apt-get install libicu74\                   ║
    ║         libxml2\                                     ║
    ║         libavif16\                                   ║
    ║         libmanette-0.2-0                             ║
    ║                                                      ║
    ║ <3 Playwright Team                                   ║
    ╚══════════════════════════════════════════════════════╝
]]>
</failure>
</testcase>
<testcase name="Authentication › should show validation errors for empty login" classname="auth.spec.ts" time="0.01">
<failure message="auth.spec.ts:21:3 should show validation errors for empty login" type="FAILURE">
<![CDATA[  [Mobile Safari] › auth.spec.ts:21:3 › Authentication › should show validation errors for empty login 

    Error: browserType.launch: 
    ╔══════════════════════════════════════════════════════╗
    ║ Host system is missing dependencies to run browsers. ║
    ║ Please install them with the following command:      ║
    ║                                                      ║
    ║     sudo npx playwright install-deps                 ║
    ║                                                      ║
    ║ Alternatively, use apt:                              ║
    ║     sudo apt-get install libicu74\                   ║
    ║         libxml2\                                     ║
    ║         libavif16\                                   ║
    ║         libmanette-0.2-0                             ║
    ║                                                      ║
    ║ <3 Playwright Team                                   ║
    ╚══════════════════════════════════════════════════════╝
]]>
</failure>
</testcase>
<testcase name="Authentication › should navigate to forgot password" classname="auth.spec.ts" time="0.008">
<failure message="auth.spec.ts:28:3 should navigate to forgot password" type="FAILURE">
<![CDATA[  [Mobile Safari] › auth.spec.ts:28:3 › Authentication › should navigate to forgot password ────────

    Error: browserType.launch: 
    ╔══════════════════════════════════════════════════════╗
    ║ Host system is missing dependencies to run browsers. ║
    ║ Please install them with the following command:      ║
    ║                                                      ║
    ║     sudo npx playwright install-deps                 ║
    ║                                                      ║
    ║ Alternatively, use apt:                              ║
    ║     sudo apt-get install libicu74\                   ║
    ║         libxml2\                                     ║
    ║         libavif16\                                   ║
    ║         libmanette-0.2-0                             ║
    ║                                                      ║
    ║ <3 Playwright Team                                   ║
    ╚══════════════════════════════════════════════════════╝
]]>
</failure>
</testcase>
<testcase name="Authentication › should redirect unauthenticated users from protected routes" classname="auth.spec.ts" time="0.005">
<failure message="auth.spec.ts:34:3 should redirect unauthenticated users from protected routes" type="FAILURE">
<![CDATA[  [Mobile Safari] › auth.spec.ts:34:3 › Authentication › should redirect unauthenticated users from protected routes 

    Error: browserType.launch: 
    ╔══════════════════════════════════════════════════════╗
    ║ Host system is missing dependencies to run browsers. ║
    ║ Please install them with the following command:      ║
    ║                                                      ║
    ║     sudo npx playwright install-deps                 ║
    ║                                                      ║
    ║ Alternatively, use apt:                              ║
    ║     sudo apt-get install libicu74\                   ║
    ║         libxml2\                                     ║
    ║         libavif16\                                   ║
    ║         libmanette-0.2-0                             ║
    ║                                                      ║
    ║ <3 Playwright Team                                   ║
    ╚══════════════════════════════════════════════════════╝
]]>
</failure>
</testcase>
</testsuite>
<testsuite name="jobs.spec.ts" timestamp="2025-12-08T18:40:51.031Z" hostname="Mobile Safari" tests="6" failures="6" skipped="0" time="0.059" errors="0">
<testcase name="Jobs Page › should display landing page" classname="jobs.spec.ts" time="0.008">
<failure message="jobs.spec.ts:15:3 should display landing page" type="FAILURE">
<![CDATA[  [Mobile Safari] › jobs.spec.ts:15:3 › Jobs Page › should display landing page ────────────────────

    Error: browserType.launch: 
    ╔══════════════════════════════════════════════════════╗
    ║ Host system is missing dependencies to run browsers. ║
    ║ Please install them with the following command:      ║
    ║                                                      ║
    ║     sudo npx playwright install-deps                 ║
    ║                                                      ║
    ║ Alternatively, use apt:                              ║
    ║     sudo apt-get install libicu74\                   ║
    ║         libxml2\                                     ║
    ║         libavif16\                                   ║
    ║         libmanette-0.2-0                             ║
    ║                                                      ║
    ║ <3 Playwright Team                                   ║
    ╚══════════════════════════════════════════════════════╝
]]>
</failure>
</testcase>
<testcase name="Jobs Page › should have navigation links" classname="jobs.spec.ts" time="0.011">
<failure message="jobs.spec.ts:19:3 should have navigation links" type="FAILURE">
<![CDATA[  [Mobile Safari] › jobs.spec.ts:19:3 › Jobs Page › should have navigation links ───────────────────

    Error: browserType.launch: 
    ╔══════════════════════════════════════════════════════╗
    ║ Host system is missing dependencies to run browsers. ║
    ║ Please install them with the following command:      ║
    ║                                                      ║
    ║     sudo npx playwright install-deps                 ║
    ║                                                      ║
    ║ Alternatively, use apt:                              ║
    ║     sudo apt-get install libicu74\                   ║
    ║         libxml2\                                     ║
    ║         libavif16\                                   ║
    ║         libmanette-0.2-0                             ║
    ║                                                      ║
    ║ <3 Playwright Team                                   ║
    ╚══════════════════════════════════════════════════════╝
]]>
</failure>
</testcase>
<testcase name="Jobs Page › should navigate to login from landing" classname="jobs.spec.ts" time="0.023">
<failure message="jobs.spec.ts:29:3 should navigate to login from landing" type="FAILURE">
<![CDATA[  [Mobile Safari] › jobs.spec.ts:29:3 › Jobs Page › should navigate to login from landing ──────────

    Error: browserType.launch: 
    ╔══════════════════════════════════════════════════════╗
    ║ Host system is missing dependencies to run browsers. ║
    ║ Please install them with the following command:      ║
    ║                                                      ║
    ║     sudo npx playwright install-deps                 ║
    ║                                                      ║
    ║ Alternatively, use apt:                              ║
    ║     sudo apt-get install libicu74\                   ║
    ║         libxml2\                                     ║
    ║         libavif16\                                   ║
    ║         libmanette-0.2-0                             ║
    ║                                                      ║
    ║ <3 Playwright Team                                   ║
    ╚══════════════════════════════════════════════════════╝
]]>
</failure>
</testcase>
<testcase name="Job Map (UC-116) › should have job map route" classname="jobs.spec.ts" time="0.007">
<failure message="jobs.spec.ts:39:3 should have job map route" type="FAILURE">
<![CDATA[  [Mobile Safari] › jobs.spec.ts:39:3 › Job Map (UC-116) › should have job map route ───────────────

    Error: browserType.launch: 
    ╔══════════════════════════════════════════════════════╗
    ║ Host system is missing dependencies to run browsers. ║
    ║ Please install them with the following command:      ║
    ║                                                      ║
    ║     sudo npx playwright install-deps                 ║
    ║                                                      ║
    ║ Alternatively, use apt:                              ║
    ║     sudo apt-get install libicu74\                   ║
    ║         libxml2\                                     ║
    ║         libavif16\                                   ║
    ║         libmanette-0.2-0                             ║
    ║                                                      ║
    ║ <3 Playwright Team                                   ║
    ╚══════════════════════════════════════════════════════╝
]]>
</failure>
</testcase>
<testcase name="Application Optimization (UC-112-115) › should have optimization route" classname="jobs.spec.ts" time="0.005">
<failure message="jobs.spec.ts:48:3 should have optimization route" type="FAILURE">
<![CDATA[  [Mobile Safari] › jobs.spec.ts:48:3 › Application Optimization (UC-112-115) › should have optimization route 

    Error: browserType.launch: 
    ╔══════════════════════════════════════════════════════╗
    ║ Host system is missing dependencies to run browsers. ║
    ║ Please install them with the following command:      ║
    ║                                                      ║
    ║     sudo npx playwright install-deps                 ║
    ║                                                      ║
    ║ Alternatively, use apt:                              ║
    ║     sudo apt-get install libicu74\                   ║
    ║         libxml2\                                     ║
    ║         libavif16\                                   ║
    ║         libmanette-0.2-0                             ║
    ║                                                      ║
    ║ <3 Playwright Team                                   ║
    ╚══════════════════════════════════════════════════════╝
]]>
</failure>
</testcase>
<testcase name="Application Optimization (UC-112-115) › should have analytics routes" classname="jobs.spec.ts" time="0.005">
<failure message="jobs.spec.ts:54:3 should have analytics routes" type="FAILURE">
<![CDATA[  [Mobile Safari] › jobs.spec.ts:54:3 › Application Optimization (UC-112-115) › should have analytics routes 

    Error: browserType.launch: 
    ╔══════════════════════════════════════════════════════╗
    ║ Host system is missing dependencies to run browsers. ║
    ║ Please install them with the following command:      ║
    ║                                                      ║
    ║     sudo npx playwright install-deps                 ║
    ║                                                      ║
    ║ Alternatively, use apt:                              ║
    ║     sudo apt-get install libicu74\                   ║
    ║         libxml2\                                     ║
    ║         libavif16\                                   ║
    ║         libmanette-0.2-0                             ║
    ║                                                      ║
    ║ <3 Playwright Team                                   ║
    ╚══════════════════════════════════════════════════════╝
]]>
</failure>
</testcase>
</testsuite>
<testsuite name="accessibility.spec.ts" timestamp="2025-12-08T18:40:51.031Z" hostname="iPad" tests="8" failures="8" skipped="0" time="0.06" errors="0">
<testcase name="Accessibility › landing page should have no critical accessibility violations" classname="accessibility.spec.ts" time="0.006">
<failure message="accessibility.spec.ts:10:3 landing page should have no critical accessibility violations" type="FAILURE">
<![CDATA[  [iPad] › accessibility.spec.ts:10:3 › Accessibility › landing page should have no critical accessibility violations 

    Error: browserType.launch: 
    ╔══════════════════════════════════════════════════════╗
    ║ Host system is missing dependencies to run browsers. ║
    ║ Please install them with the following command:      ║
    ║                                                      ║
    ║     sudo npx playwright install-deps                 ║
    ║                                                      ║
    ║ Alternatively, use apt:                              ║
    ║     sudo apt-get install libicu74\                   ║
    ║         libxml2\                                     ║
    ║         libavif16\                                   ║
    ║         libmanette-0.2-0                             ║
    ║                                                      ║
    ║ <3 Playwright Team                                   ║
    ╚══════════════════════════════════════════════════════╝
]]>
</failure>
</testcase>
<testcase name="Accessibility › login page should have no critical accessibility violations" classname="accessibility.spec.ts" time="0.006">
<failure message="accessibility.spec.ts:25:3 login page should have no critical accessibility violations" type="FAILURE">
<![CDATA[  [iPad] › accessibility.spec.ts:25:3 › Accessibility › login page should have no critical accessibility violations 

    Error: browserType.launch: 
    ╔══════════════════════════════════════════════════════╗
    ║ Host system is missing dependencies to run browsers. ║
    ║ Please install them with the following command:      ║
    ║                                                      ║
    ║     sudo npx playwright install-deps                 ║
    ║                                                      ║
    ║ Alternatively, use apt:                              ║
    ║     sudo apt-get install libicu74\                   ║
    ║         libxml2\                                     ║
    ║         libavif16\                                   ║
    ║         libmanette-0.2-0                             ║
    ║                                                      ║
    ║ <3 Playwright Team                                   ║
    ╚══════════════════════════════════════════════════════╝
]]>
</failure>
</testcase>
<testcase name="Accessibility › should have proper heading hierarchy" classname="accessibility.spec.ts" time="0.017">
<failure message="accessibility.spec.ts:39:3 should have proper heading hierarchy" type="FAILURE">
<![CDATA[  [iPad] › accessibility.spec.ts:39:3 › Accessibility › should have proper heading hierarchy ───────

    Error: browserType.launch: 
    ╔══════════════════════════════════════════════════════╗
    ║ Host system is missing dependencies to run browsers. ║
    ║ Please install them with the following command:      ║
    ║                                                      ║
    ║     sudo npx playwright install-deps                 ║
    ║                                                      ║
    ║ Alternatively, use apt:                              ║
    ║     sudo apt-get install libicu74\                   ║
    ║         libxml2\                                     ║
    ║         libavif16\                                   ║
    ║         libmanette-0.2-0                             ║
    ║                                                      ║
    ║ <3 Playwright Team                                   ║
    ╚══════════════════════════════════════════════════════╝
]]>
</failure>
</testcase>
<testcase name="Accessibility › interactive elements should be keyboard accessible" classname="accessibility.spec.ts" time="0.006">
<failure message="accessibility.spec.ts:46:3 interactive elements should be keyboard accessible" type="FAILURE">
<![CDATA[  [iPad] › accessibility.spec.ts:46:3 › Accessibility › interactive elements should be keyboard accessible 

    Error: browserType.launch: 
    ╔══════════════════════════════════════════════════════╗
    ║ Host system is missing dependencies to run browsers. ║
    ║ Please install them with the following command:      ║
    ║                                                      ║
    ║     sudo npx playwright install-deps                 ║
    ║                                                      ║
    ║ Alternatively, use apt:                              ║
    ║     sudo apt-get install libicu74\                   ║
    ║         libxml2\                                     ║
    ║         libavif16\                                   ║
    ║         libmanette-0.2-0                             ║
    ║                                                      ║
    ║ <3 Playwright Team                                   ║
    ╚══════════════════════════════════════════════════════╝
]]>
</failure>
</testcase>
<testcase name="Accessibility › images should have alt text" classname="accessibility.spec.ts" time="0.005">
<failure message="accessibility.spec.ts:55:3 images should have alt text" type="FAILURE">
<![CDATA[  [iPad] › accessibility.spec.ts:55:3 › Accessibility › images should have alt text ────────────────

    Error: browserType.launch: 
    ╔══════════════════════════════════════════════════════╗
    ║ Host system is missing dependencies to run browsers. ║
    ║ Please install them with the following command:      ║
    ║                                                      ║
    ║     sudo npx playwright install-deps                 ║
    ║                                                      ║
    ║ Alternatively, use apt:                              ║
    ║     sudo apt-get install libicu74\                   ║
    ║         libxml2\                                     ║
    ║         libavif16\                                   ║
    ║         libmanette-0.2-0                             ║
    ║                                                      ║
    ║ <3 Playwright Team                                   ║
    ╚══════════════════════════════════════════════════════╝
]]>
</failure>
</testcase>
<testcase name="Accessibility › form inputs should have labels" classname="accessibility.spec.ts" time="0.005">
<failure message="accessibility.spec.ts:62:3 form inputs should have labels" type="FAILURE">
<![CDATA[  [iPad] › accessibility.spec.ts:62:3 › Accessibility › form inputs should have labels ─────────────

    Error: browserType.launch: 
    ╔══════════════════════════════════════════════════════╗
    ║ Host system is missing dependencies to run browsers. ║
    ║ Please install them with the following command:      ║
    ║                                                      ║
    ║     sudo npx playwright install-deps                 ║
    ║                                                      ║
    ║ Alternatively, use apt:                              ║
    ║     sudo apt-get install libicu74\                   ║
    ║         libxml2\                                     ║
    ║         libavif16\                                   ║
    ║         libmanette-0.2-0                             ║
    ║                                                      ║
    ║ <3 Playwright Team                                   ║
    ╚══════════════════════════════════════════════════════╝
]]>
</failure>
</testcase>
<testcase name="Accessibility › color contrast should meet WCAG AA standards" classname="accessibility.spec.ts" time="0.006">
<failure message="accessibility.spec.ts:80:3 color contrast should meet WCAG AA standards" type="FAILURE">
<![CDATA[  [iPad] › accessibility.spec.ts:80:3 › Accessibility › color contrast should meet WCAG AA standards 

    Error: browserType.launch: 
    ╔══════════════════════════════════════════════════════╗
    ║ Host system is missing dependencies to run browsers. ║
    ║ Please install them with the following command:      ║
    ║                                                      ║
    ║     sudo npx playwright install-deps                 ║
    ║                                                      ║
    ║ Alternatively, use apt:                              ║
    ║     sudo apt-get install libicu74\                   ║
    ║         libxml2\                                     ║
    ║         libavif16\                                   ║
    ║         libmanette-0.2-0                             ║
    ║                                                      ║
    ║ <3 Playwright Team                                   ║
    ╚══════════════════════════════════════════════════════╝
]]>
</failure>
</testcase>
<testcase name="Accessibility › skip links should be present for navigation" classname="accessibility.spec.ts" time="0.009">
<failure message="accessibility.spec.ts:94:3 skip links should be present for navigation" type="FAILURE">
<![CDATA[  [iPad] › accessibility.spec.ts:94:3 › Accessibility › skip links should be present for navigation 

    Error: browserType.launch: 
    ╔══════════════════════════════════════════════════════╗
    ║ Host system is missing dependencies to run browsers. ║
    ║ Please install them with the following command:      ║
    ║                                                      ║
    ║     sudo npx playwright install-deps                 ║
    ║                                                      ║
    ║ Alternatively, use apt:                              ║
    ║     sudo apt-get install libicu74\                   ║
    ║         libxml2\                                     ║
    ║         libavif16\                                   ║
    ║         libmanette-0.2-0                             ║
    ║                                                      ║
    ║ <3 Playwright Team                                   ║
    ╚══════════════════════════════════════════════════════╝
]]>
</failure>
</testcase>
</testsuite>
<testsuite name="auth.spec.ts" timestamp="2025-12-08T18:40:51.031Z" hostname="iPad" tests="5" failures="5" skipped="0" time="0.034" errors="0">
<testcase name="Authentication › should display login page" classname="auth.spec.ts" time="0.007">
<failure message="auth.spec.ts:9:3 should display login page" type="FAILURE">
<![CDATA[  [iPad] › auth.spec.ts:9:3 › Authentication › should display login page ───────────────────────────

    Error: browserType.launch: 
    ╔══════════════════════════════════════════════════════╗
    ║ Host system is missing dependencies to run browsers. ║
    ║ Please install them with the following command:      ║
    ║                                                      ║
    ║     sudo npx playwright install-deps                 ║
    ║                                                      ║
    ║ Alternatively, use apt:                              ║
    ║     sudo apt-get install libicu74\                   ║
    ║         libxml2\                                     ║
    ║         libavif16\                                   ║
    ║         libmanette-0.2-0                             ║
    ║                                                      ║
    ║ <3 Playwright Team                                   ║
    ╚══════════════════════════════════════════════════════╝
]]>
</failure>
</testcase>
<testcase name="Authentication › should display registration page" classname="auth.spec.ts" time="0.01">
<failure message="auth.spec.ts:16:3 should display registration page" type="FAILURE">
<![CDATA[  [iPad] › auth.spec.ts:16:3 › Authentication › should display registration page ───────────────────

    Error: browserType.launch: 
    ╔══════════════════════════════════════════════════════╗
    ║ Host system is missing dependencies to run browsers. ║
    ║ Please install them with the following command:      ║
    ║                                                      ║
    ║     sudo npx playwright install-deps                 ║
    ║                                                      ║
    ║ Alternatively, use apt:                              ║
    ║     sudo apt-get install libicu74\                   ║
    ║         libxml2\                                     ║
    ║         libavif16\                                   ║
    ║         libmanette-0.2-0                             ║
    ║                                                      ║
    ║ <3 Playwright Team                                   ║
    ╚══════════════════════════════════════════════════════╝
]]>
</failure>
</testcase>
<testcase name="Authentication › should show validation errors for empty login" classname="auth.spec.ts" time="0.006">
<failure message="auth.spec.ts:21:3 should show validation errors for empty login" type="FAILURE">
<![CDATA[  [iPad] › auth.spec.ts:21:3 › Authentication › should show validation errors for empty login ──────

    Error: browserType.launch: 
    ╔══════════════════════════════════════════════════════╗
    ║ Host system is missing dependencies to run browsers. ║
    ║ Please install them with the following command:      ║
    ║                                                      ║
    ║     sudo npx playwright install-deps                 ║
    ║                                                      ║
    ║ Alternatively, use apt:                              ║
    ║     sudo apt-get install libicu74\                   ║
    ║         libxml2\                                     ║
    ║         libavif16\                                   ║
    ║         libmanette-0.2-0                             ║
    ║                                                      ║
    ║ <3 Playwright Team                                   ║
    ╚══════════════════════════════════════════════════════╝
]]>
</failure>
</testcase>
<testcase name="Authentication › should navigate to forgot password" classname="auth.spec.ts" time="0.005">
<failure message="auth.spec.ts:28:3 should navigate to forgot password" type="FAILURE">
<![CDATA[  [iPad] › auth.spec.ts:28:3 › Authentication › should navigate to forgot password ─────────────────

    Error: browserType.launch: 
    ╔══════════════════════════════════════════════════════╗
    ║ Host system is missing dependencies to run browsers. ║
    ║ Please install them with the following command:      ║
    ║                                                      ║
    ║     sudo npx playwright install-deps                 ║
    ║                                                      ║
    ║ Alternatively, use apt:                              ║
    ║     sudo apt-get install libicu74\                   ║
    ║         libxml2\                                     ║
    ║         libavif16\                                   ║
    ║         libmanette-0.2-0                             ║
    ║                                                      ║
    ║ <3 Playwright Team                                   ║
    ╚══════════════════════════════════════════════════════╝
]]>
</failure>
</testcase>
<testcase name="Authentication › should redirect unauthenticated users from protected routes" classname="auth.spec.ts" time="0.006">
<failure message="auth.spec.ts:34:3 should redirect unauthenticated users from protected routes" type="FAILURE">
<![CDATA[  [iPad] › auth.spec.ts:34:3 › Authentication › should redirect unauthenticated users from protected routes 

    Error: browserType.launch: 
    ╔══════════════════════════════════════════════════════╗
    ║ Host system is missing dependencies to run browsers. ║
    ║ Please install them with the following command:      ║
    ║                                                      ║
    ║     sudo npx playwright install-deps                 ║
    ║                                                      ║
    ║ Alternatively, use apt:                              ║
    ║     sudo apt-get install libicu74\                   ║
    ║         libxml2\                                     ║
    ║         libavif16\                                   ║
    ║         libmanette-0.2-0                             ║
    ║                                                      ║
    ║ <3 Playwright Team                                   ║
    ╚══════════════════════════════════════════════════════╝
]]>
</failure>
</testcase>
</testsuite>
<testsuite name="jobs.spec.ts" timestamp="2025-12-08T18:40:51.031Z" hostname="iPad" tests="6" failures="6" skipped="0" time="0.039" errors="0">
<testcase name="Jobs Page › should display landing page" classname="jobs.spec.ts" time="0.008">
<failure message="jobs.spec.ts:15:3 should display landing page" type="FAILURE">
<![CDATA[  [iPad] › jobs.spec.ts:15:3 › Jobs Page › should display landing page ─────────────────────────────

    Error: browserType.launch: 
    ╔══════════════════════════════════════════════════════╗
    ║ Host system is missing dependencies to run browsers. ║
    ║ Please install them with the following command:      ║
    ║                                                      ║
    ║     sudo npx playwright install-deps                 ║
    ║                                                      ║
    ║ Alternatively, use apt:                              ║
    ║     sudo apt-get install libicu74\                   ║
    ║         libxml2\                                     ║
    ║         libavif16\                                   ║
    ║         libmanette-0.2-0                             ║
    ║                                                      ║
    ║ <3 Playwright Team                                   ║
    ╚══════════════════════════════════════════════════════╝
]]>
</failure>
</testcase>
<testcase name="Jobs Page › should have navigation links" classname="jobs.spec.ts" time="0.007">
<failure message="jobs.spec.ts:19:3 should have navigation links" type="FAILURE">
<![CDATA[  [iPad] › jobs.spec.ts:19:3 › Jobs Page › should have navigation links ────────────────────────────

    Error: browserType.launch: 
    ╔══════════════════════════════════════════════════════╗
    ║ Host system is missing dependencies to run browsers. ║
    ║ Please install them with the following command:      ║
    ║                                                      ║
    ║     sudo npx playwright install-deps                 ║
    ║                                                      ║
    ║ Alternatively, use apt:                              ║
    ║     sudo apt-get install libicu74\                   ║
    ║         libxml2\                                     ║
    ║         libavif16\                                   ║
    ║         libmanette-0.2-0                             ║
    ║                                                      ║
    ║ <3 Playwright Team                                   ║
    ╚══════════════════════════════════════════════════════╝
]]>
</failure>
</testcase>
<testcase name="Jobs Page › should navigate to login from landing" classname="jobs.spec.ts" time="0.01">
<failure message="jobs.spec.ts:29:3 should navigate to login from landing" type="FAILURE">
<![CDATA[  [iPad] › jobs.spec.ts:29:3 › Jobs Page › should navigate to login from landing ───────────────────

    Error: browserType.launch: 
    ╔══════════════════════════════════════════════════════╗
    ║ Host system is missing dependencies to run browsers. ║
    ║ Please install them with the following command:      ║
    ║                                                      ║
    ║     sudo npx playwright install-deps                 ║
    ║                                                      ║
    ║ Alternatively, use apt:                              ║
    ║     sudo apt-get install libicu74\                   ║
    ║         libxml2\                                     ║
    ║         libavif16\                                   ║
    ║         libmanette-0.2-0                             ║
    ║                                                      ║
    ║ <3 Playwright Team                                   ║
    ╚══════════════════════════════════════════════════════╝
]]>
</failure>
</testcase>
<testcase name="Job Map (UC-116) › should have job map route" classname="jobs.spec.ts" time="0.008">
<failure message="jobs.spec.ts:39:3 should have job map route" type="FAILURE">
<![CDATA[  [iPad] › jobs.spec.ts:39:3 › Job Map (UC-116) › should have job map route ────────────────────────

    Error: browserType.launch: 
    ╔══════════════════════════════════════════════════════╗
    ║ Host system is missing dependencies to run browsers. ║
    ║ Please install them with the following command:      ║
    ║                                                      ║
    ║     sudo npx playwright install-deps                 ║
    ║                                                      ║
    ║ Alternatively, use apt:                              ║
    ║     sudo apt-get install libicu74\                   ║
    ║         libxml2\                                     ║
    ║         libavif16\                                   ║
    ║         libmanette-0.2-0                             ║
    ║                                                      ║
    ║ <3 Playwright Team                                   ║
    ╚══════════════════════════════════════════════════════╝
]]>
</failure>
</testcase>
<testcase name="Application Optimization (UC-112-115) › should have optimization route" classname="jobs.spec.ts" time="0.003">
<failure message="jobs.spec.ts:48:3 should have optimization route" type="FAILURE">
<![CDATA[  [iPad] › jobs.spec.ts:48:3 › Application Optimization (UC-112-115) › should have optimization route 

    Error: browserType.launch: 
    ╔══════════════════════════════════════════════════════╗
    ║ Host system is missing dependencies to run browsers. ║
    ║ Please install them with the following command:      ║
    ║                                                      ║
    ║     sudo npx playwright install-deps                 ║
    ║                                                      ║
    ║ Alternatively, use apt:                              ║
    ║     sudo apt-get install libicu74\                   ║
    ║         libxml2\                                     ║
    ║         libavif16\                                   ║
    ║         libmanette-0.2-0                             ║
    ║                                                      ║
    ║ <3 Playwright Team                                   ║
    ╚══════════════════════════════════════════════════════╝
]]>
</failure>
</testcase>
<testcase name="Application Optimization (UC-112-115) › should have analytics routes" classname="jobs.spec.ts" time="0.003">
<failure message="jobs.spec.ts:54:3 should have analytics routes" type="FAILURE">
<![CDATA[  [iPad] › jobs.spec.ts:54:3 › Application Optimization (UC-112-115) › should have analytics routes 

    Error: browserType.launch: 
    ╔══════════════════════════════════════════════════════╗
    ║ Host system is missing dependencies to run browsers. ║
    ║ Please install them with the following command:      ║
    ║                                                      ║
    ║     sudo npx playwright install-deps                 ║
    ║                                                      ║
    ║ Alternatively, use apt:                              ║
    ║     sudo apt-get install libicu74\                   ║
    ║         libxml2\                                     ║
    ║         libavif16\                                   ║
    ║         libmanette-0.2-0                             ║
    ║                                                      ║
    ║ <3 Playwright Team                                   ║
    ╚══════════════════════════════════════════════════════╝
]]>
</failure>
</testcase>
</testsuite>
</testsuites>