TN:
SF:src/components/ErrorBoundary.tsx
FN:22,(anonymous_0)
FN:26,(anonymous_1)
FN:35,(anonymous_2)
FN:68,(anonymous_3)
FN:30,(anonymous_4)
FNF:5
FNH:0
FNDA:0,(anonymous_0)
FNDA:0,(anonymous_1)
FNDA:0,(anonymous_2)
FNDA:0,(anonymous_3)
FNDA:0,(anonymous_4)
DA:16,0
DA:23,0
DA:27,0
DA:31,0
DA:32,0
DA:36,0
DA:37,0
DA:38,0
DA:68,0
DA:80,0
LF:10
LH:0
BRDA:36,0,0,0
BRDA:36,0,1,0
BRDA:37,1,0,0
BRDA:37,1,1,0
BRF:4
BRH:0
end_of_record
TN:
SF:src/components/Navigation.tsx
FN:12,(anonymous_0)
FN:18,(anonymous_1)
FN:24,(anonymous_2)
FN:116,(anonymous_3)
FN:134,(anonymous_4)
FN:160,(anonymous_5)
FN:167,(anonymous_6)
FNF:7
FNH:0
FNDA:0,(anonymous_0)
FNDA:0,(anonymous_1)
FNDA:0,(anonymous_2)
FNDA:0,(anonymous_3)
FNDA:0,(anonymous_4)
FNDA:0,(anonymous_5)
FNDA:0,(anonymous_6)
DA:12,0
DA:13,0
DA:14,0
DA:15,0
DA:16,0
DA:18,0
DA:19,0
DA:20,0
DA:21,0
DA:24,0
DA:26,0
DA:116,0
DA:134,0
DA:160,0
DA:167,0
LF:15
LH:0
BRDA:76,0,0,0
BRDA:76,0,1,0
BRDA:136,1,0,0
BRDA:136,1,1,0
BRF:4
BRH:0
end_of_record
TN:
SF:src/components/ProtectedRoute.tsx
FN:8,(anonymous_0)
FNF:1
FNH:0
FNDA:0,(anonymous_0)
DA:8,0
DA:9,0
DA:11,0
DA:21,0
LF:4
LH:0
BRDA:11,0,0,0
BRDA:11,0,1,0
BRDA:21,1,0,0
BRDA:21,1,1,0
BRF:4
BRH:0
end_of_record
TN:
SF:src/components/ThemeToggle.tsx
FN:5,(anonymous_0)
FN:6,(anonymous_1)
FN:15,(anonymous_2)
FN:22,(anonymous_3)
FNF:4
FNH:0
FNDA:0,(anonymous_0)
FNDA:0,(anonymous_1)
FNDA:0,(anonymous_2)
FNDA:0,(anonymous_3)
DA:5,0
DA:6,0
DA:8,0
DA:9,0
DA:10,0
DA:12,0
DA:15,0
DA:16,0
DA:17,0
DA:18,0
DA:19,0
DA:22,0
DA:23,0
LF:13
LH:0
BRDA:9,0,0,0
BRDA:9,0,1,0
BRDA:9,1,0,0
BRDA:9,1,1,0
BRDA:12,2,0,0
BRDA:12,2,1,0
BRDA:23,3,0,0
BRDA:23,3,1,0
BRF:8
BRH:0
end_of_record
TN:
SF:src/components/advisor/AdvisorDirectory.tsx
FN:11,(anonymous_0)
FN:16,(anonymous_1)
FN:27,(anonymous_2)
FN:34,(anonymous_3)
FN:87,(anonymous_4)
FNF:5
FNH:0
FNDA:0,(anonymous_0)
FNDA:0,(anonymous_1)
FNDA:0,(anonymous_2)
FNDA:0,(anonymous_3)
FNDA:0,(anonymous_4)
DA:11,0
DA:12,0
DA:14,0
DA:17,0
DA:22,0
DA:23,0
DA:27,0
DA:29,0
DA:34,0
DA:87,0
LF:10
LH:0
BRDA:22,0,0,0
BRDA:22,0,1,0
BRDA:29,1,0,0
BRDA:29,1,1,0
BRDA:29,2,0,0
BRDA:29,2,1,0
BRDA:41,3,0,0
BRDA:41,3,1,0
BRF:8
BRH:0
end_of_record
TN:
SF:src/components/advisor/AdvisorProfile.tsx
FN:12,(anonymous_0)
FN:24,(anonymous_1)
FN:49,(anonymous_2)
FN:55,(anonymous_3)
FN:80,(anonymous_4)
FN:85,(anonymous_5)
FN:105,(anonymous_6)
FN:114,(anonymous_7)
FN:124,(anonymous_8)
FN:134,(anonymous_9)
FN:142,(anonymous_10)
FN:148,(anonymous_11)
FNF:12
FNH:0
FNDA:0,(anonymous_0)
FNDA:0,(anonymous_1)
FNDA:0,(anonymous_2)
FNDA:0,(anonymous_3)
FNDA:0,(anonymous_4)
FNDA:0,(anonymous_5)
FNDA:0,(anonymous_6)
FNDA:0,(anonymous_7)
FNDA:0,(anonymous_8)
FNDA:0,(anonymous_9)
FNDA:0,(anonymous_10)
FNDA:0,(anonymous_11)
DA:12,0
DA:13,0
DA:14,0
DA:22,0
DA:25,0
DA:26,0
DA:28,0
DA:34,0
DA:35,0
DA:36,0
DA:44,0
DA:48,0
DA:50,0
DA:51,0
DA:53,0
DA:55,0
DA:58,0
DA:67,0
DA:68,0
DA:72,0
DA:74,0
DA:77,0
DA:81,0
DA:82,0
DA:83,0
DA:86,0
DA:105,0
DA:114,0
DA:124,0
DA:134,0
DA:142,0
DA:148,0
LF:32
LH:0
BRDA:26,0,0,0
BRDA:26,0,1,0
BRDA:34,1,0,0
BRDA:34,1,1,0
BRDA:34,2,0,0
BRDA:34,2,1,0
BRDA:35,3,0,0
BRDA:35,3,1,0
BRDA:37,4,0,0
BRDA:37,4,1,0
BRDA:38,5,0,0
BRDA:38,5,1,0
BRDA:39,6,0,0
BRDA:39,6,1,0
BRDA:40,7,0,0
BRDA:40,7,1,0
BRDA:51,8,0,0
BRDA:51,8,1,0
BRDA:63,9,0,0
BRDA:63,9,1,0
BRDA:67,10,0,0
BRDA:67,10,1,0
BRDA:72,11,0,0
BRDA:72,11,1,0
BRDA:77,12,0,0
BRDA:77,12,1,0
BRF:26
BRH:0
end_of_record
TN:
SF:src/components/advisor/AdvisorScheduling.tsx
FN:18,(anonymous_0)
FN:27,(anonymous_1)
FN:39,(anonymous_2)
FN:77,(anonymous_3)
FN:84,(anonymous_4)
FN:127,(anonymous_5)
FN:144,(anonymous_6)
FN:157,(anonymous_7)
FN:172,(anonymous_8)
FNF:9
FNH:0
FNDA:0,(anonymous_0)
FNDA:0,(anonymous_1)
FNDA:0,(anonymous_2)
FNDA:0,(anonymous_3)
FNDA:0,(anonymous_4)
FNDA:0,(anonymous_5)
FNDA:0,(anonymous_6)
FNDA:0,(anonymous_7)
FNDA:0,(anonymous_8)
DA:18,0
DA:19,0
DA:20,0
DA:21,0
DA:22,0
DA:23,0
DA:25,0
DA:28,0
DA:33,0
DA:34,0
DA:38,0
DA:40,0
DA:41,0
DA:42,0
DA:44,0
DA:45,0
DA:46,0
DA:48,0
DA:62,0
DA:65,0
DA:66,0
DA:75,0
DA:78,0
DA:79,0
DA:80,0
DA:81,0
DA:82,0
DA:85,0
DA:89,0
DA:127,0
DA:144,0
DA:157,0
DA:172,0
LF:33
LH:0
BRDA:33,0,0,0
BRDA:33,0,1,0
BRDA:41,1,0,0
BRDA:41,1,1,0
BRDA:42,2,0,0
BRDA:42,2,1,0
BRDA:42,3,0,0
BRDA:42,3,1,0
BRDA:62,4,0,0
BRDA:62,4,1,0
BRDA:65,5,0,0
BRDA:65,5,1,0
BRDA:65,6,0,0
BRDA:65,6,1,0
BRDA:101,7,0,0
BRDA:101,7,1,0
BRDA:127,8,0,0
BRDA:127,8,1,0
BRDA:127,8,2,0
BRDA:142,9,0,0
BRDA:142,9,1,0
BRDA:173,10,0,0
BRDA:173,10,1,0
BRDA:173,10,2,0
BRDA:175,11,0,0
BRDA:175,11,1,0
BRF:26
BRH:0
end_of_record
TN:
SF:src/components/advisor/MyCoachingSessions.tsx
FN:9,(anonymous_0)
FN:12,(anonymous_1)
FN:27,(anonymous_2)
FN:28,(anonymous_3)
FNF:4
FNH:0
FNDA:0,(anonymous_0)
FNDA:0,(anonymous_1)
FNDA:0,(anonymous_2)
FNDA:0,(anonymous_3)
DA:9,0
DA:10,0
DA:13,0
DA:14,0
DA:16,0
DA:22,0
DA:23,0
DA:27,0
DA:28,0
LF:9
LH:0
BRDA:14,0,0,0
BRDA:14,0,1,0
BRDA:22,1,0,0
BRDA:22,1,1,0
BRDA:27,2,0,0
BRDA:27,2,1,0
BRDA:28,3,0,0
BRDA:28,3,1,0
BRDA:45,4,0,0
BRDA:45,4,1,0
BRF:10
BRH:0
end_of_record
TN:
SF:src/components/advisor/SessionPayment.tsx
FN:17,(anonymous_0)
FN:20,(anonymous_1)
FN:24,(anonymous_2)
FN:30,(anonymous_3)
FNF:4
FNH:0
FNDA:0,(anonymous_0)
FNDA:0,(anonymous_1)
FNDA:0,(anonymous_2)
FNDA:0,(anonymous_3)
DA:17,0
DA:18,0
DA:20,0
DA:21,0
DA:24,0
DA:25,0
DA:26,0
DA:30,0
DA:31,0
DA:32,0
DA:33,0
DA:34,0
DA:35,0
DA:36,0
LF:14
LH:0
BRDA:31,0,0,0
BRDA:31,0,1,0
BRDA:31,0,2,0
BRDA:31,0,3,0
BRDA:31,0,4,0
BRDA:69,1,0,0
BRDA:69,1,1,0
BRF:7
BRH:0
end_of_record
TN:
SF:src/components/analytics/AnalyticsFilters.tsx
FN:40,AnalyticsFilters
FN:82,(anonymous_1)
FN:108,(anonymous_2)
FN:119,(anonymous_3)
FN:139,(anonymous_4)
FN:159,(anonymous_5)
FNF:6
FNH:0
FNDA:0,AnalyticsFilters
FNDA:0,(anonymous_1)
FNDA:0,(anonymous_2)
FNDA:0,(anonymous_3)
FNDA:0,(anonymous_4)
FNDA:0,(anonymous_5)
DA:56,0
DA:82,0
DA:108,0
DA:119,0
DA:139,0
DA:159,0
LF:6
LH:0
BRDA:56,0,0,0
BRDA:56,0,1,0
BRDA:56,0,2,0
BRDA:56,0,3,0
BRDA:56,0,4,0
BRDA:71,1,0,0
BRDA:71,1,1,0
BRDA:75,2,0,0
BRDA:75,2,1,0
BRDA:81,3,0,0
BRDA:81,3,1,0
BRDA:82,4,0,0
BRDA:82,4,1,0
BRDA:97,5,0,0
BRDA:97,5,1,0
BRDA:101,6,0,0
BRDA:101,6,1,0
BRDA:107,7,0,0
BRDA:107,7,1,0
BRDA:108,8,0,0
BRDA:108,8,1,0
BRDA:119,9,0,0
BRDA:119,9,1,0
BRDA:119,10,0,0
BRDA:119,10,1,0
BRDA:139,11,0,0
BRDA:139,11,1,0
BRDA:139,12,0,0
BRDA:139,12,1,0
BRDA:159,13,0,0
BRDA:159,13,1,0
BRDA:159,14,0,0
BRDA:159,14,1,0
BRF:33
BRH:0
end_of_record
TN:
SF:src/components/analytics/AnalyticsFunnelView.tsx
FN:8,(anonymous_0)
FN:11,(anonymous_1)
FN:24,(anonymous_2)
FN:25,(anonymous_3)
FN:31,(anonymous_4)
FN:32,(anonymous_5)
FN:40,(anonymous_6)
FN:42,(anonymous_7)
FN:74,(anonymous_8)
FN:112,(anonymous_9)
FNF:10
FNH:0
FNDA:0,(anonymous_0)
FNDA:0,(anonymous_1)
FNDA:0,(anonymous_2)
FNDA:0,(anonymous_3)
FNDA:0,(anonymous_4)
FNDA:0,(anonymous_5)
FNDA:0,(anonymous_6)
FNDA:0,(anonymous_7)
FNDA:0,(anonymous_8)
FNDA:0,(anonymous_9)
DA:8,0
DA:9,0
DA:12,0
DA:13,0
DA:15,0
DA:21,0
DA:23,0
DA:24,0
DA:25,0
DA:26,0
DA:30,0
DA:31,0
DA:33,0
DA:34,0
DA:35,0
DA:36,0
DA:37,0
DA:40,0
DA:42,0
DA:46,0
DA:52,0
DA:61,0
DA:75,0
DA:76,0
DA:112,0
LF:25
LH:0
BRDA:13,0,0,0
BRDA:13,0,1,0
BRDA:21,1,0,0
BRDA:21,1,1,0
BRDA:31,2,0,0
BRDA:31,2,1,0
BRDA:35,3,0,0
BRDA:35,3,1,0
BRDA:61,4,0,0
BRDA:61,4,1,0
BRDA:75,5,0,0
BRDA:75,5,1,0
BRDA:76,6,0,0
BRDA:76,6,1,0
BRDA:90,7,0,0
BRDA:90,7,1,0
BRDA:123,8,0,0
BRDA:123,8,1,0
BRF:18
BRH:0
end_of_record
TN:
SF:src/components/analytics/JobAnalyticsDashboard.tsx
FN:10,JobAnalyticsDashboard
FN:15,(anonymous_1)
FN:19,(anonymous_2)
FN:33,(anonymous_3)
FN:34,(anonymous_4)
FN:67,(anonymous_5)
FN:151,(anonymous_6)
FNF:7
FNH:0
FNDA:0,JobAnalyticsDashboard
FNDA:0,(anonymous_1)
FNDA:0,(anonymous_2)
FNDA:0,(anonymous_3)
FNDA:0,(anonymous_4)
FNDA:0,(anonymous_5)
FNDA:0,(anonymous_6)
DA:8,0
DA:11,0
DA:12,0
DA:13,0
DA:15,0
DA:16,0
DA:19,0
DA:20,0
DA:21,0
DA:24,0
DA:25,0
DA:27,0
DA:29,0
DA:33,0
DA:34,0
DA:35,0
DA:36,0
DA:39,0
DA:40,0
DA:41,0
DA:42,0
DA:43,0
DA:45,0
DA:46,0
DA:48,0
DA:60,0
DA:67,0
DA:69,0
DA:76,0
DA:152,0
DA:153,0
LF:31
LH:0
BRDA:35,0,0,0
BRDA:35,0,1,0
BRDA:40,1,0,0
BRDA:40,1,1,0
BRDA:41,2,0,0
BRDA:41,2,1,0
BRDA:41,3,0,0
BRDA:41,3,1,0
BRDA:42,4,0,0
BRDA:42,4,1,0
BRDA:43,5,0,0
BRDA:43,5,1,0
BRDA:45,6,0,0
BRDA:45,6,1,0
BRDA:46,7,0,0
BRDA:46,7,1,0
BRDA:60,8,0,0
BRDA:60,8,1,0
BRDA:61,9,0,0
BRDA:61,9,1,0
BRDA:62,10,0,0
BRDA:62,10,1,0
BRDA:63,11,0,0
BRDA:63,11,1,0
BRDA:64,12,0,0
BRDA:64,12,1,0
BRDA:65,13,0,0
BRDA:65,13,1,0
BRDA:66,14,0,0
BRDA:66,14,1,0
BRDA:69,15,0,0
BRDA:69,15,1,0
BRDA:71,16,0,0
BRDA:71,16,1,0
BRDA:72,17,0,0
BRDA:72,17,1,0
BRDA:76,18,0,0
BRDA:76,18,1,0
BRDA:90,19,0,0
BRDA:90,19,1,0
BRDA:100,20,0,0
BRDA:100,20,1,0
BRDA:110,21,0,0
BRDA:110,21,1,0
BRDA:112,22,0,0
BRDA:112,22,1,0
BRDA:123,23,0,0
BRDA:123,23,1,0
BRDA:125,24,0,0
BRDA:125,24,1,0
BRDA:152,25,0,0
BRDA:152,25,1,0
BRDA:203,26,0,0
BRDA:203,26,1,0
BRDA:204,27,0,0
BRDA:204,27,1,0
BRDA:205,28,0,0
BRDA:205,28,1,0
BRDA:208,29,0,0
BRDA:208,29,1,0
BRF:60
BRH:0
end_of_record
TN:
SF:src/components/automation/AutomationExecutionLogs.tsx
FN:24,(anonymous_0)
FN:29,(anonymous_1)
FN:33,(anonymous_2)
FN:60,(anonymous_3)
FNF:4
FNH:0
FNDA:0,(anonymous_0)
FNDA:0,(anonymous_1)
FNDA:0,(anonymous_2)
FNDA:0,(anonymous_3)
DA:24,0
DA:25,0
DA:26,0
DA:27,0
DA:29,0
DA:30,0
DA:33,0
DA:34,0
DA:35,0
DA:45,0
DA:46,0
DA:49,0
DA:50,0
DA:52,0
DA:54,0
DA:56,0
DA:60,0
DA:61,0
DA:73,0
LF:19
LH:0
BRDA:45,0,0,0
BRDA:45,0,1,0
BRDA:50,1,0,0
BRDA:50,1,1,0
BRDA:52,2,0,0
BRDA:52,2,1,0
BRDA:73,3,0,0
BRDA:73,3,1,0
BRDA:114,4,0,0
BRDA:114,4,1,0
BRF:10
BRH:0
end_of_record
TN:
SF:src/components/automation/AutomationRuleBuilder.tsx
FN:32,(anonymous_0)
FN:38,(anonymous_1)
FN:42,(anonymous_2)
FN:52,(anonymous_3)
FN:67,(anonymous_4)
FN:77,(anonymous_5)
FN:178,(anonymous_6)
FN:203,(anonymous_7)
FN:225,(anonymous_8)
FN:251,(anonymous_9)
FN:260,(anonymous_10)
FN:283,(anonymous_11)
FN:312,(anonymous_12)
FN:326,(anonymous_13)
FN:351,(anonymous_14)
FN:365,(anonymous_15)
FN:383,(anonymous_16)
FN:408,(anonymous_17)
FN:441,(anonymous_18)
FN:452,(anonymous_19)
FN:459,(anonymous_20)
FN:469,(anonymous_21)
FNF:22
FNH:0
FNDA:0,(anonymous_0)
FNDA:0,(anonymous_1)
FNDA:0,(anonymous_2)
FNDA:0,(anonymous_3)
FNDA:0,(anonymous_4)
FNDA:0,(anonymous_5)
FNDA:0,(anonymous_6)
FNDA:0,(anonymous_7)
FNDA:0,(anonymous_8)
FNDA:0,(anonymous_9)
FNDA:0,(anonymous_10)
FNDA:0,(anonymous_11)
FNDA:0,(anonymous_12)
FNDA:0,(anonymous_13)
FNDA:0,(anonymous_14)
FNDA:0,(anonymous_15)
FNDA:0,(anonymous_16)
FNDA:0,(anonymous_17)
FNDA:0,(anonymous_18)
FNDA:0,(anonymous_19)
FNDA:0,(anonymous_20)
FNDA:0,(anonymous_21)
DA:32,0
DA:33,0
DA:34,0
DA:35,0
DA:36,0
DA:38,0
DA:39,0
DA:42,0
DA:43,0
DA:44,0
DA:49,0
DA:52,0
DA:61,0
DA:63,0
DA:67,0
DA:68,0
DA:74,0
DA:77,0
DA:78,0
DA:79,0
DA:84,0
DA:88,0
DA:89,0
DA:94,0
DA:97,0
DA:98,0
DA:103,0
DA:107,0
DA:108,0
DA:113,0
DA:116,0
DA:117,0
DA:122,0
DA:125,0
DA:126,0
DA:127,0
DA:129,0
DA:130,0
DA:139,0
DA:140,0
DA:141,0
DA:144,0
DA:154,0
DA:155,0
DA:156,0
DA:160,0
DA:165,0
DA:166,0
DA:167,0
DA:169,0
DA:170,0
DA:178,0
DA:179,0
DA:180,0
DA:185,0
DA:187,0
DA:192,0
DA:194,0
DA:195,0
DA:203,0
DA:204,0
DA:205,0
DA:209,0
DA:211,0
DA:216,0
DA:217,0
DA:225,0
DA:226,0
DA:227,0
DA:232,0
DA:233,0
DA:235,0
DA:239,0
DA:251,0
DA:261,0
DA:284,0
DA:313,0
DA:327,0
DA:352,0
DA:366,0
DA:384,0
DA:409,0
DA:410,0
DA:441,0
DA:452,0
DA:460,0
DA:461,0
DA:469,0
LF:88
LH:0
BRDA:49,0,0,0
BRDA:49,0,1,0
BRDA:52,1,0,0
BRDA:52,1,1,0
BRDA:78,2,0,0
BRDA:78,2,1,0
BRDA:78,3,0,0
BRDA:78,3,1,0
BRDA:78,3,2,0
BRDA:88,4,0,0
BRDA:88,4,1,0
BRDA:88,5,0,0
BRDA:88,5,1,0
BRDA:97,6,0,0
BRDA:97,6,1,0
BRDA:97,7,0,0
BRDA:97,7,1,0
BRDA:107,8,0,0
BRDA:107,8,1,0
BRDA:107,9,0,0
BRDA:107,9,1,0
BRDA:107,9,2,0
BRDA:116,10,0,0
BRDA:116,10,1,0
BRDA:116,11,0,0
BRDA:116,11,1,0
BRDA:127,12,0,0
BRDA:127,12,1,0
BRDA:129,13,0,0
BRDA:129,13,1,0
BRDA:133,14,0,0
BRDA:133,14,1,0
BRDA:139,15,0,0
BRDA:139,15,1,0
BRDA:154,16,0,0
BRDA:154,16,1,0
BRDA:162,17,0,0
BRDA:162,17,1,0
BRDA:172,18,0,0
BRDA:172,18,1,0
BRDA:185,19,0,0
BRDA:185,19,1,0
BRDA:209,20,0,0
BRDA:209,20,1,0
BRDA:232,21,0,0
BRDA:232,21,1,0
BRDA:239,22,0,0
BRDA:239,22,1,0
BRDA:243,23,0,0
BRDA:243,23,1,0
BRDA:250,24,0,0
BRDA:250,24,1,0
BRDA:282,25,0,0
BRDA:282,25,1,0
BRDA:311,26,0,0
BRDA:311,26,1,0
BRDA:350,27,0,0
BRDA:350,27,1,0
BRDA:364,28,0,0
BRDA:364,28,1,0
BRDA:382,29,0,0
BRDA:382,29,1,0
BRF:62
BRH:0
end_of_record
TN:
SF:src/components/cover-letters/CoverLetterEditor.tsx
FN:27,(anonymous_0)
FN:42,(anonymous_1)
FN:50,(anonymous_2)
FN:65,(anonymous_3)
FN:71,(anonymous_4)
FN:126,(anonymous_5)
FN:145,(anonymous_6)
FN:152,(anonymous_7)
FN:168,(anonymous_8)
FN:170,(anonymous_9)
FN:177,(anonymous_10)
FNF:11
FNH:0
FNDA:0,(anonymous_0)
FNDA:0,(anonymous_1)
FNDA:0,(anonymous_2)
FNDA:0,(anonymous_3)
FNDA:0,(anonymous_4)
FNDA:0,(anonymous_5)
FNDA:0,(anonymous_6)
FNDA:0,(anonymous_7)
FNDA:0,(anonymous_8)
FNDA:0,(anonymous_9)
FNDA:0,(anonymous_10)
DA:20,0
DA:27,0
DA:34,0
DA:35,0
DA:36,0
DA:37,0
DA:38,0
DA:39,0
DA:40,0
DA:42,0
DA:43,0
DA:44,0
DA:45,0
DA:46,0
DA:47,0
DA:50,0
DA:51,0
DA:53,0
DA:54,0
DA:55,0
DA:56,0
DA:57,0
DA:59,0
DA:61,0
DA:65,0
DA:66,0
DA:67,0
DA:68,0
DA:71,0
DA:72,0
DA:73,0
DA:75,0
DA:76,0
DA:77,0
DA:78,0
DA:81,0
DA:126,0
DA:145,0
DA:152,0
DA:168,0
DA:170,0
DA:177,0
LF:42
LH:0
BRDA:51,0,0,0
BRDA:51,0,1,0
BRDA:73,1,0,0
BRDA:73,1,1,0
BRDA:75,2,0,0
BRDA:75,2,1,0
BRDA:76,3,0,0
BRDA:76,3,1,0
BRDA:77,4,0,0
BRDA:77,4,1,0
BRDA:116,5,0,0
BRDA:116,5,1,0
BRDA:152,6,0,0
BRDA:152,6,1,0
BRF:14
BRH:0
end_of_record
TN:
SF:src/components/cover-letters/CoverLetterExperienceHighlighter.tsx
FN:16,CoverLetterExperienceHighlighter
FN:30,(anonymous_1)
FN:72,(anonymous_2)
FN:81,(anonymous_3)
FN:83,(anonymous_4)
FN:163,(anonymous_5)
FNF:6
FNH:0
FNDA:0,CoverLetterExperienceHighlighter
FNDA:0,(anonymous_1)
FNDA:0,(anonymous_2)
FNDA:0,(anonymous_3)
FNDA:0,(anonymous_4)
FNDA:0,(anonymous_5)
DA:22,0
DA:23,0
DA:30,0
DA:31,0
DA:33,0
DA:34,0
DA:35,0
DA:36,0
DA:37,0
DA:41,0
DA:47,0
DA:48,0
DA:49,0
DA:52,0
DA:60,0
DA:62,0
DA:63,0
DA:65,0
DA:66,0
DA:68,0
DA:72,0
DA:73,0
DA:77,0
DA:78,0
DA:81,0
DA:82,0
DA:83,0
DA:84,0
DA:89,0
DA:90,0
DA:163,0
LF:31
LH:0
BRDA:35,0,0,0
BRDA:35,0,1,0
BRDA:47,1,0,0
BRDA:47,1,1,0
BRDA:60,2,0,0
BRDA:60,2,1,0
BRDA:62,3,0,0
BRDA:62,3,1,0
BRDA:106,4,0,0
BRDA:106,4,1,0
BRDA:114,5,0,0
BRDA:114,5,1,0
BRDA:126,6,0,0
BRDA:126,6,1,0
BRDA:127,7,0,0
BRDA:127,7,1,0
BRF:16
BRH:0
end_of_record
TN:
SF:src/components/cover-letters/CoverLetterExportExtended.tsx
FN:11,(anonymous_0)
FN:18,(anonymous_1)
FN:28,(anonymous_2)
FN:33,(anonymous_3)
FN:43,(anonymous_4)
FNF:5
FNH:0
FNDA:0,(anonymous_0)
FNDA:0,(anonymous_1)
FNDA:0,(anonymous_2)
FNDA:0,(anonymous_3)
FNDA:0,(anonymous_4)
DA:11,0
DA:16,0
DA:18,0
DA:19,0
DA:28,0
DA:29,0
DA:34,0
DA:35,0
DA:43,0
DA:44,0
DA:45,0
DA:46,0
DA:48,0
DA:64,0
DA:65,0
DA:66,0
DA:67,0
DA:68,0
DA:69,0
DA:70,0
DA:71,0
DA:72,0
DA:74,0
LF:23
LH:0
BRF:0
BRH:0
end_of_record
TN:
SF:src/components/cover-letters/CoverLetterGenerator.tsx
FN:32,CoverLetterGenerator
FN:45,(anonymous_1)
FN:49,(anonymous_2)
FN:58,(anonymous_3)
FN:59,(anonymous_4)
FN:87,(anonymous_5)
FN:96,(anonymous_6)
FN:145,(anonymous_7)
FN:151,(anonymous_8)
FN:180,(anonymous_9)
FN:185,(anonymous_10)
FN:201,(anonymous_11)
FN:225,(anonymous_12)
FN:335,(anonymous_13)
FN:350,(anonymous_14)
FN:358,(anonymous_15)
FN:386,(anonymous_16)
FN:397,(anonymous_17)
FN:408,(anonymous_18)
FN:426,(anonymous_19)
FNF:20
FNH:0
FNDA:0,CoverLetterGenerator
FNDA:0,(anonymous_1)
FNDA:0,(anonymous_2)
FNDA:0,(anonymous_3)
FNDA:0,(anonymous_4)
FNDA:0,(anonymous_5)
FNDA:0,(anonymous_6)
FNDA:0,(anonymous_7)
FNDA:0,(anonymous_8)
FNDA:0,(anonymous_9)
FNDA:0,(anonymous_10)
FNDA:0,(anonymous_11)
FNDA:0,(anonymous_12)
FNDA:0,(anonymous_13)
FNDA:0,(anonymous_14)
FNDA:0,(anonymous_15)
FNDA:0,(anonymous_16)
FNDA:0,(anonymous_17)
FNDA:0,(anonymous_18)
FNDA:0,(anonymous_19)
DA:18,0
DA:25,0
DA:33,0
DA:34,0
DA:35,0
DA:36,0
DA:37,0
DA:38,0
DA:39,0
DA:40,0
DA:41,0
DA:42,0
DA:43,0
DA:45,0
DA:46,0
DA:49,0
DA:50,0
DA:51,0
DA:52,0
DA:54,0
DA:58,0
DA:59,0
DA:60,0
DA:61,0
DA:62,0
DA:65,0
DA:66,0
DA:67,0
DA:71,0
DA:72,0
DA:74,0
DA:75,0
DA:76,0
DA:77,0
DA:79,0
DA:81,0
DA:83,0
DA:87,0
DA:88,0
DA:89,0
DA:90,0
DA:93,0
DA:94,0
DA:96,0
DA:97,0
DA:99,0
DA:100,0
DA:101,0
DA:102,0
DA:103,0
DA:105,0
DA:106,0
DA:107,0
DA:108,0
DA:109,0
DA:110,0
DA:111,0
DA:112,0
DA:114,0
DA:117,0
DA:119,0
DA:120,0
DA:123,0
DA:124,0
DA:126,0
DA:127,0
DA:128,0
DA:129,0
DA:130,0
DA:131,0
DA:132,0
DA:133,0
DA:134,0
DA:136,0
DA:138,0
DA:140,0
DA:145,0
DA:146,0
DA:147,0
DA:151,0
DA:152,0
DA:153,0
DA:154,0
DA:157,0
DA:158,0
DA:167,0
DA:168,0
DA:173,0
DA:175,0
DA:176,0
DA:180,0
DA:181,0
DA:182,0
DA:185,0
DA:186,0
DA:187,0
DA:188,0
DA:189,0
DA:190,0
DA:191,0
DA:193,0
DA:195,0
DA:197,0
DA:201,0
DA:225,0
DA:335,0
DA:350,0
DA:358,0
DA:387,0
DA:388,0
DA:398,0
DA:399,0
DA:409,0
DA:410,0
DA:427,0
DA:428,0
LF:116
LH:0
BRDA:60,0,0,0
BRDA:60,0,1,0
BRDA:74,1,0,0
BRDA:74,1,1,0
BRDA:74,2,0,0
BRDA:74,2,1,0
BRDA:76,3,0,0
BRDA:76,3,1,0
BRDA:76,4,0,0
BRDA:76,4,1,0
BRDA:88,5,0,0
BRDA:88,5,1,0
BRDA:99,6,0,0
BRDA:99,6,1,0
BRDA:100,7,0,0
BRDA:100,7,1,0
BRDA:102,8,0,0
BRDA:102,8,1,0
BRDA:107,9,0,0
BRDA:107,9,1,0
BRDA:108,10,0,0
BRDA:108,10,1,0
BRDA:109,11,0,0
BRDA:109,11,1,0
BRDA:111,12,0,0
BRDA:111,12,1,0
BRDA:119,13,0,0
BRDA:119,13,1,0
BRDA:119,14,0,0
BRDA:119,14,1,0
BRDA:126,15,0,0
BRDA:126,15,1,0
BRDA:127,16,0,0
BRDA:127,16,1,0
BRDA:127,17,0,0
BRDA:127,17,1,0
BRDA:129,18,0,0
BRDA:129,18,1,0
BRDA:129,19,0,0
BRDA:129,19,1,0
BRDA:131,20,0,0
BRDA:131,20,1,0
BRDA:133,21,0,0
BRDA:133,21,1,0
BRDA:146,22,0,0
BRDA:146,22,1,0
BRDA:146,23,0,0
BRDA:146,23,1,0
BRDA:146,23,2,0
BRDA:152,24,0,0
BRDA:152,24,1,0
BRDA:152,25,0,0
BRDA:152,25,1,0
BRDA:163,26,0,0
BRDA:163,26,1,0
BRDA:167,27,0,0
BRDA:167,27,1,0
BRDA:167,28,0,0
BRDA:167,28,1,0
BRDA:188,29,0,0
BRDA:188,29,1,0
BRDA:190,30,0,0
BRDA:190,30,1,0
BRDA:288,31,0,0
BRDA:288,31,1,0
BRDA:312,32,0,0
BRDA:312,32,1,0
BRDA:423,33,0,0
BRDA:423,33,1,0
BRDA:445,34,0,0
BRDA:445,34,1,0
BRDA:446,35,0,0
BRDA:446,35,1,0
BRF:73
BRH:0
end_of_record
TN:
SF:src/components/cover-letters/CoverLetterPerformanceTracker.tsx
FN:20,(anonymous_0)
FN:25,(anonymous_1)
FN:28,(anonymous_2)
FN:33,(anonymous_3)
FN:63,(anonymous_4)
FN:67,(anonymous_5)
FN:101,(anonymous_6)
FNF:7
FNH:0
FNDA:0,(anonymous_0)
FNDA:0,(anonymous_1)
FNDA:0,(anonymous_2)
FNDA:0,(anonymous_3)
FNDA:0,(anonymous_4)
FNDA:0,(anonymous_5)
FNDA:0,(anonymous_6)
DA:20,0
DA:25,0
DA:26,0
DA:28,0
DA:29,0
DA:30,0
DA:32,0
DA:33,0
DA:34,0
DA:44,0
DA:45,0
DA:47,0
DA:48,0
DA:50,0
DA:51,0
DA:53,0
DA:54,0
DA:58,0
DA:61,0
DA:63,0
DA:64,0
DA:67,0
DA:68,0
DA:69,0
DA:70,0
DA:71,0
DA:74,0
DA:102,0
DA:103,0
LF:29
LH:0
BRDA:21,0,0,0
BRDA:22,1,0,0
BRDA:30,2,0,0
BRDA:30,2,1,0
BRDA:32,3,0,0
BRDA:32,3,1,0
BRDA:36,4,0,0
BRDA:36,4,1,0
BRDA:47,5,0,0
BRDA:47,5,1,0
BRDA:50,6,0,0
BRDA:50,6,1,0
BRDA:53,7,0,0
BRDA:53,7,1,0
BRDA:64,8,0,0
BRDA:64,8,1,0
BRDA:68,9,0,0
BRDA:68,9,1,0
BRDA:69,10,0,0
BRDA:69,10,1,0
BRDA:70,11,0,0
BRDA:70,11,1,0
BRDA:74,12,0,0
BRDA:74,12,1,0
BRDA:111,13,0,0
BRDA:111,13,1,0
BRF:26
BRH:0
end_of_record
TN:
SF:src/components/cover-letters/CoverLetterPerformanceTrackerExtended.tsx
FN:20,(anonymous_0)
FN:26,(anonymous_1)
FN:30,(anonymous_2)
FN:52,(anonymous_3)
FN:53,(anonymous_4)
FN:56,(anonymous_5)
FN:57,(anonymous_6)
FN:58,(anonymous_7)
FN:59,(anonymous_8)
FN:74,(anonymous_9)
FN:90,(anonymous_10)
FN:91,(anonymous_11)
FN:94,(anonymous_12)
FNF:13
FNH:0
FNDA:0,(anonymous_0)
FNDA:0,(anonymous_1)
FNDA:0,(anonymous_2)
FNDA:0,(anonymous_3)
FNDA:0,(anonymous_4)
FNDA:0,(anonymous_5)
FNDA:0,(anonymous_6)
FNDA:0,(anonymous_7)
FNDA:0,(anonymous_8)
FNDA:0,(anonymous_9)
FNDA:0,(anonymous_10)
FNDA:0,(anonymous_11)
FNDA:0,(anonymous_12)
DA:20,0
DA:21,0
DA:22,0
DA:23,0
DA:24,0
DA:26,0
DA:27,0
DA:30,0
DA:31,0
DA:32,0
DA:33,0
DA:36,0
DA:41,0
DA:44,0
DA:49,0
DA:52,0
DA:53,0
DA:55,0
DA:56,0
DA:57,0
DA:58,0
DA:59,0
DA:61,0
DA:62,0
DA:64,0
DA:74,0
DA:76,0
DA:79,0
DA:80,0
DA:81,0
DA:84,0
DA:86,0
DA:90,0
DA:91,0
DA:94,0
DA:100,0
DA:113,0
DA:128,0
DA:129,0
LF:39
LH:0
BRDA:33,0,0,0
BRDA:33,0,1,0
BRDA:41,1,0,0
BRDA:41,1,1,0
BRDA:49,2,0,0
BRDA:49,2,1,0
BRDA:52,3,0,0
BRDA:52,3,1,0
BRDA:53,4,0,0
BRDA:53,4,1,0
BRDA:62,5,0,0
BRDA:62,5,1,0
BRDA:79,6,0,0
BRDA:79,6,1,0
BRDA:100,7,0,0
BRDA:100,7,1,0
BRDA:113,8,0,0
BRDA:113,8,1,0
BRDA:128,9,0,0
BRDA:128,9,1,0
BRDA:129,10,0,0
BRDA:129,10,1,0
BRDA:142,11,0,0
BRDA:142,11,1,0
BRF:24
BRH:0
end_of_record
TN:
SF:src/components/cover-letters/CoverLetterResearchInjector.tsx
FN:32,(anonymous_0)
FN:44,(anonymous_1)
FN:83,(anonymous_2)
FN:94,(anonymous_3)
FN:104,(anonymous_4)
FNF:5
FNH:0
FNDA:0,(anonymous_0)
FNDA:0,(anonymous_1)
FNDA:0,(anonymous_2)
FNDA:0,(anonymous_3)
FNDA:0,(anonymous_4)
DA:32,0
DA:37,0
DA:38,0
DA:39,0
DA:40,0
DA:41,0
DA:42,0
DA:44,0
DA:45,0
DA:46,0
DA:47,0
DA:56,0
DA:57,0
DA:59,0
DA:60,0
DA:63,0
DA:64,0
DA:67,0
DA:72,0
DA:73,0
DA:79,0
DA:83,0
DA:84,0
DA:86,0
DA:88,0
DA:89,0
DA:92,0
DA:93,0
DA:94,0
DA:95,0
DA:99,0
DA:101,0
DA:104,0
DA:105,0
DA:107,0
DA:109,0
DA:110,0
DA:111,0
DA:113,0
LF:39
LH:0
BRDA:56,0,0,0
BRDA:56,0,1,0
BRDA:57,1,0,0
BRDA:57,1,1,0
BRDA:60,2,0,0
BRDA:60,2,1,0
BRDA:63,3,0,0
BRDA:63,3,1,0
BRDA:64,4,0,0
BRDA:64,4,1,0
BRDA:69,5,0,0
BRDA:69,5,1,0
BRDA:75,6,0,0
BRDA:75,6,1,0
BRDA:84,7,0,0
BRDA:84,7,1,0
BRDA:88,8,0,0
BRDA:88,8,1,0
BRDA:92,9,0,0
BRDA:92,9,1,0
BRDA:107,10,0,0
BRDA:107,10,1,0
BRDA:111,11,0,0
BRDA:111,11,1,0
BRDA:111,12,0,0
BRDA:111,12,1,0
BRDA:146,13,0,0
BRDA:146,13,1,0
BRF:28
BRH:0
end_of_record
TN:
SF:src/components/cover-letters/CoverLetterTemplateLibrary.tsx
FN:22,(anonymous_0)
FN:29,(anonymous_1)
FN:46,(anonymous_2)
FN:59,(anonymous_3)
FN:68,(anonymous_4)
FN:72,(anonymous_5)
FN:79,(anonymous_6)
FN:80,(anonymous_7)
FN:89,(anonymous_8)
FN:118,(anonymous_9)
FN:123,(anonymous_10)
FN:129,(anonymous_11)
FN:132,(anonymous_12)
FN:145,(anonymous_13)
FN:159,(anonymous_14)
FN:171,(anonymous_15)
FNF:16
FNH:0
FNDA:0,(anonymous_0)
FNDA:0,(anonymous_1)
FNDA:0,(anonymous_2)
FNDA:0,(anonymous_3)
FNDA:0,(anonymous_4)
FNDA:0,(anonymous_5)
FNDA:0,(anonymous_6)
FNDA:0,(anonymous_7)
FNDA:0,(anonymous_8)
FNDA:0,(anonymous_9)
FNDA:0,(anonymous_10)
FNDA:0,(anonymous_11)
FNDA:0,(anonymous_12)
FNDA:0,(anonymous_13)
FNDA:0,(anonymous_14)
FNDA:0,(anonymous_15)
DA:22,0
DA:23,0
DA:24,0
DA:25,0
DA:27,0
DA:30,0
DA:31,0
DA:33,0
DA:40,0
DA:41,0
DA:45,0
DA:47,0
DA:48,0
DA:50,0
DA:57,0
DA:60,0
DA:61,0
DA:62,0
DA:63,0
DA:67,0
DA:69,0
DA:70,0
DA:73,0
DA:74,0
DA:78,0
DA:80,0
DA:81,0
DA:83,0
DA:87,0
DA:90,0
DA:118,0
DA:123,0
DA:129,0
DA:132,0
DA:145,0
DA:160,0
DA:161,0
DA:162,0
DA:172,0
DA:173,0
DA:174,0
LF:41
LH:0
BRDA:27,0,0,0
BRDA:31,1,0,0
BRDA:31,1,1,0
BRDA:40,2,0,0
BRDA:40,2,1,0
BRDA:48,3,0,0
BRDA:48,3,1,0
BRDA:57,4,0,0
BRDA:57,4,1,0
BRDA:70,5,0,0
BRDA:70,5,1,0
BRDA:81,6,0,0
BRDA:81,6,1,0
BRDA:85,7,0,0
BRDA:85,7,1,0
BRDA:87,8,0,0
BRDA:87,8,1,0
BRDA:133,9,0,0
BRDA:133,9,1,0
BRDA:173,10,0,0
BRDA:173,10,1,0
BRF:21
BRH:0
end_of_record
TN:
SF:src/components/cover-letters/CoverLetterTemplateSelector.tsx
FN:55,(anonymous_0)
FN:75,(anonymous_1)
FNF:2
FNH:0
FNDA:0,(anonymous_0)
FNDA:0,(anonymous_1)
DA:10,0
DA:55,0
DA:75,0
LF:3
LH:0
BRDA:73,0,0,0
BRDA:73,0,1,0
BRF:2
BRH:0
end_of_record
TN:
SF:src/components/cover-letters/CoverLetterToneStylePresets.tsx
FN:64,(anonymous_0)
FN:79,(anonymous_1)
FNF:2
FNH:0
FNDA:0,(anonymous_0)
FNDA:0,(anonymous_1)
DA:14,0
DA:64,0
DA:79,0
LF:3
LH:0
BRDA:77,0,0,0
BRDA:77,0,1,0
BRF:2
BRH:0
end_of_record
TN:
SF:src/components/documents/DocumentComments.tsx
FN:33,(anonymous_0)
FN:44,(anonymous_1)
FN:57,(anonymous_2)
FN:58,(anonymous_3)
FN:60,(anonymous_4)
FN:72,(anonymous_5)
FN:88,(anonymous_6)
FN:94,(anonymous_7)
FN:100,(anonymous_8)
FN:107,(anonymous_9)
FN:112,(anonymous_10)
FN:141,(anonymous_11)
FN:152,(anonymous_12)
FN:156,(anonymous_13)
FN:170,(anonymous_14)
FN:171,(anonymous_15)
FN:195,(anonymous_16)
FNF:17
FNH:0
FNDA:0,(anonymous_0)
FNDA:0,(anonymous_1)
FNDA:0,(anonymous_2)
FNDA:0,(anonymous_3)
FNDA:0,(anonymous_4)
FNDA:0,(anonymous_5)
FNDA:0,(anonymous_6)
FNDA:0,(anonymous_7)
FNDA:0,(anonymous_8)
FNDA:0,(anonymous_9)
FNDA:0,(anonymous_10)
FNDA:0,(anonymous_11)
FNDA:0,(anonymous_12)
FNDA:0,(anonymous_13)
FNDA:0,(anonymous_14)
FNDA:0,(anonymous_15)
FNDA:0,(anonymous_16)
DA:33,0
DA:38,0
DA:39,0
DA:40,0
DA:42,0
DA:45,0
DA:51,0
DA:52,0
DA:56,0
DA:57,0
DA:59,0
DA:60,0
DA:61,0
DA:65,0
DA:66,0
DA:71,0
DA:73,0
DA:74,0
DA:76,0
DA:86,0
DA:89,0
DA:90,0
DA:91,0
DA:92,0
DA:95,0
DA:99,0
DA:101,0
DA:105,0
DA:108,0
DA:112,0
DA:113,0
DA:114,0
DA:115,0
DA:116,0
DA:117,0
DA:141,0
DA:152,0
DA:156,0
DA:171,0
DA:196,0
LF:40
LH:0
BRDA:42,0,0,0
BRDA:51,1,0,0
BRDA:51,1,1,0
BRDA:56,2,0,0
BRDA:59,3,0,0
BRDA:59,3,1,0
BRDA:65,4,0,0
BRDA:65,4,1,0
BRDA:74,5,0,0
BRDA:74,5,1,0
BRDA:83,6,0,0
BRDA:83,6,1,0
BRDA:86,7,0,0
BRDA:86,7,1,0
BRDA:105,8,0,0
BRDA:105,8,1,0
BRDA:115,9,0,0
BRDA:115,9,1,0
BRDA:157,10,0,0
BRDA:157,10,1,0
BRDA:159,11,0,0
BRDA:159,11,1,0
BRDA:165,12,0,0
BRDA:165,12,1,0
BRDA:176,13,0,0
BRDA:176,13,1,0
BRDA:182,14,0,0
BRDA:182,14,1,0
BRDA:182,14,2,0
BRF:29
BRH:0
end_of_record
TN:
SF:src/components/documents/DocumentShareDialog.tsx
FN:33,(anonymous_0)
FN:45,(anonymous_1)
FN:58,(anonymous_2)
FN:59,(anonymous_3)
FN:64,(anonymous_4)
FN:72,(anonymous_5)
FN:99,(anonymous_6)
FN:104,(anonymous_7)
FN:110,(anonymous_8)
FN:117,(anonymous_9)
FN:121,(anonymous_10)
FN:144,(anonymous_11)
FN:152,(anonymous_12)
FN:165,(anonymous_13)
FN:176,(anonymous_14)
FN:177,(anonymous_15)
FN:198,(anonymous_16)
FNF:17
FNH:0
FNDA:0,(anonymous_0)
FNDA:0,(anonymous_1)
FNDA:0,(anonymous_2)
FNDA:0,(anonymous_3)
FNDA:0,(anonymous_4)
FNDA:0,(anonymous_5)
FNDA:0,(anonymous_6)
FNDA:0,(anonymous_7)
FNDA:0,(anonymous_8)
FNDA:0,(anonymous_9)
FNDA:0,(anonymous_10)
FNDA:0,(anonymous_11)
FNDA:0,(anonymous_12)
FNDA:0,(anonymous_13)
FNDA:0,(anonymous_14)
FNDA:0,(anonymous_15)
FNDA:0,(anonymous_16)
DA:33,0
DA:39,0
DA:40,0
DA:41,0
DA:43,0
DA:46,0
DA:51,0
DA:52,0
DA:57,0
DA:58,0
DA:60,0
DA:61,0
DA:64,0
DA:65,0
DA:66,0
DA:71,0
DA:73,0
DA:74,0
DA:77,0
DA:83,0
DA:84,0
DA:87,0
DA:97,0
DA:100,0
DA:101,0
DA:102,0
DA:105,0
DA:109,0
DA:111,0
DA:115,0
DA:118,0
DA:119,0
DA:122,0
DA:144,0
DA:152,0
DA:165,0
DA:177,0
DA:198,0
LF:38
LH:0
BRDA:43,0,0,0
BRDA:51,1,0,0
BRDA:51,1,1,0
BRDA:57,2,0,0
BRDA:60,3,0,0
BRDA:60,3,1,0
BRDA:65,4,0,0
BRDA:65,4,1,0
BRDA:74,5,0,0
BRDA:74,5,1,0
BRDA:83,6,0,0
BRDA:83,6,1,0
BRDA:83,7,0,0
BRDA:83,7,1,0
BRDA:97,8,0,0
BRDA:97,8,1,0
BRDA:105,9,0,0
BRDA:105,9,1,0
BRDA:115,10,0,0
BRDA:115,10,1,0
BRDA:166,11,0,0
BRDA:166,11,1,0
BRDA:169,12,0,0
BRDA:169,12,1,0
BRDA:185,13,0,0
BRDA:185,13,1,0
BRDA:185,13,2,0
BRDA:192,14,0,0
BRDA:192,14,1,0
BRF:29
BRH:0
end_of_record
TN:
SF:src/components/documents/VersionHistory.tsx
FN:19,(anonymous_0)
FN:70,(anonymous_1)
FNF:2
FNH:0
FNDA:0,(anonymous_0)
FNDA:0,(anonymous_1)
DA:19,0
DA:20,0
DA:70,0
LF:3
LH:0
BRDA:20,0,0,0
BRDA:20,0,1,0
BRDA:20,1,0,0
BRDA:20,1,1,0
BRDA:51,2,0,0
BRDA:51,2,1,0
BRF:6
BRH:0
end_of_record
TN:
SF:src/components/editor/GrammarChecker.tsx
FN:20,(anonymous_0)
FN:26,(anonymous_1)
FN:59,(anonymous_2)
FN:66,(anonymous_3)
FN:77,(anonymous_4)
FNF:5
FNH:0
FNDA:0,(anonymous_0)
FNDA:0,(anonymous_1)
FNDA:0,(anonymous_2)
FNDA:0,(anonymous_3)
FNDA:0,(anonymous_4)
DA:20,0
DA:21,0
DA:22,0
DA:23,0
DA:24,0
DA:26,0
DA:27,0
DA:28,0
DA:29,0
DA:32,0
DA:33,0
DA:35,0
DA:36,0
DA:40,0
DA:42,0
DA:43,0
DA:44,0
DA:46,0
DA:47,0
DA:49,0
DA:52,0
DA:53,0
DA:55,0
DA:59,0
DA:60,0
DA:61,0
DA:62,0
DA:66,0
DA:67,0
DA:69,0
DA:71,0
DA:73,0
DA:77,0
DA:78,0
LF:34
LH:0
BRDA:27,0,0,0
BRDA:27,0,1,0
BRDA:40,1,0,0
BRDA:40,1,1,0
BRDA:42,2,0,0
BRDA:42,2,1,0
BRDA:43,3,0,0
BRDA:43,3,1,0
BRDA:46,4,0,0
BRDA:46,4,1,0
BRDA:49,5,0,0
BRDA:49,5,1,0
BRDA:60,6,0,0
BRDA:60,6,1,0
BRDA:60,7,0,0
BRDA:60,7,1,0
BRDA:67,8,0,0
BRDA:67,8,1,0
BRDA:67,8,2,0
BRDA:90,9,0,0
BRDA:90,9,1,0
BRDA:111,10,0,0
BRDA:111,10,1,0
BRDA:111,11,0,0
BRDA:111,11,1,0
BRF:25
BRH:0
end_of_record
TN:
SF:src/components/family/FamilySupportDashboard.tsx
FN:15,FamilySupportDashboard
FN:24,(anonymous_1)
FN:38,(anonymous_2)
FN:56,(anonymous_3)
FN:70,(anonymous_4)
FN:85,(anonymous_5)
FN:97,(anonymous_6)
FN:105,(anonymous_7)
FN:110,(anonymous_8)
FN:178,(anonymous_9)
FN:187,(anonymous_10)
FN:191,(anonymous_11)
FN:249,(anonymous_12)
FNF:13
FNH:0
FNDA:0,FamilySupportDashboard
FNDA:0,(anonymous_1)
FNDA:0,(anonymous_2)
FNDA:0,(anonymous_3)
FNDA:0,(anonymous_4)
FNDA:0,(anonymous_5)
FNDA:0,(anonymous_6)
FNDA:0,(anonymous_7)
FNDA:0,(anonymous_8)
FNDA:0,(anonymous_9)
FNDA:0,(anonymous_10)
FNDA:0,(anonymous_11)
FNDA:0,(anonymous_12)
DA:16,0
DA:17,0
DA:18,0
DA:19,0
DA:22,0
DA:25,0
DA:30,0
DA:31,0
DA:36,0
DA:39,0
DA:48,0
DA:49,0
DA:54,0
DA:57,0
DA:63,0
DA:64,0
DA:69,0
DA:71,0
DA:72,0
DA:74,0
DA:83,0
DA:86,0
DA:87,0
DA:88,0
DA:96,0
DA:98,0
DA:103,0
DA:106,0
DA:110,0
DA:178,0
DA:187,0
DA:191,0
DA:249,0
LF:33
LH:0
BRDA:30,0,0,0
BRDA:30,0,1,0
BRDA:48,1,0,0
BRDA:48,1,1,0
BRDA:63,2,0,0
BRDA:63,2,1,0
BRDA:72,3,0,0
BRDA:72,3,1,0
BRDA:83,4,0,0
BRDA:83,4,1,0
BRDA:103,5,0,0
BRDA:103,5,1,0
BRDA:110,6,0,0
BRDA:110,6,1,0
BRDA:129,7,0,0
BRDA:129,7,1,0
BRDA:143,8,0,0
BRDA:143,8,1,0
BRDA:176,9,0,0
BRDA:176,9,1,0
BRDA:192,10,0,0
BRDA:192,10,1,0
BRDA:222,11,0,0
BRDA:222,11,1,0
BRDA:228,12,0,0
BRDA:228,12,1,0
BRDA:231,13,0,0
BRDA:231,13,1,0
BRDA:283,14,0,0
BRDA:283,14,1,0
BRDA:284,15,0,0
BRDA:284,15,1,0
BRF:32
BRH:0
end_of_record
TN:
SF:src/components/institutional/AggregateReporting.tsx
FN:6,(anonymous_0)
FN:9,(anonymous_1)
FN:27,(anonymous_2)
FN:35,(anonymous_3)
FNF:4
FNH:0
FNDA:0,(anonymous_0)
FNDA:0,(anonymous_1)
FNDA:0,(anonymous_2)
FNDA:0,(anonymous_3)
DA:6,0
DA:7,0
DA:10,0
DA:11,0
DA:14,0
DA:20,0
DA:22,0
DA:27,0
DA:28,0
DA:30,0
DA:35,0
DA:37,0
LF:12
LH:0
BRDA:11,0,0,0
BRDA:11,0,1,0
BRDA:20,1,0,0
BRDA:20,1,1,0
BRDA:27,2,0,0
BRDA:27,2,1,0
BRDA:28,3,0,0
BRDA:28,3,1,0
BRDA:35,4,0,0
BRDA:35,4,1,0
BRDA:38,5,0,0
BRDA:38,5,1,0
BRDA:63,6,0,0
BRDA:63,6,1,0
BRDA:75,7,0,0
BRDA:75,7,1,0
BRDA:87,8,0,0
BRDA:87,8,1,0
BRDA:99,9,0,0
BRDA:99,9,1,0
BRF:20
BRH:0
end_of_record
TN:
SF:src/components/institutional/BulkOnboarding.tsx
FN:12,(anonymous_0)
FN:21,(anonymous_1)
FN:32,(anonymous_2)
FN:58,(anonymous_3)
FN:59,(anonymous_4)
FN:64,(anonymous_5)
FN:72,(anonymous_6)
FN:92,(anonymous_7)
FN:101,(anonymous_8)
FN:111,(anonymous_9)
FN:119,(anonymous_10)
FN:128,(anonymous_11)
FNF:12
FNH:0
FNDA:0,(anonymous_0)
FNDA:0,(anonymous_1)
FNDA:0,(anonymous_2)
FNDA:0,(anonymous_3)
FNDA:0,(anonymous_4)
FNDA:0,(anonymous_5)
FNDA:0,(anonymous_6)
FNDA:0,(anonymous_7)
FNDA:0,(anonymous_8)
FNDA:0,(anonymous_9)
FNDA:0,(anonymous_10)
FNDA:0,(anonymous_11)
DA:12,0
DA:13,0
DA:14,0
DA:15,0
DA:16,0
DA:17,0
DA:19,0
DA:22,0
DA:26,0
DA:27,0
DA:31,0
DA:33,0
DA:34,0
DA:36,0
DA:42,0
DA:44,0
DA:55,0
DA:58,0
DA:59,0
DA:61,0
DA:62,0
DA:65,0
DA:66,0
DA:67,0
DA:68,0
DA:69,0
DA:70,0
DA:73,0
DA:92,0
DA:101,0
DA:111,0
DA:119,0
DA:128,0
LF:33
LH:0
BRDA:26,0,0,0
BRDA:26,0,1,0
BRDA:34,1,0,0
BRDA:34,1,1,0
BRDA:42,2,0,0
BRDA:42,2,1,0
BRDA:55,3,0,0
BRDA:55,3,1,0
BRDA:129,4,0,0
BRDA:129,4,1,0
BRDA:129,4,2,0
BRDA:151,5,0,0
BRDA:151,5,1,0
BRF:13
BRH:0
end_of_record
TN:
SF:src/components/institutional/ComplianceManager.tsx
FN:8,(anonymous_0)
FN:11,(anonymous_1)
FN:24,(anonymous_2)
FNF:3
FNH:0
FNDA:0,(anonymous_0)
FNDA:0,(anonymous_1)
FNDA:0,(anonymous_2)
DA:8,0
DA:9,0
DA:12,0
DA:17,0
DA:18,0
DA:22,0
DA:25,0
DA:29,0
DA:30,0
LF:9
LH:0
BRDA:17,0,0,0
BRDA:17,0,1,0
BRDA:29,1,0,0
BRDA:29,1,1,0
BRDA:65,2,0,0
BRDA:65,2,1,0
BRDA:66,3,0,0
BRDA:66,3,1,0
BRF:8
BRH:0
end_of_record
TN:
SF:src/components/institutional/InstitutionalSettings.tsx
FN:10,(anonymous_0)
FN:22,(anonymous_1)
FN:42,(anonymous_2)
FN:59,(anonymous_3)
FN:63,(anonymous_4)
FN:83,(anonymous_5)
FN:92,(anonymous_6)
FN:104,(anonymous_7)
FN:109,(anonymous_8)
FN:121,(anonymous_9)
FN:126,(anonymous_10)
FN:137,(anonymous_11)
FN:141,(anonymous_12)
FNF:13
FNH:0
FNDA:0,(anonymous_0)
FNDA:0,(anonymous_1)
FNDA:0,(anonymous_2)
FNDA:0,(anonymous_3)
FNDA:0,(anonymous_4)
FNDA:0,(anonymous_5)
FNDA:0,(anonymous_6)
FNDA:0,(anonymous_7)
FNDA:0,(anonymous_8)
FNDA:0,(anonymous_9)
FNDA:0,(anonymous_10)
FNDA:0,(anonymous_11)
FNDA:0,(anonymous_12)
DA:10,0
DA:11,0
DA:12,0
DA:20,0
DA:23,0
DA:27,0
DA:28,0
DA:29,0
DA:37,0
DA:41,0
DA:43,0
DA:44,0
DA:46,0
DA:47,0
DA:51,0
DA:53,0
DA:56,0
DA:60,0
DA:61,0
DA:64,0
DA:83,0
DA:92,0
DA:104,0
DA:109,0
DA:121,0
DA:126,0
DA:137,0
DA:141,0
LF:28
LH:0
BRDA:27,0,0,0
BRDA:27,0,1,0
BRDA:27,1,0,0
BRDA:27,1,1,0
BRDA:28,2,0,0
BRDA:28,2,1,0
BRDA:30,3,0,0
BRDA:30,3,1,0
BRDA:31,4,0,0
BRDA:31,4,1,0
BRDA:32,5,0,0
BRDA:32,5,1,0
BRDA:33,6,0,0
BRDA:33,6,1,0
BRDA:34,7,0,0
BRDA:34,7,1,0
BRDA:44,8,0,0
BRDA:44,8,1,0
BRDA:46,9,0,0
BRDA:46,9,1,0
BRDA:51,10,0,0
BRDA:51,10,1,0
BRDA:56,11,0,0
BRDA:56,11,1,0
BRF:24
BRH:0
end_of_record
TN:
SF:src/components/interviews/AddChallengeDialog.tsx
FN:30,AddChallengeDialog
FN:39,(anonymous_1)
FN:45,(anonymous_2)
FN:46,(anonymous_3)
FN:49,(anonymous_4)
FN:107,(anonymous_5)
FN:117,(anonymous_6)
FN:125,(anonymous_7)
FN:161,(anonymous_8)
FN:174,(anonymous_9)
FN:187,(anonymous_10)
FNF:11
FNH:0
FNDA:0,AddChallengeDialog
FNDA:0,(anonymous_1)
FNDA:0,(anonymous_2)
FNDA:0,(anonymous_3)
FNDA:0,(anonymous_4)
FNDA:0,(anonymous_5)
FNDA:0,(anonymous_6)
FNDA:0,(anonymous_7)
FNDA:0,(anonymous_8)
FNDA:0,(anonymous_9)
FNDA:0,(anonymous_10)
DA:20,0
DA:25,0
DA:31,0
DA:32,0
DA:33,0
DA:34,0
DA:35,0
DA:36,0
DA:37,0
DA:39,0
DA:40,0
DA:41,0
DA:45,0
DA:46,0
DA:49,0
DA:50,0
DA:51,0
DA:52,0
DA:55,0
DA:56,0
DA:57,0
DA:70,0
DA:72,0
DA:73,0
DA:74,0
DA:77,0
DA:78,0
DA:79,0
DA:80,0
DA:81,0
DA:83,0
DA:84,0
DA:86,0
DA:107,0
DA:117,0
DA:125,0
DA:161,0
DA:174,0
DA:187,0
LF:39
LH:0
BRDA:40,0,0,0
BRDA:40,0,1,0
BRDA:50,1,0,0
BRDA:50,1,1,0
BRDA:50,2,0,0
BRDA:50,2,1,0
BRDA:50,2,2,0
BRDA:50,2,3,0
BRDA:70,3,0,0
BRDA:70,3,1,0
BRF:10
BRH:0
end_of_record
TN:
SF:src/components/interviews/CompanyResearchReport.tsx
FN:71,(anonymous_0)
FN:92,(anonymous_1)
FN:113,(anonymous_2)
FN:114,(anonymous_3)
FN:117,(anonymous_4)
FN:154,(anonymous_5)
FN:159,(anonymous_6)
FN:161,(anonymous_7)
FN:310,(anonymous_8)
FN:344,(anonymous_9)
FN:355,(anonymous_10)
FN:361,(anonymous_11)
FN:366,(anonymous_12)
FN:406,(anonymous_13)
FNF:14
FNH:0
FNDA:0,(anonymous_0)
FNDA:0,(anonymous_1)
FNDA:0,(anonymous_2)
FNDA:0,(anonymous_3)
FNDA:0,(anonymous_4)
FNDA:0,(anonymous_5)
FNDA:0,(anonymous_6)
FNDA:0,(anonymous_7)
FNDA:0,(anonymous_8)
FNDA:0,(anonymous_9)
FNDA:0,(anonymous_10)
FNDA:0,(anonymous_11)
FNDA:0,(anonymous_12)
FNDA:0,(anonymous_13)
DA:71,0
DA:78,0
DA:79,0
DA:80,0
DA:81,0
DA:82,0
DA:83,0
DA:84,0
DA:87,0
DA:88,0
DA:90,0
DA:92,0
DA:93,0
DA:94,0
DA:95,0
DA:97,0
DA:98,0
DA:99,0
DA:102,0
DA:107,0
DA:108,0
DA:109,0
DA:110,0
DA:113,0
DA:114,0
DA:117,0
DA:118,0
DA:119,0
DA:120,0
DA:123,0
DA:124,0
DA:125,0
DA:135,0
DA:137,0
DA:138,0
DA:139,0
DA:141,0
DA:142,0
DA:143,0
DA:144,0
DA:145,0
DA:147,0
DA:150,0
DA:154,0
DA:155,0
DA:156,0
DA:159,0
DA:160,0
DA:161,0
DA:162,0
DA:163,0
DA:167,0
DA:310,0
DA:344,0
DA:355,0
DA:361,0
DA:366,0
DA:406,0
LF:58
LH:0
BRDA:85,0,0,0
BRDA:85,0,1,0
BRDA:90,1,0,0
BRDA:90,1,1,0
BRDA:93,2,0,0
BRDA:93,2,1,0
BRDA:97,3,0,0
BRDA:97,3,1,0
BRDA:97,4,0,0
BRDA:97,4,1,0
BRDA:103,5,0,0
BRDA:103,5,1,0
BRDA:104,6,0,0
BRDA:104,6,1,0
BRDA:118,7,0,0
BRDA:118,7,1,0
BRDA:118,8,0,0
BRDA:118,8,1,0
BRDA:130,9,0,0
BRDA:130,9,1,0
BRDA:131,10,0,0
BRDA:131,10,1,0
BRDA:135,11,0,0
BRDA:135,11,1,0
BRDA:142,12,0,0
BRDA:142,12,1,0
BRDA:144,13,0,0
BRDA:144,13,1,0
BRDA:156,14,0,0
BRDA:156,14,1,0
BRDA:167,15,0,0
BRDA:167,15,1,0
BRDA:167,16,0,0
BRDA:167,16,1,0
BRDA:387,17,0,0
BRDA:387,17,1,0
BRDA:387,17,2,0
BRDA:391,18,0,0
BRDA:391,18,1,0
BRF:39
BRH:0
end_of_record
TN:
SF:src/components/interviews/InterviewChecklistCard.tsx
FN:20,(anonymous_0)
FN:29,(anonymous_1)
FN:34,(anonymous_2)
FN:35,(anonymous_3)
FN:36,(anonymous_4)
FN:41,(anonymous_5)
FN:86,(anonymous_6)
FN:87,(anonymous_7)
FN:88,(anonymous_8)
FN:96,(anonymous_9)
FN:101,(anonymous_10)
FN:107,(anonymous_11)
FN:127,(anonymous_12)
FN:131,(anonymous_13)
FN:139,(anonymous_14)
FN:172,(anonymous_15)
FN:233,(anonymous_16)
FN:282,(anonymous_17)
FN:299,(anonymous_18)
FN:300,(anonymous_19)
FN:331,(anonymous_20)
FN:344,(anonymous_21)
FNF:22
FNH:0
FNDA:0,(anonymous_0)
FNDA:0,(anonymous_1)
FNDA:0,(anonymous_2)
FNDA:0,(anonymous_3)
FNDA:0,(anonymous_4)
FNDA:0,(anonymous_5)
FNDA:0,(anonymous_6)
FNDA:0,(anonymous_7)
FNDA:0,(anonymous_8)
FNDA:0,(anonymous_9)
FNDA:0,(anonymous_10)
FNDA:0,(anonymous_11)
FNDA:0,(anonymous_12)
FNDA:0,(anonymous_13)
FNDA:0,(anonymous_14)
FNDA:0,(anonymous_15)
FNDA:0,(anonymous_16)
FNDA:0,(anonymous_17)
FNDA:0,(anonymous_18)
FNDA:0,(anonymous_19)
FNDA:0,(anonymous_20)
FNDA:0,(anonymous_21)
DA:20,0
DA:21,0
DA:22,0
DA:23,0
DA:24,0
DA:25,0
DA:26,0
DA:28,0
DA:29,0
DA:30,0
DA:31,0
DA:34,0
DA:35,0
DA:36,0
DA:37,0
DA:41,0
DA:42,0
DA:45,0
DA:46,0
DA:53,0
DA:54,0
DA:61,0
DA:62,0
DA:69,0
DA:71,0
DA:72,0
DA:78,0
DA:79,0
DA:86,0
DA:87,0
DA:88,0
DA:89,0
DA:94,0
DA:96,0
DA:97,0
DA:100,0
DA:101,0
DA:103,0
DA:104,0
DA:107,0
DA:108,0
DA:110,0
DA:112,0
DA:113,0
DA:118,0
DA:121,0
DA:123,0
DA:124,0
DA:127,0
DA:128,0
DA:131,0
DA:132,0
DA:133,0
DA:134,0
DA:139,0
DA:140,0
DA:141,0
DA:142,0
DA:145,0
DA:146,0
DA:147,0
DA:157,0
DA:159,0
DA:160,0
DA:161,0
DA:162,0
DA:163,0
DA:165,0
DA:166,0
DA:168,0
DA:172,0
DA:173,0
DA:175,0
DA:176,0
DA:186,0
DA:188,0
DA:189,0
DA:191,0
DA:192,0
DA:233,0
DA:282,0
DA:299,0
DA:301,0
DA:302,0
DA:303,0
DA:332,0
DA:333,0
DA:344,0
LF:88
LH:0
BRDA:28,0,0,0
BRDA:28,0,1,0
BRDA:31,1,0,0
BRDA:31,1,1,0
BRDA:34,2,0,0
BRDA:34,2,1,0
BRDA:36,3,0,0
BRDA:36,3,1,0
BRDA:45,4,0,0
BRDA:45,4,1,0
BRDA:45,5,0,0
BRDA:45,5,1,0
BRDA:53,6,0,0
BRDA:53,6,1,0
BRDA:61,7,0,0
BRDA:61,7,1,0
BRDA:69,8,0,0
BRDA:69,8,1,0
BRDA:71,9,0,0
BRDA:71,9,1,0
BRDA:71,10,0,0
BRDA:71,10,1,0
BRDA:71,10,2,0
BRDA:78,11,0,0
BRDA:78,11,1,0
BRDA:78,12,0,0
BRDA:78,12,1,0
BRDA:97,13,0,0
BRDA:97,13,1,0
BRDA:104,14,0,0
BRDA:104,14,1,0
BRDA:108,15,0,0
BRDA:108,15,1,0
BRDA:118,16,0,0
BRDA:118,16,1,0
BRDA:128,17,0,0
BRDA:128,17,1,0
BRDA:140,18,0,0
BRDA:140,18,1,0
BRDA:140,19,0,0
BRDA:140,19,1,0
BRDA:157,20,0,0
BRDA:157,20,1,0
BRDA:173,21,0,0
BRDA:173,21,1,0
BRDA:186,22,0,0
BRDA:186,22,1,0
BRDA:228,23,0,0
BRDA:228,23,1,0
BRDA:240,24,0,0
BRDA:240,24,1,0
BRDA:301,25,0,0
BRDA:301,25,1,0
BRDA:301,26,0,0
BRDA:301,26,1,0
BRDA:322,27,0,0
BRDA:322,27,1,0
BRF:57
BRH:0
end_of_record
TN:
SF:src/components/interviews/InterviewFollowupTemplates.tsx
FN:47,InterviewFollowupTemplates
FN:60,(anonymous_1)
FN:65,(anonymous_2)
FN:69,(anonymous_3)
FN:86,(anonymous_4)
FN:104,(anonymous_5)
FN:173,(anonymous_6)
FN:191,(anonymous_7)
FN:229,(anonymous_8)
FN:255,(anonymous_9)
FN:297,(anonymous_10)
FN:306,(anonymous_11)
FN:325,(anonymous_12)
FN:336,(anonymous_13)
FN:383,(anonymous_14)
FN:412,(anonymous_15)
FNF:16
FNH:0
FNDA:0,InterviewFollowupTemplates
FNDA:0,(anonymous_1)
FNDA:0,(anonymous_2)
FNDA:0,(anonymous_3)
FNDA:0,(anonymous_4)
FNDA:0,(anonymous_5)
FNDA:0,(anonymous_6)
FNDA:0,(anonymous_7)
FNDA:0,(anonymous_8)
FNDA:0,(anonymous_9)
FNDA:0,(anonymous_10)
FNDA:0,(anonymous_11)
FNDA:0,(anonymous_12)
FNDA:0,(anonymous_13)
FNDA:0,(anonymous_14)
FNDA:0,(anonymous_15)
DA:40,0
DA:48,0
DA:49,0
DA:51,0
DA:52,0
DA:53,0
DA:54,0
DA:55,0
DA:56,0
DA:57,0
DA:58,0
DA:60,0
DA:61,0
DA:62,0
DA:65,0
DA:66,0
DA:69,0
DA:70,0
DA:72,0
DA:73,0
DA:79,0
DA:80,0
DA:82,0
DA:86,0
DA:87,0
DA:89,0
DA:90,0
DA:96,0
DA:97,0
DA:100,0
DA:104,0
DA:105,0
DA:106,0
DA:107,0
DA:108,0
DA:110,0
DA:111,0
DA:113,0
DA:115,0
DA:116,0
DA:126,0
DA:129,0
DA:130,0
DA:140,0
DA:143,0
DA:144,0
DA:154,0
DA:157,0
DA:158,0
DA:166,0
DA:169,0
DA:170,0
DA:173,0
DA:174,0
DA:176,0
DA:177,0
DA:178,0
DA:183,0
DA:191,0
DA:192,0
DA:194,0
DA:195,0
DA:196,0
DA:208,0
DA:210,0
DA:215,0
DA:216,0
DA:218,0
DA:219,0
DA:225,0
DA:229,0
DA:230,0
DA:231,0
DA:236,0
DA:238,0
DA:243,0
DA:244,0
DA:246,0
DA:247,0
DA:255,0
DA:297,0
DA:306,0
DA:325,0
DA:336,0
DA:383,0
DA:412,0
LF:86
LH:0
BRDA:70,0,0,0
BRDA:70,0,1,0
BRDA:79,1,0,0
BRDA:79,1,1,0
BRDA:80,2,0,0
BRDA:80,2,1,0
BRDA:87,3,0,0
BRDA:87,3,1,0
BRDA:96,4,0,0
BRDA:96,4,1,0
BRDA:96,5,0,0
BRDA:96,5,1,0
BRDA:105,6,0,0
BRDA:105,6,1,0
BRDA:106,7,0,0
BRDA:106,7,1,0
BRDA:107,8,0,0
BRDA:107,8,1,0
BRDA:108,9,0,0
BRDA:108,9,1,0
BRDA:113,10,0,0
BRDA:113,10,1,0
BRDA:113,10,2,0
BRDA:113,10,3,0
BRDA:192,11,0,0
BRDA:192,11,1,0
BRDA:205,12,0,0
BRDA:205,12,1,0
BRDA:208,13,0,0
BRDA:208,13,1,0
BRDA:212,14,0,0
BRDA:212,14,1,0
BRDA:236,15,0,0
BRDA:236,15,1,0
BRDA:318,16,0,0
BRDA:318,16,1,0
BRDA:326,17,0,0
BRDA:326,17,1,0
BRDA:326,17,2,0
BRDA:337,18,0,0
BRDA:337,18,1,0
BRDA:337,18,2,0
BRDA:383,19,0,0
BRDA:383,19,1,0
BRF:44
BRH:0
end_of_record
TN:
SF:src/components/interviews/InterviewReminders.tsx
FN:14,(anonymous_0)
FN:17,(anonymous_1)
FN:18,(anonymous_2)
FN:22,(anonymous_3)
FN:53,(anonymous_4)
FN:66,(anonymous_5)
FN:71,(anonymous_6)
FN:119,(anonymous_7)
FNF:8
FNH:0
FNDA:0,(anonymous_0)
FNDA:0,(anonymous_1)
FNDA:0,(anonymous_2)
FNDA:0,(anonymous_3)
FNDA:0,(anonymous_4)
FNDA:0,(anonymous_5)
FNDA:0,(anonymous_6)
FNDA:0,(anonymous_7)
DA:14,0
DA:15,0
DA:17,0
DA:18,0
DA:19,0
DA:20,0
DA:22,0
DA:23,0
DA:25,0
DA:26,0
DA:27,0
DA:30,0
DA:34,0
DA:36,0
DA:37,0
DA:38,0
DA:40,0
DA:44,0
DA:45,0
DA:48,0
DA:53,0
DA:54,0
DA:55,0
DA:56,0
DA:59,0
DA:62,0
DA:64,0
DA:66,0
DA:69,0
DA:71,0
DA:72,0
DA:119,0
LF:32
LH:0
BRDA:23,0,0,0
BRDA:23,0,1,0
BRDA:23,1,0,0
BRDA:23,1,1,0
BRDA:30,2,0,0
BRDA:30,2,1,0
BRDA:30,3,0,0
BRDA:30,3,1,0
BRDA:34,4,0,0
BRDA:34,4,1,0
BRDA:37,5,0,0
BRDA:37,5,1,0
BRDA:38,6,0,0
BRDA:38,6,1,0
BRDA:40,7,0,0
BRDA:40,7,1,0
BRDA:45,8,0,0
BRDA:45,8,1,0
BRDA:69,9,0,0
BRDA:69,9,1,0
BRDA:72,10,0,0
BRDA:72,10,1,NaN
BRDA:72,10,2,NaN
BRDA:72,10,3,NaN
BRDA:72,10,4,NaN
BRDA:90,11,0,0
BRDA:90,11,1,0
BRDA:95,12,0,0
BRDA:95,12,1,0
BRDA:100,13,0,0
BRDA:100,13,1,0
BRDA:105,14,0,0
BRDA:105,14,1,0
BRF:33
BRH:0
end_of_record
TN:
SF:src/components/interviews/InterviewSuccessScore.tsx
FN:45,(anonymous_0)
FN:49,(anonymous_1)
FN:53,(anonymous_2)
FN:67,(anonymous_3)
FN:80,(anonymous_4)
FN:113,(anonymous_5)
FN:178,(anonymous_6)
FN:180,(anonymous_7)
FN:221,(anonymous_8)
FN:227,(anonymous_9)
FNF:10
FNH:0
FNDA:0,(anonymous_0)
FNDA:0,(anonymous_1)
FNDA:0,(anonymous_2)
FNDA:0,(anonymous_3)
FNDA:0,(anonymous_4)
FNDA:0,(anonymous_5)
FNDA:0,(anonymous_6)
FNDA:0,(anonymous_7)
FNDA:0,(anonymous_8)
FNDA:0,(anonymous_9)
DA:45,0
DA:46,0
DA:47,0
DA:49,0
DA:50,0
DA:53,0
DA:54,0
DA:62,0
DA:63,0
DA:67,0
DA:68,0
DA:69,0
DA:70,0
DA:71,0
DA:74,0
DA:79,0
DA:80,0
DA:81,0
DA:84,0
DA:90,0
DA:93,0
DA:99,0
DA:102,0
DA:105,0
DA:112,0
DA:113,0
DA:114,0
DA:117,0
DA:126,0
DA:127,0
DA:128,0
DA:131,0
DA:132,0
DA:133,0
DA:134,0
DA:135,0
DA:136,0
DA:137,0
DA:139,0
DA:142,0
DA:144,0
DA:148,0
DA:149,0
DA:150,0
DA:151,0
DA:153,0
DA:157,0
DA:159,0
DA:160,0
DA:163,0
DA:164,0
DA:167,0
DA:168,0
DA:171,0
DA:172,0
DA:173,0
DA:174,0
DA:177,0
DA:178,0
DA:180,0
DA:182,0
DA:196,0
DA:209,0
DA:211,0
DA:212,0
DA:214,0
DA:215,0
DA:217,0
DA:221,0
DA:222,0
DA:223,0
DA:224,0
DA:227,0
DA:228,0
DA:230,0
DA:232,0
DA:234,0
DA:236,0
LF:78
LH:0
BRDA:62,0,0,0
BRDA:62,0,1,0
BRDA:71,1,0,0
BRDA:71,1,1,0
BRDA:79,2,0,0
BRDA:79,2,1,0
BRDA:80,3,0,0
BRDA:80,3,1,0
BRDA:81,4,0,0
BRDA:81,4,1,0
BRDA:90,5,0,0
BRDA:90,5,1,0
BRDA:99,6,0,0
BRDA:99,6,1,0
BRDA:102,7,0,0
BRDA:102,7,1,0
BRDA:112,8,0,0
BRDA:112,8,1,0
BRDA:113,9,0,0
BRDA:113,9,1,0
BRDA:114,10,0,0
BRDA:114,10,1,0
BRDA:132,11,0,0
BRDA:132,11,1,0
BRDA:134,12,0,0
BRDA:134,12,1,0
BRDA:136,13,0,0
BRDA:136,13,1,0
BRDA:148,14,0,0
BRDA:148,14,1,0
BRDA:150,15,0,0
BRDA:150,15,1,0
BRDA:159,16,0,0
BRDA:159,16,1,0
BRDA:163,17,0,0
BRDA:163,17,1,0
BRDA:167,18,0,0
BRDA:167,18,1,0
BRDA:171,19,0,0
BRDA:171,19,1,0
BRDA:173,20,0,0
BRDA:173,20,1,0
BRDA:209,21,0,0
BRDA:209,21,1,0
BRDA:222,22,0,0
BRDA:222,22,1,0
BRDA:223,23,0,0
BRDA:223,23,1,0
BRDA:228,24,0,0
BRDA:228,24,1,0
BRDA:228,24,2,0
BRDA:228,24,3,0
BRDA:316,25,0,0
BRDA:316,25,1,0
BRDA:338,26,0,0
BRDA:338,26,1,0
BRDA:367,27,0,0
BRDA:367,27,1,0
BRF:58
BRH:0
end_of_record
TN:
SF:src/components/interviews/MockInterviewSetup.tsx
FN:24,MockInterviewSetup
FN:36,(anonymous_1)
FN:37,(anonymous_2)
FN:58,(anonymous_3)
FN:77,(anonymous_4)
FN:107,(anonymous_5)
FN:138,(anonymous_6)
FN:144,(anonymous_7)
FN:161,(anonymous_8)
FN:177,(anonymous_9)
FN:192,(anonymous_10)
FNF:11
FNH:0
FNDA:0,MockInterviewSetup
FNDA:0,(anonymous_1)
FNDA:0,(anonymous_2)
FNDA:0,(anonymous_3)
FNDA:0,(anonymous_4)
FNDA:0,(anonymous_5)
FNDA:0,(anonymous_6)
FNDA:0,(anonymous_7)
FNDA:0,(anonymous_8)
FNDA:0,(anonymous_9)
FNDA:0,(anonymous_10)
DA:25,0
DA:26,0
DA:27,0
DA:28,0
DA:29,0
DA:31,0
DA:32,0
DA:33,0
DA:34,0
DA:36,0
DA:37,0
DA:38,0
DA:40,0
DA:48,0
DA:49,0
DA:53,0
DA:54,0
DA:58,0
DA:59,0
DA:60,0
DA:65,0
DA:68,0
DA:70,0
DA:72,0
DA:73,0
DA:74,0
DA:77,0
DA:79,0
DA:93,0
DA:95,0
DA:96,0
DA:99,0
DA:104,0
DA:107,0
DA:108,0
DA:110,0
DA:111,0
DA:117,0
DA:138,0
DA:144,0
DA:161,0
DA:177,0
DA:192,0
LF:43
LH:0
BRDA:38,0,0,0
BRDA:38,0,1,0
BRDA:48,1,0,0
BRDA:48,1,1,0
BRDA:53,2,0,0
BRDA:53,2,1,0
BRDA:59,3,0,0
BRDA:59,3,1,0
BRDA:59,4,0,0
BRDA:59,4,1,0
BRDA:73,5,0,0
BRDA:73,5,1,0
BRDA:77,6,0,0
BRDA:77,6,1,0
BRDA:83,7,0,0
BRDA:83,7,1,0
BRDA:85,8,0,0
BRDA:85,8,1,0
BRDA:93,9,0,0
BRDA:93,9,1,0
BRDA:95,10,0,0
BRDA:95,10,1,0
BRDA:113,11,0,0
BRDA:113,11,1,0
BRDA:144,12,0,0
BRDA:144,12,1,0
BRF:26
BRH:0
end_of_record
TN:
SF:src/components/interviews/PostInterviewFollowup.tsx
FN:20,(anonymous_0)
FN:56,(anonymous_1)
FN:63,(anonymous_2)
FN:97,(anonymous_3)
FN:117,(anonymous_4)
FN:167,(anonymous_5)
FN:194,(anonymous_6)
FN:212,(anonymous_7)
FN:221,(anonymous_8)
FN:246,(anonymous_9)
FN:260,(anonymous_10)
FNF:11
FNH:0
FNDA:0,(anonymous_0)
FNDA:0,(anonymous_1)
FNDA:0,(anonymous_2)
FNDA:0,(anonymous_3)
FNDA:0,(anonymous_4)
FNDA:0,(anonymous_5)
FNDA:0,(anonymous_6)
FNDA:0,(anonymous_7)
FNDA:0,(anonymous_8)
FNDA:0,(anonymous_9)
FNDA:0,(anonymous_10)
DA:20,0
DA:21,0
DA:22,0
DA:23,0
DA:24,0
DA:25,0
DA:26,0
DA:28,0
DA:30,0
DA:37,0
DA:56,0
DA:57,0
DA:58,0
DA:59,0
DA:60,0
DA:63,0
DA:64,0
DA:65,0
DA:66,0
DA:69,0
DA:70,0
DA:71,0
DA:82,0
DA:84,0
DA:85,0
DA:86,0
DA:87,0
DA:88,0
DA:90,0
DA:91,0
DA:93,0
DA:97,0
DA:98,0
DA:99,0
DA:107,0
DA:109,0
DA:110,0
DA:112,0
DA:113,0
DA:117,0
DA:118,0
DA:167,0
DA:194,0
DA:212,0
DA:221,0
DA:247,0
DA:248,0
DA:249,0
DA:261,0
DA:262,0
LF:50
LH:0
BRDA:28,0,0,0
BRDA:28,0,1,0
BRDA:39,1,0,0
BRDA:39,1,1,0
BRDA:40,2,0,0
BRDA:40,2,1,0
BRDA:40,3,0,0
BRDA:40,3,1,0
BRDA:43,4,0,0
BRDA:43,4,1,0
BRDA:44,5,0,0
BRDA:44,5,1,0
BRDA:44,6,0,0
BRDA:44,6,1,0
BRDA:48,7,0,0
BRDA:48,7,1,0
BRDA:52,8,0,0
BRDA:52,8,1,0
BRDA:64,9,0,0
BRDA:64,9,1,0
BRDA:64,10,0,0
BRDA:64,10,1,0
BRDA:82,11,0,0
BRDA:82,11,1,0
BRDA:107,12,0,0
BRDA:107,12,1,0
BRDA:150,13,0,0
BRDA:150,13,1,0
BRF:28
BRH:0
end_of_record
TN:
SF:src/components/interviews/QuestionDetailDrawer.tsx
FN:40,(anonymous_0)
FN:50,(anonymous_1)
FN:63,(anonymous_2)
FN:76,(anonymous_3)
FNF:4
FNH:0
FNDA:0,(anonymous_0)
FNDA:0,(anonymous_1)
FNDA:0,(anonymous_2)
FNDA:0,(anonymous_3)
DA:40,0
DA:47,0
DA:48,0
DA:50,0
DA:51,0
DA:63,0
DA:64,0
DA:66,0
DA:68,0
DA:70,0
DA:72,0
DA:76,0
DA:77,0
DA:78,0
DA:79,0
DA:82,0
DA:83,0
DA:85,0
DA:92,0
DA:93,0
DA:96,0
DA:98,0
DA:106,0
DA:109,0
DA:118,0
DA:121,0
DA:122,0
DA:123,0
DA:126,0
DA:127,0
DA:130,0
DA:131,0
DA:133,0
LF:33
LH:0
BRDA:64,0,0,0
BRDA:64,0,1,0
BRDA:64,0,2,0
BRDA:64,0,3,0
BRDA:77,1,0,0
BRDA:77,1,1,0
BRDA:92,2,0,0
BRDA:92,2,1,0
BRDA:92,3,0,0
BRDA:92,3,1,0
BRDA:96,4,0,0
BRDA:96,4,1,0
BRDA:106,5,0,0
BRDA:106,5,1,0
BRDA:118,6,0,0
BRDA:118,6,1,0
BRDA:126,7,0,0
BRDA:126,7,1,0
BRDA:231,8,0,0
BRDA:231,8,1,0
BRDA:236,9,0,0
BRDA:236,9,1,0
BRF:22
BRH:0
end_of_record
TN:
SF:src/components/interviews/QuestionPracticeFeedback.tsx
FN:64,(anonymous_0)
FN:69,(anonymous_1)
FN:73,(anonymous_2)
FN:104,(anonymous_3)
FN:110,(anonymous_4)
FN:117,(anonymous_5)
FNF:6
FNH:0
FNDA:0,(anonymous_0)
FNDA:0,(anonymous_1)
FNDA:0,(anonymous_2)
FNDA:0,(anonymous_3)
FNDA:0,(anonymous_4)
FNDA:0,(anonymous_5)
DA:64,0
DA:65,0
DA:66,0
DA:67,0
DA:69,0
DA:70,0
DA:73,0
DA:74,0
DA:75,0
DA:78,0
DA:84,0
DA:85,0
DA:88,0
DA:94,0
DA:95,0
DA:97,0
DA:98,0
DA:100,0
DA:104,0
DA:105,0
DA:106,0
DA:107,0
DA:110,0
DA:111,0
DA:112,0
DA:113,0
DA:114,0
DA:117,0
DA:118,0
DA:119,0
DA:120,0
DA:123,0
DA:131,0
LF:33
LH:0
BRDA:84,0,0,0
BRDA:84,0,1,0
BRDA:94,1,0,0
BRDA:94,1,1,0
BRDA:105,2,0,0
BRDA:105,2,1,0
BRDA:106,3,0,0
BRDA:106,3,1,0
BRDA:111,4,0,0
BRDA:111,4,1,0
BRDA:112,5,0,0
BRDA:112,5,1,0
BRDA:113,6,0,0
BRDA:113,6,1,0
BRDA:123,7,0,0
BRDA:123,7,1,0
BRDA:131,8,0,0
BRDA:131,8,1,0
BRDA:131,9,0,0
BRDA:131,9,1,0
BRF:20
BRH:0
end_of_record
TN:
SF:src/components/interviews/QuestionPracticeHistory.tsx
FN:45,(anonymous_0)
FN:51,(anonymous_1)
FN:55,(anonymous_2)
FN:73,(anonymous_3)
FN:96,(anonymous_4)
FN:103,(anonymous_5)
FN:105,(anonymous_6)
FN:111,(anonymous_7)
FN:128,(anonymous_8)
FN:279,(anonymous_9)
FNF:10
FNH:0
FNDA:0,(anonymous_0)
FNDA:0,(anonymous_1)
FNDA:0,(anonymous_2)
FNDA:0,(anonymous_3)
FNDA:0,(anonymous_4)
FNDA:0,(anonymous_5)
FNDA:0,(anonymous_6)
FNDA:0,(anonymous_7)
FNDA:0,(anonymous_8)
FNDA:0,(anonymous_9)
DA:45,0
DA:46,0
DA:47,0
DA:48,0
DA:49,0
DA:51,0
DA:52,0
DA:55,0
DA:56,0
DA:58,0
DA:59,0
DA:62,0
DA:69,0
DA:72,0
DA:74,0
DA:80,0
DA:87,0
DA:89,0
DA:90,0
DA:92,0
DA:96,0
DA:97,0
DA:98,0
DA:99,0
DA:102,0
DA:103,0
DA:105,0
DA:111,0
DA:112,0
DA:113,0
DA:114,0
DA:117,0
DA:125,0
DA:128,0
DA:279,0
LF:35
LH:0
BRDA:56,0,0,0
BRDA:56,0,1,0
BRDA:69,1,0,0
BRDA:69,1,1,0
BRDA:73,2,0,0
BRDA:73,2,1,0
BRDA:82,3,0,0
BRDA:82,3,1,0
BRDA:112,4,0,0
BRDA:112,4,1,0
BRDA:113,5,0,0
BRDA:113,5,1,0
BRDA:117,6,0,0
BRDA:117,6,1,0
BRDA:125,7,0,0
BRDA:125,7,1,0
BRDA:288,8,0,0
BRDA:288,8,1,0
BRF:18
BRH:0
end_of_record
TN:
SF:src/components/jobs/ApplicationAutomation.tsx
FN:23,(anonymous_0)
FN:40,(anonymous_1)
FN:41,(anonymous_2)
FN:73,(anonymous_3)
FN:74,(anonymous_4)
FN:80,(anonymous_5)
FN:91,(anonymous_6)
FN:92,(anonymous_7)
FN:120,(anonymous_8)
FN:121,(anonymous_9)
FN:127,(anonymous_10)
FN:138,(anonymous_11)
FN:139,(anonymous_12)
FNF:13
FNH:0
FNDA:0,(anonymous_0)
FNDA:0,(anonymous_1)
FNDA:0,(anonymous_2)
FNDA:0,(anonymous_3)
FNDA:0,(anonymous_4)
FNDA:0,(anonymous_5)
FNDA:0,(anonymous_6)
FNDA:0,(anonymous_7)
FNDA:0,(anonymous_8)
FNDA:0,(anonymous_9)
FNDA:0,(anonymous_10)
FNDA:0,(anonymous_11)
FNDA:0,(anonymous_12)
DA:23,0
DA:24,0
DA:25,0
DA:40,0
DA:41,0
DA:42,0
DA:44,0
DA:73,0
DA:75,0
DA:80,0
DA:91,0
DA:93,0
DA:120,0
DA:122,0
DA:127,0
DA:138,0
DA:140,0
LF:17
LH:0
BRDA:42,0,0,0
BRDA:42,0,1,0
BRDA:91,1,0,0
BRDA:91,1,1,0
BRDA:138,2,0,0
BRDA:138,2,1,0
BRF:6
BRH:0
end_of_record
TN:
SF:src/components/jobs/ApplicationMaterialsDialog.tsx
FN:21,ApplicationMaterialsDialog
FN:36,(anonymous_1)
FN:42,(anonymous_2)
FN:55,(anonymous_3)
FN:72,(anonymous_4)
FN:74,(anonymous_5)
FN:80,(anonymous_6)
FN:82,(anonymous_7)
FN:134,(anonymous_8)
FN:135,(anonymous_9)
FN:182,(anonymous_10)
FN:183,(anonymous_11)
FNF:12
FNH:0
FNDA:0,ApplicationMaterialsDialog
FNDA:0,(anonymous_1)
FNDA:0,(anonymous_2)
FNDA:0,(anonymous_3)
FNDA:0,(anonymous_4)
FNDA:0,(anonymous_5)
FNDA:0,(anonymous_6)
FNDA:0,(anonymous_7)
FNDA:0,(anonymous_8)
FNDA:0,(anonymous_9)
FNDA:0,(anonymous_10)
FNDA:0,(anonymous_11)
DA:29,0
DA:30,0
DA:31,0
DA:32,0
DA:33,0
DA:34,0
DA:36,0
DA:37,0
DA:38,0
DA:42,0
DA:43,0
DA:44,0
DA:48,0
DA:49,0
DA:51,0
DA:55,0
DA:56,0
DA:57,0
DA:58,0
DA:62,0
DA:63,0
DA:64,0
DA:66,0
DA:68,0
DA:72,0
DA:73,0
DA:74,0
DA:75,0
DA:76,0
DA:80,0
DA:81,0
DA:82,0
DA:83,0
DA:84,0
DA:135,0
DA:136,0
DA:183,0
DA:184,0
LF:38
LH:0
BRDA:31,0,0,0
BRDA:31,0,1,0
BRDA:32,1,0,0
BRDA:32,1,1,0
BRDA:37,2,0,0
BRDA:37,2,1,0
BRDA:59,3,0,0
BRDA:59,3,1,0
BRDA:60,4,0,0
BRDA:60,4,1,0
BRDA:73,5,0,0
BRDA:73,5,1,0
BRDA:75,6,0,0
BRDA:75,6,1,0
BRDA:81,7,0,0
BRDA:81,7,1,0
BRDA:83,8,0,0
BRDA:83,8,1,0
BRDA:136,9,0,0
BRDA:136,9,1,0
BRDA:140,10,0,0
BRDA:140,10,1,0
BRDA:142,11,0,0
BRDA:142,11,1,0
BRDA:184,12,0,0
BRDA:184,12,1,0
BRDA:190,13,0,0
BRDA:190,13,1,0
BRDA:204,14,0,0
BRDA:204,14,1,0
BRF:30
BRH:0
end_of_record
TN:
SF:src/components/jobs/ApplicationMaterialsSection.tsx
FN:16,(anonymous_0)
FN:28,(anonymous_1)
FN:32,(anonymous_2)
FN:45,(anonymous_3)
FN:53,(anonymous_4)
FN:54,(anonymous_5)
FN:93,(anonymous_6)
FN:110,(anonymous_7)
FNF:8
FNH:0
FNDA:0,(anonymous_0)
FNDA:0,(anonymous_1)
FNDA:0,(anonymous_2)
FNDA:0,(anonymous_3)
FNDA:0,(anonymous_4)
FNDA:0,(anonymous_5)
FNDA:0,(anonymous_6)
FNDA:0,(anonymous_7)
DA:16,0
DA:22,0
DA:23,0
DA:24,0
DA:25,0
DA:26,0
DA:28,0
DA:29,0
DA:32,0
DA:33,0
DA:34,0
DA:38,0
DA:39,0
DA:41,0
DA:45,0
DA:46,0
DA:47,0
DA:53,0
DA:54,0
DA:56,0
DA:57,0
DA:58,0
DA:59,0
DA:68,0
DA:73,0
DA:74,0
DA:93,0
DA:110,0
LF:28
LH:0
BRDA:24,0,0,0
BRDA:24,0,1,0
BRDA:25,1,0,0
BRDA:25,1,1,0
BRDA:48,2,0,0
BRDA:48,2,1,0
BRDA:49,3,0,0
BRDA:49,3,1,0
BRDA:56,4,0,0
BRDA:56,4,1,0
BRDA:56,5,0,0
BRDA:56,5,1,0
BRDA:58,6,0,0
BRDA:58,6,1,0
BRDA:61,7,0,0
BRDA:61,7,1,0
BRDA:62,8,0,0
BRDA:62,8,1,0
BRDA:93,9,0,0
BRDA:93,9,1,0
BRDA:93,10,0,0
BRDA:93,10,1,0
BRDA:110,11,0,0
BRDA:110,11,1,0
BRDA:110,12,0,0
BRDA:110,12,1,0
BRF:26
BRH:0
end_of_record
TN:
SF:src/components/jobs/ApplicationPackageGenerator.tsx
FN:17,(anonymous_0)
FN:28,(anonymous_1)
FN:83,(anonymous_2)
FN:95,(anonymous_3)
FN:107,(anonymous_4)
FNF:5
FNH:0
FNDA:0,(anonymous_0)
FNDA:0,(anonymous_1)
FNDA:0,(anonymous_2)
FNDA:0,(anonymous_3)
FNDA:0,(anonymous_4)
DA:17,0
DA:22,0
DA:23,0
DA:24,0
DA:25,0
DA:26,0
DA:28,0
DA:29,0
DA:30,0
DA:31,0
DA:34,0
DA:35,0
DA:36,0
DA:39,0
DA:40,0
DA:41,0
DA:47,0
DA:48,0
DA:49,0
DA:55,0
DA:57,0
DA:58,0
DA:60,0
DA:83,0
DA:95,0
DA:107,0
LF:26
LH:0
BRDA:29,0,0,0
BRDA:29,0,1,0
BRDA:29,1,0,0
BRDA:29,1,1,0
BRDA:29,1,2,0
BRDA:39,2,0,0
BRDA:39,2,1,0
BRDA:39,3,0,0
BRDA:39,3,1,0
BRDA:47,4,0,0
BRDA:47,4,1,0
BRDA:47,5,0,0
BRDA:47,5,1,0
BRDA:123,6,0,0
BRDA:123,6,1,0
BRF:15
BRH:0
end_of_record
TN:
SF:src/components/jobs/ArchiveDialog.tsx
FN:25,(anonymous_0)
FN:29,(anonymous_1)
FN:63,(anonymous_2)
FN:70,(anonymous_3)
FNF:4
FNH:0
FNDA:0,(anonymous_0)
FNDA:0,(anonymous_1)
FNDA:0,(anonymous_2)
FNDA:0,(anonymous_3)
DA:15,0
DA:25,0
DA:26,0
DA:27,0
DA:29,0
DA:30,0
DA:31,0
DA:32,0
DA:33,0
DA:34,0
DA:35,0
DA:63,0
DA:70,0
LF:13
LH:0
BRDA:30,0,0,0
BRDA:30,0,1,0
BRDA:31,1,0,0
BRDA:31,1,1,0
BRDA:75,2,0,0
BRDA:75,2,1,0
BRDA:75,2,2,0
BRF:7
BRH:0
end_of_record
TN:
SF:src/components/jobs/BulkActionsBar.tsx
FN:16,(anonymous_0)
FN:29,(anonymous_1)
FN:43,(anonymous_2)
FN:56,(anonymous_3)
FN:78,(anonymous_4)
FNF:5
FNH:0
FNDA:0,(anonymous_0)
FNDA:0,(anonymous_1)
FNDA:0,(anonymous_2)
FNDA:0,(anonymous_3)
FNDA:0,(anonymous_4)
DA:16,0
DA:23,0
DA:24,0
DA:25,0
DA:27,0
DA:29,0
DA:30,0
DA:31,0
DA:32,0
DA:33,0
DA:34,0
DA:35,0
DA:37,0
DA:39,0
DA:43,0
DA:44,0
DA:45,0
DA:46,0
DA:47,0
DA:48,0
DA:50,0
DA:52,0
DA:56,0
DA:57,0
DA:58,0
DA:59,0
DA:60,0
DA:61,0
DA:62,0
DA:64,0
DA:66,0
DA:78,0
LF:32
LH:0
BRDA:27,0,0,0
BRDA:27,0,1,0
BRDA:30,1,0,0
BRDA:30,1,1,0
BRDA:57,2,0,0
BRDA:57,2,1,0
BRDA:91,3,0,0
BRDA:91,3,1,0
BRF:8
BRH:0
end_of_record
TN:
SF:src/components/jobs/BulkDeadlineDialog.tsx
FN:24,BulkDeadlineDialog
FN:33,(anonymous_1)
FN:50,(anonymous_2)
FN:94,(anonymous_3)
FN:107,(anonymous_4)
FNF:5
FNH:0
FNDA:0,BulkDeadlineDialog
FNDA:0,(anonymous_1)
FNDA:0,(anonymous_2)
FNDA:0,(anonymous_3)
FNDA:0,(anonymous_4)
DA:17,0
DA:30,0
DA:31,0
DA:33,0
DA:34,0
DA:35,0
DA:36,0
DA:39,0
DA:40,0
DA:42,0
DA:47,0
DA:50,0
DA:51,0
DA:54,0
DA:56,0
DA:62,0
DA:63,0
DA:66,0
DA:67,0
DA:68,0
DA:70,0
DA:71,0
DA:73,0
DA:94,0
DA:107,0
LF:25
LH:0
BRDA:34,0,0,0
BRDA:34,0,1,0
BRDA:47,1,0,0
BRDA:47,1,1,0
BRDA:51,2,0,0
BRDA:51,2,1,0
BRDA:62,3,0,0
BRDA:62,3,1,0
BRDA:93,4,0,0
BRDA:93,4,1,0
BRDA:114,5,0,0
BRDA:114,5,1,0
BRDA:117,6,0,0
BRDA:117,6,1,0
BRF:14
BRH:0
end_of_record
TN:
SF:src/components/jobs/CompanyInfoPanel.tsx
FN:12,(anonymous_0)
FN:15,(anonymous_1)
FNF:2
FNH:0
FNDA:0,(anonymous_0)
FNDA:0,(anonymous_1)
DA:12,0
DA:13,0
DA:16,0
DA:17,0
DA:19,0
DA:26,0
DA:28,0
DA:31,0
DA:32,0
DA:35,0
DA:39,0
DA:54,0
LF:12
LH:0
BRDA:17,0,0,0
BRDA:17,0,1,0
BRDA:26,1,0,0
BRDA:26,1,1,0
BRDA:31,2,0,0
BRDA:31,2,1,0
BRDA:39,3,0,0
BRDA:39,3,1,0
BRDA:54,4,0,0
BRDA:54,4,1,0
BRF:10
BRH:0
end_of_record
TN:
SF:src/components/jobs/CompanyInfoSection.tsx
FN:10,(anonymous_0)
FNF:1
FNH:0
FNDA:0,(anonymous_0)
DA:10,0
LF:1
LH:0
BRF:0
BRH:0
end_of_record
TN:
SF:src/components/jobs/CompanyNewsSection.tsx
FN:20,(anonymous_0)
FN:21,(anonymous_1)
FN:69,(anonymous_2)
FNF:3
FNH:0
FNDA:0,(anonymous_0)
FNDA:0,(anonymous_1)
FNDA:0,(anonymous_2)
DA:20,0
DA:21,0
DA:22,0
DA:23,0
DA:24,0
DA:25,0
DA:26,0
DA:27,0
DA:69,0
LF:9
LH:0
BRDA:22,0,0,0
BRDA:22,0,1,0
BRDA:22,0,2,0
BRDA:22,0,3,0
BRDA:22,0,4,0
BRF:5
BRH:0
end_of_record
TN:
SF:src/components/jobs/CompanyResearch.tsx
FN:43,(anonymous_0)
FN:47,(anonymous_1)
FNF:2
FNH:0
FNDA:0,(anonymous_0)
FNDA:0,(anonymous_1)
DA:43,0
DA:44,0
DA:45,0
DA:47,0
DA:48,0
DA:49,0
DA:50,0
DA:54,0
DA:56,0
DA:57,0
DA:59,0
DA:60,0
DA:61,0
DA:62,0
DA:63,0
DA:65,0
DA:68,0
LF:17
LH:0
BRDA:54,0,0,0
BRDA:54,0,1,0
BRDA:60,1,0,0
BRDA:60,1,1,0
BRDA:62,2,0,0
BRDA:62,2,1,0
BRDA:86,3,0,0
BRDA:86,3,1,0
BRDA:86,4,0,0
BRDA:86,4,1,0
BRF:10
BRH:0
end_of_record
TN:
SF:src/components/jobs/DeadlineCalendar.tsx
FN:14,DeadlineCalendar
FN:18,(anonymous_1)
FN:27,(anonymous_2)
FN:31,(anonymous_3)
FN:38,(anonymous_4)
FN:43,(anonymous_5)
FN:44,(anonymous_6)
FN:62,(anonymous_7)
FN:103,(anonymous_8)
FN:134,(anonymous_9)
FNF:10
FNH:0
FNDA:0,DeadlineCalendar
FNDA:0,(anonymous_1)
FNDA:0,(anonymous_2)
FNDA:0,(anonymous_3)
FNDA:0,(anonymous_4)
FNDA:0,(anonymous_5)
FNDA:0,(anonymous_6)
FNDA:0,(anonymous_7)
FNDA:0,(anonymous_8)
FNDA:0,(anonymous_9)
DA:15,0
DA:18,0
DA:19,0
DA:20,0
DA:21,0
DA:22,0
DA:23,0
DA:27,0
DA:30,0
DA:31,0
DA:37,0
DA:38,0
DA:43,0
DA:44,0
DA:46,0
DA:53,0
DA:61,0
DA:62,0
DA:65,0
DA:103,0
DA:134,0
LF:21
LH:0
BRDA:20,0,0,0
BRDA:20,0,1,0
BRDA:21,1,0,0
BRDA:21,1,1,0
BRDA:22,2,0,0
BRDA:22,2,1,0
BRDA:30,3,0,0
BRDA:30,3,1,0
BRDA:43,4,0,0
BRDA:43,4,1,0
BRDA:108,5,0,0
BRDA:108,5,1,0
BRDA:141,6,0,0
BRDA:141,6,1,0
BRDA:149,7,0,0
BRDA:149,7,1,0
BRDA:151,8,0,0
BRDA:151,8,1,0
BRF:18
BRH:0
end_of_record
TN:
SF:src/components/jobs/EmailStatusMonitor.tsx
FN:19,EmailStatusMonitor
FN:23,(anonymous_1)
FN:27,(anonymous_2)
FN:46,(anonymous_3)
FN:65,(anonymous_4)
FN:89,(anonymous_5)
FN:104,(anonymous_6)
FN:105,(anonymous_7)
FNF:8
FNH:0
FNDA:0,EmailStatusMonitor
FNDA:0,(anonymous_1)
FNDA:0,(anonymous_2)
FNDA:0,(anonymous_3)
FNDA:0,(anonymous_4)
FNDA:0,(anonymous_5)
FNDA:0,(anonymous_6)
FNDA:0,(anonymous_7)
DA:20,0
DA:21,0
DA:23,0
DA:24,0
DA:27,0
DA:28,0
DA:29,0
DA:31,0
DA:38,0
DA:39,0
DA:40,0
DA:43,0
DA:46,0
DA:48,0
DA:49,0
DA:50,0
DA:51,0
DA:54,0
DA:61,0
DA:62,0
DA:65,0
DA:68,0
DA:71,0
DA:72,0
DA:73,0
DA:77,0
DA:79,0
DA:80,0
DA:82,0
DA:83,0
DA:85,0
DA:89,0
DA:90,0
DA:92,0
DA:94,0
DA:96,0
DA:98,0
DA:100,0
DA:104,0
DA:105,0
DA:106,0
LF:41
LH:0
BRDA:29,0,0,0
BRDA:29,0,1,0
BRDA:38,1,0,0
BRDA:38,1,1,0
BRDA:43,2,0,0
BRDA:43,2,1,0
BRDA:49,3,0,0
BRDA:49,3,1,0
BRDA:61,4,0,0
BRDA:61,4,1,0
BRDA:77,5,0,0
BRDA:77,5,1,0
BRDA:79,6,0,0
BRDA:79,6,1,0
BRDA:83,7,0,0
BRDA:83,7,1,0
BRDA:90,8,0,0
BRDA:90,8,1,0
BRDA:90,8,2,0
BRDA:90,8,3,0
BRDA:90,8,4,0
BRDA:123,9,0,0
BRDA:123,9,1,0
BRF:23
BRH:0
end_of_record
TN:
SF:src/components/jobs/InterviewInsights.tsx
FN:40,(anonymous_0)
FN:44,(anonymous_1)
FN:69,(anonymous_2)
FNF:3
FNH:0
FNDA:0,(anonymous_0)
FNDA:0,(anonymous_1)
FNDA:0,(anonymous_2)
DA:40,0
DA:41,0
DA:42,0
DA:44,0
DA:45,0
DA:46,0
DA:47,0
DA:51,0
DA:53,0
DA:54,0
DA:56,0
DA:57,0
DA:58,0
DA:59,0
DA:60,0
DA:62,0
DA:65,0
DA:69,0
DA:70,0
DA:76,0
LF:20
LH:0
BRDA:51,0,0,0
BRDA:51,0,1,0
BRDA:57,1,0,0
BRDA:57,1,1,0
BRDA:59,2,0,0
BRDA:59,2,1,0
BRDA:76,3,0,0
BRDA:76,3,1,0
BRDA:93,4,0,0
BRDA:93,4,1,0
BRDA:93,5,0,0
BRDA:93,5,1,0
BRF:12
BRH:0
end_of_record
TN:
SF:src/components/jobs/InterviewScheduler.tsx
FN:33,(anonymous_0)
FN:44,(anonymous_1)
FN:100,(anonymous_2)
FN:148,(anonymous_3)
FN:161,(anonymous_4)
FN:188,(anonymous_5)
FN:199,(anonymous_6)
FN:210,(anonymous_7)
FN:219,(anonymous_8)
FNF:9
FNH:0
FNDA:0,(anonymous_0)
FNDA:0,(anonymous_1)
FNDA:0,(anonymous_2)
FNDA:0,(anonymous_3)
FNDA:0,(anonymous_4)
FNDA:0,(anonymous_5)
FNDA:0,(anonymous_6)
FNDA:0,(anonymous_7)
FNDA:0,(anonymous_8)
DA:33,0
DA:34,0
DA:35,0
DA:36,0
DA:37,0
DA:38,0
DA:39,0
DA:40,0
DA:41,0
DA:42,0
DA:44,0
DA:45,0
DA:46,0
DA:47,0
DA:50,0
DA:51,0
DA:52,0
DA:55,0
DA:56,0
DA:57,0
DA:60,0
DA:61,0
DA:62,0
DA:73,0
DA:76,0
DA:77,0
DA:78,0
DA:79,0
DA:80,0
DA:81,0
DA:83,0
DA:85,0
DA:100,0
DA:148,0
DA:161,0
DA:188,0
DA:199,0
DA:210,0
DA:219,0
LF:39
LH:0
BRDA:45,0,0,0
BRDA:45,0,1,0
BRDA:45,1,0,0
BRDA:45,1,1,0
BRDA:50,2,0,0
BRDA:50,2,1,0
BRDA:50,3,0,0
BRDA:50,3,1,0
BRDA:50,3,2,0
BRDA:55,4,0,0
BRDA:55,4,1,0
BRDA:55,5,0,0
BRDA:55,5,1,0
BRDA:67,6,0,0
BRDA:67,6,1,0
BRDA:68,7,0,0
BRDA:68,7,1,0
BRDA:140,8,0,0
BRDA:140,8,1,0
BRF:19
BRH:0
end_of_record
TN:
SF:src/components/jobs/JobArchiveView.tsx
FN:12,(anonymous_0)
FN:18,(anonymous_1)
FN:40,(anonymous_2)
FN:47,(anonymous_3)
FN:55,(anonymous_4)
FN:59,(anonymous_5)
FN:110,(anonymous_6)
FN:117,(anonymous_7)
FNF:8
FNH:0
FNDA:0,(anonymous_0)
FNDA:0,(anonymous_1)
FNDA:0,(anonymous_2)
FNDA:0,(anonymous_3)
FNDA:0,(anonymous_4)
FNDA:0,(anonymous_5)
FNDA:0,(anonymous_6)
FNDA:0,(anonymous_7)
DA:12,0
DA:13,0
DA:14,0
DA:16,0
DA:19,0
DA:20,0
DA:22,0
DA:29,0
DA:30,0
DA:33,0
DA:34,0
DA:35,0
DA:39,0
DA:41,0
DA:45,0
DA:48,0
DA:49,0
DA:50,0
DA:54,0
DA:56,0
DA:57,0
DA:60,0
DA:61,0
DA:65,0
DA:110,0
DA:118,0
DA:119,0
LF:27
LH:0
BRDA:16,0,0,0
BRDA:20,1,0,0
BRDA:20,1,1,0
BRDA:29,2,0,0
BRDA:29,2,1,0
BRDA:34,3,0,0
BRDA:34,3,1,0
BRDA:45,4,0,0
BRDA:45,4,1,0
BRDA:57,5,0,0
BRDA:57,5,1,0
BRDA:83,6,0,0
BRDA:83,6,1,0
BRDA:118,7,0,0
BRDA:118,7,1,0
BRF:15
BRH:0
end_of_record
TN:
SF:src/components/jobs/JobCard.tsx
FN:41,(anonymous_0)
FN:59,(anonymous_1)
FN:67,(anonymous_2)
FN:74,(anonymous_3)
FN:79,(anonymous_4)
FN:84,(anonymous_5)
FN:90,(anonymous_6)
FN:143,(anonymous_7)
FNF:8
FNH:0
FNDA:0,(anonymous_0)
FNDA:0,(anonymous_1)
FNDA:0,(anonymous_2)
FNDA:0,(anonymous_3)
FNDA:0,(anonymous_4)
FNDA:0,(anonymous_5)
FNDA:0,(anonymous_6)
FNDA:0,(anonymous_7)
DA:24,0
DA:41,0
DA:52,0
DA:53,0
DA:56,0
DA:59,0
DA:67,0
DA:74,0
DA:79,0
DA:84,0
DA:90,0
DA:144,0
DA:145,0
LF:13
LH:0
BRDA:52,0,0,0
BRDA:52,0,1,0
BRDA:53,1,0,0
BRDA:53,1,1,0
BRDA:56,2,0,0
BRDA:56,2,1,0
BRDA:63,3,0,0
BRDA:63,3,1,0
BRDA:64,4,0,0
BRDA:64,4,1,0
BRDA:64,5,0,0
BRDA:64,5,1,0
BRDA:102,6,0,0
BRDA:102,6,1,0
BRDA:120,7,0,0
BRDA:120,7,1,0
BRDA:120,8,0,0
BRDA:120,8,1,0
BRDA:120,8,2,0
BRDA:120,8,3,0
BRDA:121,9,0,0
BRDA:121,9,1,0
BRDA:121,10,0,0
BRDA:121,10,1,0
BRDA:122,11,0,0
BRDA:122,11,1,0
BRDA:122,12,0,0
BRDA:122,12,1,0
BRDA:123,13,0,0
BRDA:123,13,1,0
BRDA:124,14,0,0
BRDA:124,14,1,0
BRDA:155,15,0,0
BRDA:155,15,1,0
BRF:34
BRH:0
end_of_record
TN:
SF:src/components/jobs/JobDetailsModal.tsx
FN:53,(anonymous_0)
FN:64,(anonymous_1)
FN:108,(anonymous_2)
FN:119,(anonymous_3)
FN:120,(anonymous_4)
FN:124,(anonymous_5)
FN:136,(anonymous_6)
FN:177,(anonymous_7)
FN:220,(anonymous_8)
FN:230,(anonymous_9)
FN:287,(anonymous_10)
FN:320,(anonymous_11)
FN:347,(anonymous_12)
FN:363,(anonymous_13)
FN:379,(anonymous_14)
FN:431,(anonymous_15)
FN:436,(anonymous_16)
FN:442,(anonymous_17)
FN:447,(anonymous_18)
FN:480,(anonymous_19)
FN:548,(anonymous_20)
FN:570,(anonymous_21)
FN:620,(anonymous_22)
FN:654,(anonymous_23)
FNF:24
FNH:0
FNDA:0,(anonymous_0)
FNDA:0,(anonymous_1)
FNDA:0,(anonymous_2)
FNDA:0,(anonymous_3)
FNDA:0,(anonymous_4)
FNDA:0,(anonymous_5)
FNDA:0,(anonymous_6)
FNDA:0,(anonymous_7)
FNDA:0,(anonymous_8)
FNDA:0,(anonymous_9)
FNDA:0,(anonymous_10)
FNDA:0,(anonymous_11)
FNDA:0,(anonymous_12)
FNDA:0,(anonymous_13)
FNDA:0,(anonymous_14)
FNDA:0,(anonymous_15)
FNDA:0,(anonymous_16)
FNDA:0,(anonymous_17)
FNDA:0,(anonymous_18)
FNDA:0,(anonymous_19)
FNDA:0,(anonymous_20)
FNDA:0,(anonymous_21)
FNDA:0,(anonymous_22)
FNDA:0,(anonymous_23)
DA:53,0
DA:54,0
DA:55,0
DA:56,0
DA:57,0
DA:58,0
DA:59,0
DA:60,0
DA:62,0
DA:64,0
DA:65,0
DA:66,0
DA:67,0
DA:70,0
DA:71,0
DA:73,0
DA:75,0
DA:76,0
DA:77,0
DA:78,0
DA:79,0
DA:80,0
DA:81,0
DA:82,0
DA:83,0
DA:84,0
DA:85,0
DA:86,0
DA:87,0
DA:89,0
DA:91,0
DA:94,0
DA:96,0
DA:97,0
DA:98,0
DA:99,0
DA:101,0
DA:102,0
DA:104,0
DA:108,0
DA:109,0
DA:110,0
DA:111,0
DA:114,0
DA:115,0
DA:116,0
DA:119,0
DA:120,0
DA:121,0
DA:124,0
DA:125,0
DA:127,0
DA:128,0
DA:129,0
DA:132,0
DA:135,0
DA:136,0
DA:139,0
DA:148,0
DA:150,0
DA:164,0
DA:177,0
DA:183,0
DA:187,0
DA:188,0
DA:194,0
DA:203,0
DA:204,0
DA:220,0
DA:230,0
DA:287,0
DA:320,0
DA:347,0
DA:363,0
DA:379,0
DA:431,0
DA:436,0
DA:442,0
DA:447,0
DA:480,0
DA:548,0
DA:570,0
DA:620,0
DA:654,0
LF:84
LH:0
BRDA:62,0,0,0
BRDA:62,0,1,0
BRDA:65,1,0,0
BRDA:65,1,1,0
BRDA:75,2,0,0
BRDA:75,2,1,0
BRDA:76,3,0,0
BRDA:76,3,1,0
BRDA:77,4,0,0
BRDA:77,4,1,0
BRDA:78,5,0,0
BRDA:78,5,1,0
BRDA:79,6,0,0
BRDA:79,6,1,0
BRDA:80,7,0,0
BRDA:80,7,1,0
BRDA:81,8,0,0
BRDA:81,8,1,0
BRDA:82,9,0,0
BRDA:82,9,1,0
BRDA:83,10,0,0
BRDA:83,10,1,0
BRDA:84,11,0,0
BRDA:84,11,1,0
BRDA:85,12,0,0
BRDA:85,12,1,0
BRDA:86,13,0,0
BRDA:86,13,1,0
BRDA:87,14,0,0
BRDA:87,14,1,0
BRDA:109,15,0,0
BRDA:109,15,1,0
BRDA:114,16,0,0
BRDA:114,16,1,0
BRDA:114,16,2,0
BRDA:120,17,0,0
BRDA:120,17,1,0
BRDA:120,17,2,0
BRDA:125,18,0,0
BRDA:125,18,1,0
BRDA:135,19,0,0
BRDA:135,19,1,0
BRDA:144,20,0,0
BRDA:144,20,1,0
BRDA:148,21,0,0
BRDA:148,21,1,0
BRDA:155,22,0,0
BRDA:155,22,1,0
BRDA:156,23,0,0
BRDA:156,23,1,0
BRDA:187,24,0,0
BRDA:187,24,1,0
BRDA:203,25,0,0
BRDA:203,25,1,0
BRDA:204,26,0,0
BRDA:204,26,1,0
BRDA:213,27,0,0
BRDA:213,27,1,0
BRDA:226,28,0,0
BRDA:226,28,1,0
BRDA:259,29,0,0
BRDA:259,29,1,0
BRDA:259,30,0,0
BRDA:259,30,1,0
BRDA:261,31,0,0
BRDA:261,31,1,0
BRDA:319,32,0,0
BRDA:319,32,1,0
BRDA:319,32,2,0
BRDA:326,33,0,0
BRDA:326,33,1,0
BRDA:346,34,0,0
BRDA:346,34,1,0
BRDA:346,34,2,0
BRDA:353,35,0,0
BRDA:353,35,1,0
BRDA:362,36,0,0
BRDA:362,36,1,0
BRDA:362,36,2,0
BRDA:369,37,0,0
BRDA:369,37,1,0
BRDA:430,38,0,0
BRDA:430,38,1,0
BRDA:435,39,0,0
BRDA:435,39,1,0
BRDA:441,40,0,0
BRDA:441,40,1,0
BRDA:446,41,0,0
BRDA:446,41,1,0
BRDA:458,42,0,0
BRDA:458,42,1,0
BRDA:458,42,2,0
BRDA:499,43,0,0
BRDA:499,43,1,0
BRDA:499,43,2,0
BRDA:500,44,0,0
BRDA:500,44,1,0
BRDA:548,45,0,0
BRDA:548,45,1,0
BRDA:569,46,0,0
BRDA:569,46,1,0
BRDA:569,46,2,0
BRDA:576,47,0,0
BRDA:576,47,1,0
BRDA:619,48,0,0
BRDA:619,48,1,0
BRF:106
BRH:0
end_of_record
TN:
SF:src/components/jobs/JobFilters.tsx
FN:57,(anonymous_0)
FN:74,(anonymous_1)
FN:78,(anonymous_2)
FN:82,(anonymous_3)
FN:84,(anonymous_4)
FN:100,(anonymous_5)
FN:108,(anonymous_6)
FN:143,(anonymous_7)
FN:158,(anonymous_8)
FN:182,(anonymous_9)
FN:196,(anonymous_10)
FN:216,(anonymous_11)
FN:229,(anonymous_12)
FN:248,(anonymous_13)
FN:271,(anonymous_14)
FN:291,(anonymous_15)
FN:309,(anonymous_16)
FN:328,(anonymous_17)
FNF:18
FNH:0
FNDA:0,(anonymous_0)
FNDA:0,(anonymous_1)
FNDA:0,(anonymous_2)
FNDA:0,(anonymous_3)
FNDA:0,(anonymous_4)
FNDA:0,(anonymous_5)
FNDA:0,(anonymous_6)
FNDA:0,(anonymous_7)
FNDA:0,(anonymous_8)
FNDA:0,(anonymous_9)
FNDA:0,(anonymous_10)
FNDA:0,(anonymous_11)
FNDA:0,(anonymous_12)
FNDA:0,(anonymous_13)
FNDA:0,(anonymous_14)
FNDA:0,(anonymous_15)
FNDA:0,(anonymous_16)
FNDA:0,(anonymous_17)
DA:32,0
DA:41,0
DA:49,0
DA:57,0
DA:58,0
DA:59,0
DA:60,0
DA:65,0
DA:74,0
DA:75,0
DA:78,0
DA:79,0
DA:82,0
DA:83,0
DA:84,0
DA:87,0
DA:89,0
DA:100,0
DA:108,0
DA:143,0
DA:159,0
DA:160,0
DA:183,0
DA:197,0
DA:217,0
DA:230,0
DA:249,0
DA:271,0
DA:292,0
DA:310,0
DA:311,0
DA:329,0
LF:32
LH:0
BRDA:61,0,0,0
BRDA:61,0,1,0
BRDA:65,1,0,0
BRDA:65,1,1,0
BRDA:65,1,2,0
BRDA:65,1,3,0
BRDA:65,1,4,0
BRDA:65,1,5,0
BRDA:65,1,6,0
BRDA:65,1,7,0
BRDA:75,2,0,0
BRDA:75,2,1,0
BRDA:79,3,0,0
BRDA:79,3,1,0
BRDA:83,4,0,0
BRDA:83,4,1,0
BRDA:89,5,0,0
BRDA:89,5,1,0
BRDA:99,6,0,0
BRDA:99,6,1,0
BRDA:181,7,0,0
BRDA:181,7,1,0
BRDA:183,8,0,0
BRDA:183,8,1,0
BRDA:195,9,0,0
BRDA:195,9,1,0
BRDA:197,10,0,0
BRDA:197,10,1,0
BRDA:215,11,0,0
BRDA:215,11,1,0
BRDA:217,12,0,0
BRDA:217,12,1,0
BRDA:228,13,0,0
BRDA:228,13,1,0
BRDA:230,14,0,0
BRDA:230,14,1,0
BRDA:242,15,0,0
BRDA:242,15,1,0
BRDA:244,16,0,0
BRDA:244,16,1,0
BRDA:251,17,0,0
BRDA:251,17,1,0
BRDA:270,18,0,0
BRDA:270,18,1,0
BRDA:290,19,0,0
BRDA:290,19,1,0
BRF:46
BRH:0
end_of_record
TN:
SF:src/components/jobs/JobForm.tsx
FN:43,(anonymous_0)
FN:58,(anonymous_1)
FN:116,(anonymous_2)
FN:163,(anonymous_3)
FN:210,(anonymous_4)
FN:226,(anonymous_5)
FN:276,(anonymous_6)
FNF:7
FNH:0
FNDA:0,(anonymous_0)
FNDA:0,(anonymous_1)
FNDA:0,(anonymous_2)
FNDA:0,(anonymous_3)
FNDA:0,(anonymous_4)
FNDA:0,(anonymous_5)
FNDA:0,(anonymous_6)
DA:20,0
DA:43,0
DA:44,0
DA:45,0
DA:46,0
DA:48,0
DA:56,0
DA:58,0
DA:59,0
DA:60,0
DA:61,0
DA:64,0
DA:65,0
DA:66,0
DA:68,0
DA:70,0
DA:71,0
DA:72,0
DA:73,0
DA:74,0
DA:75,0
DA:76,0
DA:77,0
DA:78,0
DA:80,0
DA:81,0
DA:82,0
DA:84,0
DA:88,0
DA:89,0
DA:90,0
DA:91,0
DA:93,0
DA:94,0
DA:96,0
DA:98,0
DA:100,0
DA:103,0
DA:104,0
DA:105,0
DA:106,0
DA:107,0
DA:109,0
DA:112,0
DA:116,0
DA:117,0
DA:118,0
DA:119,0
DA:132,0
DA:135,0
DA:136,0
DA:137,0
DA:139,0
DA:144,0
DA:145,0
DA:147,0
DA:148,0
DA:150,0
DA:163,0
DA:210,0
DA:226,0
DA:276,0
LF:62
LH:0
BRDA:52,0,0,0
BRDA:52,0,1,0
BRDA:59,1,0,0
BRDA:59,1,1,0
BRDA:68,2,0,0
BRDA:68,2,1,0
BRDA:68,3,0,0
BRDA:68,3,1,0
BRDA:68,3,2,0
BRDA:70,4,0,0
BRDA:70,4,1,0
BRDA:71,5,0,0
BRDA:71,5,1,0
BRDA:72,6,0,0
BRDA:72,6,1,0
BRDA:73,7,0,0
BRDA:73,7,1,0
BRDA:74,8,0,0
BRDA:74,8,1,0
BRDA:75,9,0,0
BRDA:75,9,1,0
BRDA:76,10,0,0
BRDA:76,10,1,0
BRDA:77,11,0,0
BRDA:77,11,1,0
BRDA:80,12,0,0
BRDA:80,12,1,0
BRDA:89,13,0,0
BRDA:89,13,1,0
BRDA:90,14,0,0
BRDA:90,14,1,0
BRDA:91,15,0,0
BRDA:91,15,1,0
BRDA:93,16,0,0
BRDA:93,16,1,0
BRDA:104,17,0,0
BRDA:104,17,1,0
BRDA:106,18,0,0
BRDA:106,18,1,0
BRDA:120,19,0,0
BRDA:120,19,1,0
BRDA:121,20,0,0
BRDA:121,20,1,0
BRDA:122,21,0,0
BRDA:122,21,1,0
BRDA:123,22,0,0
BRDA:123,22,1,0
BRDA:128,23,0,0
BRDA:128,23,1,0
BRDA:135,24,0,0
BRDA:135,24,1,0
BRDA:135,25,0,0
BRDA:135,25,1,0
BRDA:137,26,0,0
BRDA:137,26,1,0
BRDA:144,27,0,0
BRDA:144,27,1,0
BRDA:148,28,0,0
BRDA:148,28,1,0
BRDA:170,29,0,0
BRDA:170,29,1,0
BRDA:265,30,0,0
BRDA:265,30,1,0
BRDA:321,31,0,0
BRDA:321,31,1,0
BRDA:322,32,0,0
BRDA:322,32,1,0
BRF:67
BRH:0
end_of_record
TN:
SF:src/components/jobs/JobMatchScore.tsx
FN:26,(anonymous_0)
FN:30,(anonymous_1)
FN:55,(anonymous_2)
FN:61,(anonymous_3)
FNF:4
FNH:0
FNDA:0,(anonymous_0)
FNDA:0,(anonymous_1)
FNDA:0,(anonymous_2)
FNDA:0,(anonymous_3)
DA:26,0
DA:27,0
DA:28,0
DA:30,0
DA:31,0
DA:32,0
DA:33,0
DA:37,0
DA:39,0
DA:40,0
DA:42,0
DA:43,0
DA:44,0
DA:45,0
DA:46,0
DA:48,0
DA:51,0
DA:55,0
DA:56,0
DA:57,0
DA:58,0
DA:61,0
DA:62,0
DA:63,0
DA:64,0
DA:65,0
LF:26
LH:0
BRDA:37,0,0,0
BRDA:37,0,1,0
BRDA:43,1,0,0
BRDA:43,1,1,0
BRDA:45,2,0,0
BRDA:45,2,1,0
BRDA:56,3,0,0
BRDA:56,3,1,0
BRDA:57,4,0,0
BRDA:57,4,1,0
BRDA:62,5,0,0
BRDA:62,5,1,0
BRDA:63,6,0,0
BRDA:63,6,1,0
BRDA:64,7,0,0
BRDA:64,7,1,0
BRDA:82,8,0,0
BRDA:82,8,1,0
BRDA:82,9,0,0
BRDA:82,9,1,0
BRF:20
BRH:0
end_of_record
TN:
SF:src/components/jobs/JobPipeline.tsx
FN:17,JobPipeline
FN:20,(anonymous_1)
FN:21,(anonymous_2)
FN:24,(anonymous_3)
FN:28,(anonymous_4)
FN:56,(anonymous_5)
FNF:6
FNH:0
FNDA:0,JobPipeline
FNDA:0,(anonymous_1)
FNDA:0,(anonymous_2)
FNDA:0,(anonymous_3)
FNDA:0,(anonymous_4)
FNDA:0,(anonymous_5)
DA:18,0
DA:20,0
DA:21,0
DA:24,0
DA:25,0
DA:28,0
DA:29,0
DA:31,0
DA:33,0
DA:34,0
DA:36,0
DA:37,0
DA:39,0
DA:41,0
DA:45,0
DA:46,0
DA:48,0
DA:49,0
DA:57,0
LF:19
LH:0
BRDA:21,0,0,0
BRDA:21,0,1,0
BRDA:33,1,0,0
BRDA:33,1,1,0
BRDA:34,2,0,0
BRDA:34,2,1,0
BRDA:34,3,0,0
BRDA:34,3,1,0
BRDA:60,4,0,0
BRDA:60,4,1,0
BRDA:78,5,0,0
BRDA:78,5,1,0
BRDA:88,6,0,0
BRDA:88,6,1,0
BRF:14
BRH:0
end_of_record
TN:
SF:src/components/jobs/MaterialsUsageAnalytics.tsx
FN:6,(anonymous_0)
FN:10,(anonymous_1)
FN:14,(anonymous_2)
FNF:3
FNH:0
FNDA:0,(anonymous_0)
FNDA:0,(anonymous_1)
FNDA:0,(anonymous_2)
DA:6,0
DA:7,0
DA:8,0
DA:10,0
DA:11,0
DA:14,0
DA:15,0
DA:16,0
DA:17,0
DA:19,0
DA:21,0
DA:25,0
LF:12
LH:0
BRDA:25,0,0,0
BRDA:25,0,1,0
BRF:2
BRH:0
end_of_record
TN:
SF:src/components/jobs/MaterialsVersionCompare.tsx
FN:28,computeLineDiff
FN:66,(anonymous_1)
FN:71,(anonymous_2)
FN:72,(anonymous_3)
FN:73,(anonymous_4)
FN:83,(anonymous_5)
FN:84,(anonymous_6)
FN:94,(anonymous_7)
FNF:8
FNH:0
FNDA:0,computeLineDiff
FNDA:0,(anonymous_1)
FNDA:0,(anonymous_2)
FNDA:0,(anonymous_3)
FNDA:0,(anonymous_4)
FNDA:0,(anonymous_5)
FNDA:0,(anonymous_6)
FNDA:0,(anonymous_7)
DA:29,0
DA:30,0
DA:32,0
DA:33,0
DA:35,0
DA:36,0
DA:37,0
DA:39,0
DA:40,0
DA:41,0
DA:43,0
DA:44,0
DA:45,0
DA:48,0
DA:49,0
DA:51,0
DA:53,0
DA:54,0
DA:57,0
DA:58,0
DA:63,0
DA:66,0
DA:67,0
DA:68,0
DA:69,0
DA:71,0
DA:72,0
DA:73,0
DA:75,0
DA:77,0
DA:78,0
DA:80,0
DA:83,0
DA:84,0
DA:85,0
DA:86,0
DA:87,0
DA:94,0
DA:95,0
DA:96,0
DA:97,0
LF:41
LH:0
BRDA:32,0,0,0
BRDA:32,0,1,0
BRDA:33,1,0,0
BRDA:33,1,1,0
BRDA:37,2,0,0
BRDA:37,2,1,0
BRDA:41,3,0,0
BRDA:41,3,1,0
BRDA:51,4,0,0
BRDA:51,4,1,0
BRDA:51,5,0,0
BRDA:51,5,1,0
BRDA:51,5,2,0
BRDA:67,6,0,0
BRDA:67,6,1,0
BRDA:68,7,0,0
BRDA:68,7,1,0
BRDA:75,8,0,0
BRDA:75,8,1,0
BRDA:75,9,0,0
BRDA:75,9,1,0
BRDA:85,10,0,0
BRDA:85,10,1,0
BRDA:103,11,0,0
BRDA:103,11,1,0
BRDA:149,12,0,0
BRDA:149,12,1,0
BRDA:151,13,0,0
BRDA:151,13,1,0
BRDA:157,14,0,0
BRDA:157,14,1,0
BRDA:157,15,0,0
BRDA:157,15,1,0
BRDA:159,16,0,0
BRDA:159,16,1,0
BRF:35
BRH:0
end_of_record
TN:
SF:src/components/jobs/NegotiationPrep.tsx
FN:41,(anonymous_0)
FN:49,(anonymous_1)
FN:53,(anonymous_2)
FN:71,(anonymous_3)
FN:95,(anonymous_4)
FN:119,(anonymous_5)
FN:139,(anonymous_6)
FN:148,(anonymous_7)
FN:155,(anonymous_8)
FN:259,(anonymous_9)
FN:269,(anonymous_10)
FN:314,(anonymous_11)
FN:319,(anonymous_12)
FN:343,(anonymous_13)
FN:379,(anonymous_14)
FN:413,(anonymous_15)
FN:416,(anonymous_16)
FNF:17
FNH:0
FNDA:0,(anonymous_0)
FNDA:0,(anonymous_1)
FNDA:0,(anonymous_2)
FNDA:0,(anonymous_3)
FNDA:0,(anonymous_4)
FNDA:0,(anonymous_5)
FNDA:0,(anonymous_6)
FNDA:0,(anonymous_7)
FNDA:0,(anonymous_8)
FNDA:0,(anonymous_9)
FNDA:0,(anonymous_10)
FNDA:0,(anonymous_11)
FNDA:0,(anonymous_12)
FNDA:0,(anonymous_13)
FNDA:0,(anonymous_14)
FNDA:0,(anonymous_15)
FNDA:0,(anonymous_16)
DA:41,0
DA:42,0
DA:43,0
DA:44,0
DA:45,0
DA:46,0
DA:47,0
DA:49,0
DA:50,0
DA:53,0
DA:54,0
DA:60,0
DA:61,0
DA:62,0
DA:65,0
DA:66,0
DA:67,0
DA:68,0
DA:71,0
DA:72,0
DA:73,0
DA:75,0
DA:86,0
DA:87,0
DA:89,0
DA:90,0
DA:92,0
DA:95,0
DA:96,0
DA:97,0
DA:99,0
DA:109,0
DA:110,0
DA:112,0
DA:113,0
DA:114,0
DA:116,0
DA:119,0
DA:120,0
DA:122,0
DA:132,0
DA:133,0
DA:135,0
DA:139,0
DA:140,0
DA:141,0
DA:148,0
DA:149,0
DA:150,0
DA:151,0
DA:152,0
DA:155,0
DA:156,0
DA:157,0
DA:160,0
DA:161,0
DA:162,0
DA:163,0
DA:164,0
DA:166,0
DA:167,0
DA:168,0
DA:169,0
DA:170,0
DA:172,0
DA:175,0
DA:185,0
DA:195,0
DA:196,0
DA:259,0
DA:269,0
DA:314,0
DA:319,0
DA:344,0
DA:345,0
DA:379,0
DA:413,0
DA:416,0
LF:78
LH:0
BRDA:60,0,0,0
BRDA:60,0,1,0
BRDA:67,1,0,0
BRDA:67,1,1,0
BRDA:68,2,0,0
BRDA:68,2,1,0
BRDA:72,3,0,0
BRDA:72,3,1,0
BRDA:80,4,0,0
BRDA:80,4,1,0
BRDA:81,5,0,0
BRDA:81,5,1,0
BRDA:86,6,0,0
BRDA:86,6,1,0
BRDA:96,7,0,0
BRDA:96,7,1,0
BRDA:96,8,0,0
BRDA:96,8,1,0
BRDA:96,8,2,0
BRDA:104,9,0,0
BRDA:104,9,1,0
BRDA:109,10,0,0
BRDA:109,10,1,0
BRDA:120,11,0,0
BRDA:120,11,1,0
BRDA:132,12,0,0
BRDA:132,12,1,0
BRDA:140,13,0,0
BRDA:140,13,1,0
BRDA:149,14,0,0
BRDA:149,14,1,0
BRDA:150,15,0,0
BRDA:150,15,1,0
BRDA:151,16,0,0
BRDA:151,16,1,0
BRDA:156,17,0,0
BRDA:156,17,1,0
BRDA:156,18,0,0
BRDA:156,18,1,0
BRDA:156,18,2,0
BRDA:167,19,0,0
BRDA:167,19,1,0
BRDA:168,20,0,0
BRDA:168,20,1,0
BRDA:169,21,0,0
BRDA:169,21,1,0
BRDA:228,22,0,0
BRDA:228,22,1,0
BRDA:289,23,0,0
BRDA:289,23,1,0
BRDA:290,24,0,0
BRDA:290,24,1,0
BRF:52
BRH:0
end_of_record
TN:
SF:src/components/jobs/OffersList.tsx
FN:31,(anonymous_0)
FN:45,(anonymous_1)
FN:49,(anonymous_2)
FN:64,(anonymous_3)
FN:103,(anonymous_4)
FN:117,(anonymous_5)
FN:126,(anonymous_6)
FN:159,(anonymous_7)
FN:169,(anonymous_8)
FN:180,(anonymous_9)
FN:189,(anonymous_10)
FN:199,(anonymous_11)
FN:204,(anonymous_12)
FN:222,(anonymous_13)
FN:226,(anonymous_14)
FN:268,(anonymous_15)
FN:293,(anonymous_16)
FNF:17
FNH:0
FNDA:0,(anonymous_0)
FNDA:0,(anonymous_1)
FNDA:0,(anonymous_2)
FNDA:0,(anonymous_3)
FNDA:0,(anonymous_4)
FNDA:0,(anonymous_5)
FNDA:0,(anonymous_6)
FNDA:0,(anonymous_7)
FNDA:0,(anonymous_8)
FNDA:0,(anonymous_9)
FNDA:0,(anonymous_10)
FNDA:0,(anonymous_11)
FNDA:0,(anonymous_12)
FNDA:0,(anonymous_13)
FNDA:0,(anonymous_14)
FNDA:0,(anonymous_15)
FNDA:0,(anonymous_16)
DA:31,0
DA:32,0
DA:33,0
DA:34,0
DA:35,0
DA:45,0
DA:46,0
DA:49,0
DA:50,0
DA:56,0
DA:57,0
DA:58,0
DA:61,0
DA:64,0
DA:65,0
DA:66,0
DA:68,0
DA:69,0
DA:71,0
DA:83,0
DA:84,0
DA:86,0
DA:87,0
DA:88,0
DA:97,0
DA:100,0
DA:103,0
DA:104,0
DA:109,0
DA:110,0
DA:112,0
DA:113,0
DA:117,0
DA:118,0
DA:119,0
DA:126,0
DA:127,0
DA:128,0
DA:129,0
DA:130,0
DA:131,0
DA:159,0
DA:169,0
DA:180,0
DA:189,0
DA:199,0
DA:204,0
DA:222,0
DA:226,0
DA:269,0
DA:270,0
DA:293,0
LF:52
LH:0
BRDA:56,0,0,0
BRDA:56,0,1,0
BRDA:61,1,0,0
BRDA:61,1,1,0
BRDA:69,2,0,0
BRDA:69,2,1,0
BRDA:74,3,0,0
BRDA:74,3,1,0
BRDA:75,4,0,0
BRDA:75,4,1,0
BRDA:76,5,0,0
BRDA:76,5,1,0
BRDA:77,6,0,0
BRDA:77,6,1,0
BRDA:78,7,0,0
BRDA:78,7,1,0
BRDA:79,8,0,0
BRDA:79,8,1,0
BRDA:83,9,0,0
BRDA:83,9,1,0
BRDA:109,10,0,0
BRDA:109,10,1,0
BRDA:118,11,0,0
BRDA:118,11,1,0
BRDA:127,12,0,0
BRDA:127,12,1,0
BRDA:127,12,2,0
BRDA:127,12,3,0
BRDA:230,13,0,0
BRDA:230,13,1,0
BRDA:254,14,0,0
BRDA:254,14,1,0
BRDA:254,15,0,0
BRDA:254,15,1,0
BRDA:289,16,0,0
BRDA:289,16,1,0
BRF:36
BRH:0
end_of_record
TN:
SF:src/components/jobs/ReferralAnalytics.tsx
FN:6,(anonymous_0)
FN:16,(anonymous_1)
FN:20,(anonymous_2)
FN:29,(anonymous_3)
FN:30,(anonymous_4)
FN:34,(anonymous_5)
FN:40,(anonymous_6)
FN:117,(anonymous_7)
FNF:8
FNH:0
FNDA:0,(anonymous_0)
FNDA:0,(anonymous_1)
FNDA:0,(anonymous_2)
FNDA:0,(anonymous_3)
FNDA:0,(anonymous_4)
FNDA:0,(anonymous_5)
FNDA:0,(anonymous_6)
FNDA:0,(anonymous_7)
DA:6,0
DA:7,0
DA:14,0
DA:16,0
DA:17,0
DA:20,0
DA:21,0
DA:22,0
DA:26,0
DA:28,0
DA:29,0
DA:30,0
DA:31,0
DA:34,0
DA:35,0
DA:38,0
DA:39,0
DA:40,0
DA:41,0
DA:42,0
DA:43,0
DA:44,0
DA:46,0
DA:49,0
DA:57,0
DA:59,0
DA:63,0
DA:118,0
LF:28
LH:0
BRDA:26,0,0,0
BRDA:26,0,1,0
BRDA:28,1,0,0
BRDA:28,1,1,0
BRDA:29,2,0,0
BRDA:29,2,1,0
BRDA:30,3,0,0
BRDA:30,3,1,0
BRDA:31,4,0,0
BRDA:31,4,1,0
BRDA:34,5,0,0
BRDA:34,5,1,0
BRDA:35,6,0,0
BRDA:35,6,1,0
BRDA:39,7,0,0
BRDA:39,7,1,0
BRDA:80,8,0,0
BRDA:80,8,1,0
BRDA:137,9,0,0
BRDA:137,9,1,0
BRF:20
BRH:0
end_of_record
TN:
SF:src/components/jobs/ReferralRequestForm.tsx
FN:20,(anonymous_0)
FN:31,(anonymous_1)
FN:37,(anonymous_2)
FN:51,(anonymous_3)
FN:65,(anonymous_4)
FN:134,(anonymous_5)
FN:159,(anonymous_6)
FN:180,(anonymous_7)
FN:191,(anonymous_8)
FN:202,(anonymous_9)
FNF:10
FNH:0
FNDA:0,(anonymous_0)
FNDA:0,(anonymous_1)
FNDA:0,(anonymous_2)
FNDA:0,(anonymous_3)
FNDA:0,(anonymous_4)
FNDA:0,(anonymous_5)
FNDA:0,(anonymous_6)
FNDA:0,(anonymous_7)
FNDA:0,(anonymous_8)
FNDA:0,(anonymous_9)
DA:20,0
DA:21,0
DA:22,0
DA:29,0
DA:31,0
DA:32,0
DA:33,0
DA:37,0
DA:38,0
DA:39,0
DA:51,0
DA:52,0
DA:53,0
DA:58,0
DA:59,0
DA:61,0
DA:65,0
DA:66,0
DA:67,0
DA:69,0
DA:70,0
DA:71,0
DA:73,0
DA:74,0
DA:77,0
DA:88,0
DA:89,0
DA:94,0
DA:95,0
DA:97,0
DA:101,0
DA:102,0
DA:105,0
DA:107,0
DA:111,0
DA:134,0
DA:159,0
DA:180,0
DA:191,0
DA:202,0
LF:40
LH:0
BRDA:23,0,0,0
BRDA:23,0,1,0
BRDA:32,1,0,0
BRDA:32,1,1,0
BRDA:38,2,0,0
BRDA:38,2,1,0
BRDA:42,3,0,0
BRDA:42,3,1,0
BRDA:43,4,0,0
BRDA:43,4,1,0
BRDA:46,5,0,0
BRDA:46,5,1,0
BRDA:58,6,0,0
BRDA:58,6,1,0
BRDA:59,7,0,0
BRDA:59,7,1,0
BRDA:71,8,0,0
BRDA:71,8,1,0
BRDA:73,9,0,0
BRDA:73,9,1,0
BRDA:82,10,0,0
BRDA:82,10,1,0
BRDA:83,11,0,0
BRDA:83,11,1,0
BRDA:84,12,0,0
BRDA:84,12,1,0
BRDA:88,13,0,0
BRDA:88,13,1,0
BRDA:94,14,0,0
BRDA:94,14,1,0
BRDA:101,15,0,0
BRDA:101,15,1,0
BRDA:107,16,0,0
BRDA:107,16,1,0
BRDA:118,17,0,0
BRDA:118,17,1,0
BRDA:126,18,0,0
BRDA:126,18,1,0
BRDA:142,19,0,0
BRDA:142,19,1,0
BRDA:212,20,0,0
BRDA:212,20,1,0
BRDA:212,21,0,0
BRDA:212,21,1,0
BRF:44
BRH:0
end_of_record
TN:
SF:src/components/jobs/ReferralRequestsSection.tsx
FN:25,(anonymous_0)
FN:34,(anonymous_1)
FN:39,(anonymous_2)
FN:56,(anonymous_3)
FN:57,(anonymous_4)
FN:67,(anonymous_5)
FN:92,(anonymous_6)
FN:98,(anonymous_7)
FN:104,(anonymous_8)
FN:112,(anonymous_9)
FN:117,(anonymous_10)
FN:146,(anonymous_11)
FN:182,(anonymous_12)
FN:191,(anonymous_13)
FN:232,(anonymous_14)
FN:266,(anonymous_15)
FN:276,(anonymous_16)
FNF:17
FNH:0
FNDA:0,(anonymous_0)
FNDA:0,(anonymous_1)
FNDA:0,(anonymous_2)
FNDA:0,(anonymous_3)
FNDA:0,(anonymous_4)
FNDA:0,(anonymous_5)
FNDA:0,(anonymous_6)
FNDA:0,(anonymous_7)
FNDA:0,(anonymous_8)
FNDA:0,(anonymous_9)
FNDA:0,(anonymous_10)
FNDA:0,(anonymous_11)
FNDA:0,(anonymous_12)
FNDA:0,(anonymous_13)
FNDA:0,(anonymous_14)
FNDA:0,(anonymous_15)
FNDA:0,(anonymous_16)
DA:17,0
DA:25,0
DA:26,0
DA:27,0
DA:28,0
DA:29,0
DA:30,0
DA:31,0
DA:32,0
DA:34,0
DA:35,0
DA:36,0
DA:39,0
DA:40,0
DA:41,0
DA:48,0
DA:51,0
DA:56,0
DA:57,0
DA:59,0
DA:61,0
DA:63,0
DA:67,0
DA:68,0
DA:69,0
DA:85,0
DA:86,0
DA:88,0
DA:92,0
DA:93,0
DA:94,0
DA:95,0
DA:98,0
DA:99,0
DA:100,0
DA:101,0
DA:104,0
DA:105,0
DA:106,0
DA:107,0
DA:108,0
DA:109,0
DA:112,0
DA:113,0
DA:114,0
DA:117,0
DA:118,0
DA:119,0
DA:127,0
DA:128,0
DA:129,0
DA:131,0
DA:146,0
DA:182,0
DA:191,0
DA:232,0
DA:266,0
DA:276,0
LF:58
LH:0
BRDA:44,0,0,0
BRDA:44,0,1,0
BRDA:48,1,0,0
BRDA:48,1,1,0
BRDA:56,2,0,0
BRDA:56,2,1,0
BRDA:57,3,0,0
BRDA:57,3,1,0
BRDA:85,4,0,0
BRDA:85,4,1,0
BRDA:86,5,0,0
[...]
BRDA:186,17,0,0
BRDA:186,17,1,0
BRDA:186,17,2,0
BRDA:186,17,3,0
BRDA:192,18,0,0
BRDA:192,18,1,0
BRDA:192,19,0,0
BRDA:192,19,1,0
BRDA:192,20,0,0
BRDA:192,20,1,0
BRDA:192,21,0,0
BRDA:192,21,1,0
BRDA:195,22,0,0
BRDA:195,22,1,0
BRDA:198,23,0,0
BRDA:198,23,1,0
BRDA:198,24,0,0
BRDA:198,24,1,0
BRDA:203,25,0,0
BRDA:203,25,1,0
BRDA:208,26,0,0
BRDA:208,26,1,0
BRDA:208,27,0,0
BRDA:208,27,1,0
BRDA:208,28,0,0
BRDA:208,28,1,0
BRDA:218,29,0,0
BRDA:218,29,1,0
BRDA:219,30,0,0
BRDA:219,30,1,0
BRDA:220,31,0,0
BRDA:220,31,1,0
BRDA:221,32,0,0
BRDA:221,32,1,0
BRDA:222,33,0,0
BRDA:222,33,1,0
BRDA:230,34,0,0
BRDA:230,34,1,0
BRDA:235,35,0,0
BRDA:235,35,1,0
BRDA:241,36,0,0
BRDA:241,36,1,0
BRDA:258,37,0,0
BRDA:258,37,1,0
BRDA:258,38,0,0
BRDA:258,38,1,0
BRDA:258,38,2,0
BRDA:279,39,0,0
BRDA:279,39,1,0
BRDA:286,40,0,0
BRDA:286,40,1,0
BRDA:300,41,0,0
BRDA:300,41,1,0
BRDA:326,42,0,0
BRDA:326,42,1,0
BRDA:337,43,0,0
BRDA:337,43,1,0
BRDA:354,44,0,0
BRDA:354,44,1,0
BRDA:354,45,0,0
BRDA:354,45,1,0
BRDA:375,46,0,0
BRDA:375,46,1,0
BRDA:443,47,0,0
BRDA:443,47,1,0
BRDA:444,48,0,0
BRDA:444,48,1,0
BRDA:462,49,0,0
BRDA:462,49,1,0
BRDA:464,50,0,0
BRDA:464,50,1,0
BRDA:495,51,0,0
BRDA:495,51,1,0
BRDA:500,52,0,0
BRDA:500,52,1,0
BRDA:504,53,0,0
BRDA:504,53,1,0
BRDA:508,54,0,0
BRDA:508,54,1,0
BRF:118
BRH:0
end_of_record
TN:
SF:src/pages/Register.tsx
FN:14,(anonymous_0)
FN:28,(anonymous_1)
FN:34,(anonymous_2)
FN:55,(anonymous_3)
FN:84,(anonymous_4)
FN:117,(anonymous_5)
FN:132,(anonymous_6)
FN:147,(anonymous_7)
FN:156,(anonymous_8)
FN:165,(anonymous_9)
FN:190,(anonymous_10)
FN:202,(anonymous_11)
FN:214,(anonymous_12)
FN:226,(anonymous_13)
FNF:14
FNH:0
FNDA:0,(anonymous_0)
FNDA:0,(anonymous_1)
FNDA:0,(anonymous_2)
FNDA:0,(anonymous_3)
FNDA:0,(anonymous_4)
FNDA:0,(anonymous_5)
FNDA:0,(anonymous_6)
FNDA:0,(anonymous_7)
FNDA:0,(anonymous_8)
FNDA:0,(anonymous_9)
FNDA:0,(anonymous_10)
FNDA:0,(anonymous_11)
FNDA:0,(anonymous_12)
FNDA:0,(anonymous_13)
DA:14,0
DA:15,0
DA:16,0
DA:18,0
DA:24,0
DA:25,0
DA:28,0
DA:29,0
DA:30,0
DA:34,0
DA:35,0
DA:36,0
DA:37,0
DA:44,0
DA:45,0
DA:48,0
DA:49,0
DA:51,0
DA:55,0
DA:56,0
DA:58,0
DA:59,0
DA:62,0
DA:63,0
DA:64,0
DA:65,0
DA:68,0
DA:69,0
DA:70,0
DA:71,0
DA:72,0
DA:73,0
DA:76,0
DA:77,0
DA:80,0
DA:81,0
DA:84,0
DA:85,0
DA:87,0
DA:89,0
DA:90,0
DA:91,0
DA:93,0
DA:94,0
DA:95,0
DA:97,0
DA:117,0
DA:132,0
DA:147,0
DA:156,0
DA:165,0
DA:190,0
DA:202,0
DA:214,0
DA:226,0
LF:55
LH:0
BRDA:29,0,0,0
BRDA:29,0,1,0
BRDA:44,1,0,0
BRDA:44,1,1,0
BRDA:58,2,0,0
BRDA:58,2,1,0
BRDA:62,3,0,0
BRDA:62,3,1,0
BRDA:64,4,0,0
BRDA:64,4,1,0
BRDA:68,5,0,0
BRDA:68,5,1,0
BRDA:70,6,0,0
BRDA:70,6,1,0
BRDA:72,7,0,0
BRDA:72,7,1,0
BRDA:76,8,0,0
BRDA:76,8,1,0
BRDA:87,9,0,0
BRDA:87,9,1,0
BRDA:93,10,0,0
BRDA:93,10,1,0
BRDA:97,11,0,0
BRDA:97,11,1,0
BRDA:191,12,0,0
BRDA:191,12,1,0
BRDA:203,13,0,0
BRDA:203,13,1,0
BRDA:215,14,0,0
BRDA:215,14,1,0
BRDA:227,15,0,0
BRDA:227,15,1,0
BRDA:233,16,0,0
BRDA:233,16,1,0
BRF:34
BRH:0
end_of_record
TN:
SF:src/pages/ResetPassword.tsx
FN:11,(anonymous_0)
FN:23,(anonymous_1)
FN:42,(anonymous_2)
FN:59,(anonymous_3)
FN:88,(anonymous_4)
FN:103,(anonymous_5)
FNF:6
FNH:0
FNDA:0,(anonymous_0)
FNDA:0,(anonymous_1)
FNDA:0,(anonymous_2)
FNDA:0,(anonymous_3)
FNDA:0,(anonymous_4)
FNDA:0,(anonymous_5)
DA:11,0
DA:12,0
DA:13,0
DA:14,0
DA:16,0
DA:20,0
DA:21,0
DA:23,0
DA:24,0
DA:26,0
DA:27,0
DA:28,0
DA:29,0
DA:30,0
DA:31,0
DA:34,0
DA:35,0
DA:38,0
DA:39,0
DA:42,0
DA:43,0
DA:45,0
DA:47,0
DA:48,0
DA:51,0
DA:53,0
DA:54,0
DA:59,0
DA:60,0
DA:63,0
DA:88,0
DA:103,0
LF:32
LH:0
BRDA:26,0,0,0
BRDA:26,0,1,0
BRDA:28,1,0,0
BRDA:28,1,1,0
BRDA:30,2,0,0
BRDA:30,2,1,0
BRDA:34,3,0,0
BRDA:34,3,1,0
BRDA:45,4,0,0
BRDA:45,4,1,0
BRDA:53,5,0,0
BRDA:53,5,1,0
BRDA:65,6,0,0
BRDA:65,6,1,0
BRDA:89,7,0,0
BRDA:89,7,1,0
BRDA:104,8,0,0
BRDA:104,8,1,0
BRDA:110,9,0,0
BRDA:110,9,1,0
BRF:20
BRH:0
end_of_record
TN:
SF:src/pages/Resumes.tsx
FN:4,(anonymous_0)
FNF:1
FNH:0
FNDA:0,(anonymous_0)
DA:4,0
LF:1
LH:0
BRF:0
BRH:0
end_of_record
TN:
SF:src/pages/SalaryProgressionAnalytics.tsx
FN:11,SalaryProgressionAnalytics
FN:27,(anonymous_1)
FN:31,(anonymous_2)
FN:52,(anonymous_3)
FN:67,(anonymous_4)
FN:68,(anonymous_5)
FN:71,(anonymous_6)
FN:78,(anonymous_7)
FN:93,(anonymous_8)
FN:98,(anonymous_9)
FN:106,(anonymous_10)
FN:107,(anonymous_11)
FN:108,(anonymous_12)
FN:113,(anonymous_13)
FN:114,(anonymous_14)
FN:133,(anonymous_15)
FN:149,(anonymous_16)
FN:248,(anonymous_17)
FN:331,(anonymous_18)
FNF:19
FNH:0
FNDA:0,SalaryProgressionAnalytics
FNDA:0,(anonymous_1)
FNDA:0,(anonymous_2)
FNDA:0,(anonymous_3)
FNDA:0,(anonymous_4)
FNDA:0,(anonymous_5)
FNDA:0,(anonymous_6)
FNDA:0,(anonymous_7)
FNDA:0,(anonymous_8)
FNDA:0,(anonymous_9)
FNDA:0,(anonymous_10)
FNDA:0,(anonymous_11)
FNDA:0,(anonymous_12)
FNDA:0,(anonymous_13)
FNDA:0,(anonymous_14)
FNDA:0,(anonymous_15)
FNDA:0,(anonymous_16)
FNDA:0,(anonymous_17)
FNDA:0,(anonymous_18)
DA:12,0
DA:13,0
DA:14,0
DA:27,0
DA:28,0
DA:31,0
DA:32,0
DA:33,0
DA:34,0
DA:36,0
DA:41,0
DA:43,0
DA:44,0
DA:46,0
DA:48,0
DA:52,0
DA:53,0
DA:54,0
DA:62,0
DA:66,0
DA:67,0
DA:68,0
DA:70,0
DA:71,0
DA:73,0
DA:74,0
DA:77,0
DA:78,0
DA:79,0
DA:80,0
DA:81,0
DA:83,0
DA:84,0
DA:86,0
DA:87,0
DA:88,0
DA:89,0
DA:92,0
DA:93,0
DA:99,0
DA:100,0
DA:101,0
DA:105,0
DA:106,0
DA:107,0
DA:108,0
DA:112,0
DA:113,0
DA:115,0
DA:116,0
DA:118,0
DA:119,0
DA:120,0
DA:121,0
DA:124,0
DA:133,0
DA:135,0
DA:145,0
DA:149,0
DA:150,0
DA:248,0
DA:331,0
LF:62
LH:0
BRDA:34,0,0,0
BRDA:34,0,1,0
BRDA:41,1,0,0
BRDA:41,1,1,0
BRDA:43,2,0,0
BRDA:43,2,1,0
BRDA:44,3,0,0
BRDA:44,3,1,0
BRDA:53,4,0,0
BRDA:53,4,1,0
BRDA:70,5,0,0
BRDA:70,5,1,0
BRDA:73,6,0,0
BRDA:73,6,1,0
BRDA:74,7,0,0
BRDA:74,7,1,0
BRDA:79,8,0,0
BRDA:79,8,1,0
BRDA:79,9,0,0
BRDA:79,9,1,0
BRDA:83,10,0,0
BRDA:83,10,1,0
BRDA:108,11,0,0
BRDA:108,11,1,0
BRDA:115,12,0,0
BRDA:115,12,1,0
BRDA:116,13,0,0
BRDA:116,13,1,0
BRDA:119,14,0,0
BRDA:119,14,1,0
BRDA:119,15,0,0
BRDA:119,15,1,0
BRDA:121,16,0,0
BRDA:121,16,1,0
BRDA:125,17,0,0
BRDA:125,17,1,0
BRDA:126,18,0,0
BRDA:126,18,1,0
BRDA:145,19,0,0
BRDA:145,19,1,0
BRF:40
BRH:0
end_of_record
TN:
SF:src/pages/SharedProgress.tsx
FN:12,(anonymous_0)
FN:17,(anonymous_1)
FN:40,(anonymous_2)
FN:47,(anonymous_3)
FN:117,(anonymous_4)
FN:118,(anonymous_5)
FN:121,(anonymous_6)
FN:123,(anonymous_7)
FN:124,(anonymous_8)
FNF:9
FNH:0
FNDA:0,(anonymous_0)
FNDA:0,(anonymous_1)
FNDA:0,(anonymous_2)
FNDA:0,(anonymous_3)
FNDA:0,(anonymous_4)
FNDA:0,(anonymous_5)
FNDA:0,(anonymous_6)
FNDA:0,(anonymous_7)
FNDA:0,(anonymous_8)
DA:12,0
DA:13,0
DA:16,0
DA:18,0
DA:20,0
DA:26,0
DA:27,0
DA:31,0
DA:40,0
DA:41,0
DA:44,0
DA:48,0
DA:50,0
DA:57,0
DA:58,0
DA:59,0
DA:62,0
DA:63,0
DA:67,0
DA:68,0
DA:71,0
DA:74,0
DA:82,0
DA:91,0
DA:99,0
DA:112,0
DA:113,0
DA:116,0
DA:117,0
DA:118,0
DA:119,0
DA:121,0
DA:123,0
DA:124,0
LF:34
LH:0
BRDA:18,0,0,0
BRDA:18,0,1,0
BRDA:26,1,0,0
BRDA:26,1,1,0
BRDA:48,2,0,0
BRDA:48,2,1,0
BRDA:57,3,0,0
BRDA:57,3,1,0
BRDA:62,4,0,0
BRDA:62,4,1,0
BRDA:67,5,0,0
BRDA:67,5,1,0
BRDA:67,6,0,0
BRDA:67,6,1,0
BRDA:77,7,0,0
BRDA:77,7,1,0
BRDA:85,8,0,0
BRDA:85,8,1,0
BRDA:86,9,0,0
BRDA:86,9,1,0
BRDA:91,10,0,0
BRDA:91,10,1,0
BRDA:99,11,0,0
BRDA:99,11,1,0
BRDA:99,12,0,0
BRDA:99,12,1,0
BRDA:105,13,0,0
BRDA:105,13,1,0
BRDA:143,14,0,0
BRDA:143,14,1,0
BRDA:226,15,0,0
BRDA:226,15,1,0
BRDA:228,16,0,0
BRDA:228,16,1,0
BRF:34
BRH:0
end_of_record
TN:
SF:src/pages/SuccessPatterns.tsx
FN:8,SuccessPatterns
FN:11,(anonymous_1)
FN:23,(anonymous_2)
FN:32,(anonymous_3)
FN:40,(anonymous_4)
FN:41,(anonymous_5)
FN:49,(anonymous_6)
FN:50,(anonymous_7)
FN:54,(anonymous_8)
FN:55,(anonymous_9)
FN:56,(anonymous_10)
FN:58,(anonymous_11)
FN:59,(anonymous_12)
FN:76,(anonymous_13)
FN:80,(anonymous_14)
FN:81,(anonymous_15)
FN:81,(anonymous_16)
FN:85,(anonymous_17)
FN:86,(anonymous_18)
FN:101,(anonymous_19)
FN:106,(anonymous_20)
FN:109,(anonymous_21)
FN:121,(anonymous_22)
FN:127,(anonymous_23)
FN:129,(anonymous_24)
FN:269,(anonymous_25)
FN:301,(anonymous_26)
FNF:27
FNH:0
FNDA:0,SuccessPatterns
FNDA:0,(anonymous_1)
FNDA:0,(anonymous_2)
FNDA:0,(anonymous_3)
FNDA:0,(anonymous_4)
FNDA:0,(anonymous_5)
FNDA:0,(anonymous_6)
FNDA:0,(anonymous_7)
FNDA:0,(anonymous_8)
FNDA:0,(anonymous_9)
FNDA:0,(anonymous_10)
FNDA:0,(anonymous_11)
FNDA:0,(anonymous_12)
FNDA:0,(anonymous_13)
FNDA:0,(anonymous_14)
FNDA:0,(anonymous_15)
FNDA:0,(anonymous_16)
FNDA:0,(anonymous_17)
FNDA:0,(anonymous_18)
FNDA:0,(anonymous_19)
FNDA:0,(anonymous_20)
FNDA:0,(anonymous_21)
FNDA:0,(anonymous_22)
FNDA:0,(anonymous_23)
FNDA:0,(anonymous_24)
FNDA:0,(anonymous_25)
FNDA:0,(anonymous_26)
DA:9,0
DA:12,0
DA:16,0
DA:17,0
DA:21,0
DA:24,0
DA:25,0
DA:26,0
DA:30,0
DA:33,0
DA:34,0
DA:35,0
DA:40,0
DA:41,0
DA:42,0
DA:43,0
DA:45,0
DA:48,0
DA:49,0
DA:50,0
DA:53,0
DA:54,0
DA:56,0
DA:57,0
DA:58,0
DA:59,0
DA:60,0
DA:62,0
DA:63,0
DA:67,0
DA:70,0
DA:75,0
DA:76,0
DA:79,0
DA:80,0
DA:81,0
DA:84,0
DA:85,0
DA:87,0
DA:88,0
DA:89,0
DA:90,0
DA:92,0
DA:93,0
DA:94,0
DA:95,0
DA:97,0
DA:100,0
DA:101,0
DA:106,0
DA:109,0
DA:110,0
DA:111,0
DA:112,0
DA:113,0
DA:114,0
DA:115,0
DA:117,0
DA:120,0
DA:121,0
DA:127,0
DA:129,0
DA:130,0
DA:269,0
DA:301,0
LF:65
LH:0
BRDA:9,0,0,0
BRDA:16,1,0,0
BRDA:16,1,1,0
BRDA:21,2,0,0
BRDA:25,3,0,0
BRDA:25,3,1,0
BRDA:30,4,0,0
BRDA:34,5,0,0
BRDA:34,5,1,0
BRDA:42,6,0,0
BRDA:42,6,1,0
BRDA:43,7,0,0
BRDA:43,7,1,0
BRDA:54,8,0,0
BRDA:54,8,1,0
BRDA:57,9,0,0
BRDA:57,9,1,0
BRDA:62,10,0,0
BRDA:62,10,1,0
BRDA:62,11,0,0
BRDA:62,11,1,0
BRDA:75,12,0,0
BRDA:75,12,1,0
BRDA:76,13,0,0
BRDA:76,13,1,0
BRDA:81,14,0,0
BRDA:81,14,1,0
BRDA:81,15,0,0
BRDA:81,15,1,0
BRDA:88,16,0,0
BRDA:88,16,1,0
BRDA:89,17,0,0
BRDA:89,17,1,0
BRDA:90,18,0,0
BRDA:90,18,1,0
BRDA:92,19,0,0
BRDA:92,19,1,0
BRDA:94,20,0,0
BRDA:94,20,1,0
BRDA:103,21,0,0
BRDA:103,21,1,0
BRDA:112,22,0,0
BRDA:112,22,1,0
BRDA:114,23,0,0
BRDA:114,23,1,0
BRDA:123,24,0,0
BRDA:123,24,1,0
BRF:47
BRH:0
end_of_record
TN:
SF:src/pages/Teams.tsx
FN:12,Teams
FN:17,(anonymous_1)
FN:32,(anonymous_2)
FN:103,(anonymous_3)
FN:120,(anonymous_4)
FNF:5
FNH:0
FNDA:0,Teams
FNDA:0,(anonymous_1)
FNDA:0,(anonymous_2)
FNDA:0,(anonymous_3)
FNDA:0,(anonymous_4)
DA:13,0
DA:15,0
DA:18,0
DA:23,0
DA:24,0
DA:28,0
DA:30,0
DA:33,0
DA:35,0
DA:42,0
DA:43,0
DA:49,0
DA:50,0
DA:103,0
DA:120,0
LF:15
LH:0
BRDA:15,0,0,0
BRDA:23,1,0,0
BRDA:23,1,1,0
BRDA:28,2,0,0
BRDA:28,2,1,0
BRDA:30,3,0,0
BRDA:33,4,0,0
BRDA:33,4,1,0
BRDA:42,5,0,0
BRDA:42,5,1,0
BRDA:45,6,0,0
BRDA:45,6,1,0
BRDA:49,7,0,0
BRDA:49,7,1,0
BRDA:49,8,0,0
BRDA:49,8,1,0
BRDA:101,9,0,0
BRDA:101,9,1,0
BRF:18
BRH:0
end_of_record
TN:
SF:src/pages/TechnicalChallengeDetail.tsx
FN:43,TechnicalChallengeDetail
FN:68,(anonymous_1)
FN:73,(anonymous_2)
FN:76,(anonymous_3)
FN:80,(anonymous_4)
FN:83,(anonymous_5)
FN:108,(anonymous_6)
FN:135,(anonymous_7)
FN:140,(anonymous_8)
FN:144,(anonymous_9)
FN:200,(anonymous_10)
FN:236,(anonymous_11)
FN:315,(anonymous_12)
FN:374,(anonymous_13)
FN:400,(anonymous_14)
FN:414,(anonymous_15)
FN:428,(anonymous_16)
FN:442,(anonymous_17)
FN:462,(anonymous_18)
FN:472,(anonymous_19)
FN:484,(anonymous_20)
FN:510,(anonymous_21)
FNF:22
FNH:0
FNDA:0,TechnicalChallengeDetail
FNDA:0,(anonymous_1)
FNDA:0,(anonymous_2)
FNDA:0,(anonymous_3)
FNDA:0,(anonymous_4)
FNDA:0,(anonymous_5)
FNDA:0,(anonymous_6)
FNDA:0,(anonymous_7)
FNDA:0,(anonymous_8)
FNDA:0,(anonymous_9)
FNDA:0,(anonymous_10)
FNDA:0,(anonymous_11)
FNDA:0,(anonymous_12)
FNDA:0,(anonymous_13)
FNDA:0,(anonymous_14)
FNDA:0,(anonymous_15)
FNDA:0,(anonymous_16)
FNDA:0,(anonymous_17)
FNDA:0,(anonymous_18)
FNDA:0,(anonymous_19)
FNDA:0,(anonymous_20)
FNDA:0,(anonymous_21)
DA:44,0
DA:45,0
DA:46,0
DA:47,0
DA:49,0
DA:50,0
DA:51,0
DA:52,0
DA:53,0
DA:54,0
DA:55,0
DA:56,0
DA:62,0
DA:63,0
DA:64,0
DA:65,0
DA:66,0
DA:68,0
DA:69,0
DA:70,0
DA:73,0
DA:75,0
DA:76,0
DA:77,0
DA:80,0
DA:83,0
DA:84,0
DA:86,0
DA:87,0
DA:93,0
DA:94,0
DA:96,0
DA:97,0
DA:102,0
DA:104,0
DA:108,0
DA:109,0
DA:111,0
DA:112,0
DA:119,0
DA:120,0
DA:121,0
DA:122,0
DA:123,0
DA:124,0
DA:125,0
DA:126,0
DA:127,0
DA:131,0
DA:135,0
DA:136,0
DA:137,0
DA:140,0
DA:141,0
DA:144,0
DA:145,0
DA:147,0
DA:148,0
DA:149,0
DA:161,0
DA:162,0
DA:167,0
DA:169,0
DA:175,0
DA:176,0
DA:179,0
DA:184,0
DA:185,0
DA:186,0
DA:189,0
DA:190,0
DA:196,0
DA:200,0
DA:201,0
DA:202,0
DA:203,0
DA:206,0
DA:217,0
DA:236,0
DA:315,0
DA:374,0
DA:401,0
DA:415,0
DA:429,0
DA:443,0
DA:462,0
DA:472,0
DA:484,0
DA:511,0
DA:512,0
DA:513,0
DA:514,0
DA:515,0
DA:516,0
LF:94
LH:0
BRDA:75,0,0,0
BRDA:75,0,1,0
BRDA:75,1,0,0
BRDA:75,1,1,0
BRDA:84,2,0,0
BRDA:84,2,1,0
BRDA:93,3,0,0
BRDA:93,3,1,0
BRDA:109,4,0,0
BRDA:109,4,1,0
BRDA:109,5,0,0
BRDA:109,5,1,0
BRDA:119,6,0,0
BRDA:119,6,1,0
BRDA:119,7,0,0
BRDA:119,7,1,0
BRDA:122,8,0,0
BRDA:122,8,1,0
BRDA:124,9,0,0
BRDA:124,9,1,0
BRDA:125,10,0,0
BRDA:125,10,1,0
BRDA:126,11,0,0
BRDA:126,11,1,0
BRDA:127,12,0,0
BRDA:127,12,1,0
BRDA:145,13,0,0
BRDA:145,13,1,0
BRDA:145,14,0,0
BRDA:145,14,1,0
BRDA:157,15,0,0
BRDA:157,15,1,0
BRDA:158,16,0,0
BRDA:158,16,1,0
BRDA:161,17,0,0
BRDA:161,17,1,0
BRDA:167,18,0,0
BRDA:167,18,1,0
BRDA:175,19,0,0
BRDA:175,19,1,0
BRDA:180,20,0,0
BRDA:180,20,1,0
BRDA:181,21,0,0
BRDA:181,21,1,0
BRDA:184,22,0,0
BRDA:184,22,1,0
BRDA:206,23,0,0
BRDA:206,23,1,0
BRDA:217,24,0,0
BRDA:217,24,1,0
BRDA:261,25,0,0
BRDA:261,25,1,0
BRDA:262,26,0,0
BRDA:262,26,1,0
BRDA:265,27,0,0
BRDA:265,27,1,0
BRDA:317,28,0,0
BRDA:317,28,1,0
BRDA:374,29,0,0
BRDA:374,29,1,0
BRDA:485,30,0,0
BRDA:485,30,1,0
BRDA:511,31,0,0
BRDA:511,31,1,0
BRDA:512,32,0,0
BRDA:512,32,1,0
BRDA:513,33,0,0
BRDA:513,33,1,0
BRDA:514,34,0,0
BRDA:514,34,1,0
BRDA:515,35,0,0
BRDA:515,35,1,0
BRDA:525,36,0,0
BRDA:525,36,1,0
BRDA:528,37,0,0
BRDA:528,37,1,0
BRF:76
BRH:0
end_of_record
TN:
SF:src/pages/TechnicalPrep.tsx
FN:22,TechnicalPrep
FN:35,(anonymous_1)
FN:41,(anonymous_2)
FN:45,(anonymous_3)
FN:63,(anonymous_4)
FN:78,(anonymous_5)
FN:80,(anonymous_6)
FN:94,(anonymous_7)
FN:105,(anonymous_8)
FN:115,(anonymous_9)
FN:119,(anonymous_10)
FN:126,(anonymous_11)
FN:130,(anonymous_12)
FN:136,(anonymous_13)
FN:138,(anonymous_14)
FN:147,(anonymous_15)
FN:148,(anonymous_16)
FN:171,(anonymous_17)
FN:211,(anonymous_18)
FN:274,(anonymous_19)
FNF:20
FNH:0
FNDA:0,TechnicalPrep
FNDA:0,(anonymous_1)
FNDA:0,(anonymous_2)
FNDA:0,(anonymous_3)
FNDA:0,(anonymous_4)
FNDA:0,(anonymous_5)
FNDA:0,(anonymous_6)
FNDA:0,(anonymous_7)
FNDA:0,(anonymous_8)
FNDA:0,(anonymous_9)
FNDA:0,(anonymous_10)
FNDA:0,(anonymous_11)
FNDA:0,(anonymous_12)
FNDA:0,(anonymous_13)
FNDA:0,(anonymous_14)
FNDA:0,(anonymous_15)
FNDA:0,(anonymous_16)
FNDA:0,(anonymous_17)
FNDA:0,(anonymous_18)
FNDA:0,(anonymous_19)
DA:23,0
DA:24,0
DA:25,0
DA:26,0
DA:27,0
DA:28,0
DA:29,0
DA:30,0
DA:31,0
DA:32,0
DA:33,0
DA:35,0
DA:36,0
DA:37,0
DA:38,0
DA:41,0
DA:42,0
DA:45,0
DA:46,0
DA:47,0
DA:53,0
DA:54,0
DA:55,0
DA:57,0
DA:59,0
DA:63,0
DA:64,0
DA:66,0
DA:67,0
DA:74,0
DA:75,0
DA:76,0
DA:78,0
DA:79,0
DA:80,0
DA:81,0
DA:82,0
DA:87,0
DA:90,0
DA:94,0
DA:95,0
DA:97,0
DA:98,0
DA:103,0
DA:104,0
DA:105,0
DA:106,0
DA:108,0
DA:111,0
DA:115,0
DA:116,0
DA:118,0
DA:119,0
DA:120,0
DA:125,0
DA:126,0
DA:129,0
DA:130,0
DA:133,0
DA:136,0
DA:138,0
DA:139,0
DA:140,0
DA:141,0
DA:142,0
DA:143,0
DA:147,0
DA:148,0
DA:149,0
DA:171,0
DA:211,0
DA:274,0
LF:72
LH:0
BRDA:53,0,0,0
BRDA:53,0,1,0
BRDA:54,1,0,0
BRDA:54,1,1,0
BRDA:55,2,0,0
BRDA:55,2,1,0
BRDA:64,3,0,0
BRDA:64,3,1,0
BRDA:74,4,0,0
BRDA:74,4,1,0
BRDA:79,5,0,0
BRDA:79,5,1,0
BRDA:81,6,0,0
BRDA:81,6,1,0
BRDA:95,7,0,0
BRDA:95,7,1,0
BRDA:103,8,0,0
BRDA:103,8,1,0
BRDA:106,9,0,0
BRDA:106,9,1,0
BRDA:118,10,0,0
BRDA:118,10,1,0
BRDA:120,11,0,0
BRDA:120,11,1,0
BRDA:125,12,0,0
BRDA:125,12,1,0
BRDA:129,13,0,0
BRDA:129,13,1,0
BRDA:139,14,0,0
BRDA:139,14,1,0
BRDA:139,14,2,0
BRDA:139,14,3,0
BRDA:272,15,0,0
BRDA:272,15,1,0
BRDA:304,16,0,0
BRDA:304,16,1,0
BRF:36
BRH:0
end_of_record
TN:
SF:src/pages/TermsOfService.tsx
FN:7,TermsOfService
FNF:1
FNH:0
FNDA:0,TermsOfService
LF:0
LH:0
BRF:0
BRH:0
end_of_record
TN:
SF:src/pages/TimeInvestment.tsx
FN:18,TimeInvestment
FN:29,(anonymous_1)
FN:31,(anonymous_2)
FN:33,(anonymous_3)
FN:36,(anonymous_4)
FN:39,(anonymous_5)
FN:54,(anonymous_6)
FN:68,(anonymous_7)
FN:98,(anonymous_8)
FN:125,(anonymous_9)
FN:132,(anonymous_10)
FN:133,(anonymous_11)
FN:136,(anonymous_12)
FN:142,(anonymous_13)
FN:148,(anonymous_14)
FN:154,(anonymous_15)
FN:155,(anonymous_16)
FN:219,(anonymous_17)
FN:239,(anonymous_18)
FN:331,(anonymous_19)
FN:359,(anonymous_20)
FN:364,(anonymous_21)
FNF:22
FNH:0
FNDA:0,TimeInvestment
FNDA:0,(anonymous_1)
FNDA:0,(anonymous_2)
FNDA:0,(anonymous_3)
FNDA:0,(anonymous_4)
FNDA:0,(anonymous_5)
FNDA:0,(anonymous_6)
FNDA:0,(anonymous_7)
FNDA:0,(anonymous_8)
FNDA:0,(anonymous_9)
FNDA:0,(anonymous_10)
FNDA:0,(anonymous_11)
FNDA:0,(anonymous_12)
FNDA:0,(anonymous_13)
FNDA:0,(anonymous_14)
FNDA:0,(anonymous_15)
FNDA:0,(anonymous_16)
FNDA:0,(anonymous_17)
FNDA:0,(anonymous_18)
FNDA:0,(anonymous_19)
FNDA:0,(anonymous_20)
FNDA:0,(anonymous_21)
DA:19,0
DA:20,0
DA:21,0
DA:22,0
DA:23,0
DA:24,0
DA:29,0
DA:30,0
DA:31,0
DA:32,0
DA:33,0
DA:36,0
DA:39,0
DA:40,0
DA:41,0
DA:42,0
DA:44,0
DA:50,0
DA:51,0
DA:54,0
DA:55,0
DA:56,0
DA:57,0
DA:58,0
DA:61,0
DA:62,0
DA:64,0
DA:68,0
DA:69,0
DA:70,0
DA:71,0
DA:73,0
DA:86,0
DA:88,0
DA:89,0
DA:90,0
DA:91,0
DA:93,0
DA:94,0
DA:98,0
DA:99,0
DA:101,0
DA:102,0
DA:103,0
DA:105,0
DA:113,0
DA:115,0
DA:116,0
DA:117,0
DA:118,0
DA:120,0
DA:121,0
DA:125,0
DA:126,0
DA:127,0
DA:128,0
DA:129,0
DA:132,0
DA:133,0
DA:136,0
DA:137,0
DA:138,0
DA:139,0
DA:142,0
DA:148,0
DA:149,0
DA:152,0
DA:153,0
DA:154,0
DA:155,0
DA:156,0
DA:158,0
DA:161,0
DA:165,0
DA:166,0
DA:219,0
DA:239,0
DA:332,0
DA:333,0
DA:359,0
DA:364,0
LF:81
LH:0
BRDA:32,0,0,0
BRDA:32,0,1,0
BRDA:42,1,0,0
BRDA:42,1,1,0
BRDA:50,2,0,0
BRDA:50,2,1,0
BRDA:51,3,0,0
BRDA:51,3,1,0
BRDA:55,4,0,0
BRDA:55,4,1,0
BRDA:71,5,0,0
BRDA:71,5,1,0
BRDA:86,6,0,0
BRDA:86,6,1,0
BRDA:99,7,0,0
BRDA:99,7,1,0
BRDA:113,8,0,0
BRDA:113,8,1,0
BRDA:137,9,0,0
BRDA:137,9,1,0
BRDA:138,10,0,0
BRDA:138,10,1,0
BRDA:148,11,0,0
BRDA:148,11,1,0
BRDA:155,12,0,0
BRDA:155,12,1,0
BRDA:161,13,0,0
BRDA:161,13,1,0
BRDA:285,14,0,0
BRDA:285,14,1,0
BRDA:332,15,0,0
BRDA:332,15,1,0
BRF:32
BRH:0
end_of_record
TN:
SF:src/pages/WeeklyProgress.tsx
FN:9,WeeklyProgress
FN:15,(anonymous_1)
FN:24,(anonymous_2)
FN:43,(anonymous_3)
FN:62,(anonymous_4)
FN:81,(anonymous_5)
FN:95,(anonymous_6)
FN:102,(anonymous_7)
FN:104,(anonymous_8)
FN:110,(anonymous_9)
FNF:10
FNH:0
FNDA:0,WeeklyProgress
FNDA:0,(anonymous_1)
FNDA:0,(anonymous_2)
FNDA:0,(anonymous_3)
FNDA:0,(anonymous_4)
FNDA:0,(anonymous_5)
FNDA:0,(anonymous_6)
FNDA:0,(anonymous_7)
FNDA:0,(anonymous_8)
FNDA:0,(anonymous_9)
DA:10,0
DA:11,0
DA:13,0
DA:16,0
DA:20,0
DA:22,0
DA:25,0
DA:27,0
DA:35,0
DA:36,0
DA:41,0
DA:44,0
DA:46,0
DA:54,0
DA:55,0
DA:60,0
DA:63,0
DA:65,0
DA:73,0
DA:74,0
DA:79,0
DA:82,0
DA:84,0
DA:92,0
DA:95,0
DA:96,0
DA:102,0
DA:104,0
DA:110,0
LF:29
LH:0
BRDA:22,0,0,0
BRDA:25,1,0,0
BRDA:25,1,1,0
BRDA:35,2,0,0
BRDA:35,2,1,0
BRDA:41,3,0,0
BRDA:44,4,0,0
BRDA:44,4,1,0
BRDA:54,5,0,0
BRDA:54,5,1,0
BRDA:60,6,0,0
BRDA:63,7,0,0
BRDA:63,7,1,0
BRDA:73,8,0,0
BRDA:73,8,1,0
BRDA:79,9,0,0
BRDA:82,10,0,0
BRDA:82,10,1,0
BRDA:92,11,0,0
BRDA:92,11,1,0
BRDA:216,12,0,0
BRDA:216,12,1,0
BRDA:219,13,0,0
BRDA:219,13,1,0
BRDA:239,14,0,0
BRDA:239,14,1,0
BRDA:239,14,2,0
BRF:27
BRH:0
end_of_record
TN:
SF:src/types/automation.ts
FNF:0
FNH:0
LF:0
LH:0
BRF:0
BRH:0
end_of_record
TN:
SF:src/types/interviews.ts
FN:96,calculateInterviewEnd
FN:108,isUpcomingInterview
FN:114,isInterviewToday
FN:128,getOutcomeBadgeVariant
FN:144,getStatusBadgeVariant
FNF:5
FNH:0
FNDA:0,calculateInterviewEnd
FNDA:0,isUpcomingInterview
FNDA:0,isInterviewToday
FNDA:0,getOutcomeBadgeVariant
FNDA:0,getStatusBadgeVariant
DA:100,0
DA:102,0
DA:103,0
DA:104,0
DA:109,0
DA:110,0
DA:115,0
DA:117,0
DA:118,0
DA:120,0
DA:129,0
DA:132,0
DA:134,0
DA:136,0
DA:139,0
DA:145,0
DA:147,0
DA:149,0
DA:151,0
DA:153,0
LF:20
LH:0
BRDA:100,0,0,0
BRDA:100,0,1,0
BRDA:100,1,0,0
BRDA:100,1,1,0
BRDA:109,2,0,0
BRDA:109,2,1,0
BRDA:115,3,0,0
BRDA:115,3,1,0
BRDA:121,4,0,0
BRDA:121,4,1,0
BRDA:121,4,2,0
BRDA:129,5,0,0
BRDA:129,5,1,0
BRDA:129,5,2,0
BRDA:129,5,3,0
BRDA:129,5,4,0
BRDA:129,5,5,0
BRDA:145,6,0,0
BRDA:145,6,1,0
BRDA:145,6,2,0
BRDA:145,6,3,0
BRF:21
BRH:0
end_of_record
TN:
SF:src/types/jobs.ts
FNF:0
FNH:0
LF:0
LH:0
BRF:0
BRH:0
end_of_record
TN:
SF:src/types/sprint2.ts
FNF:0
FNH:0
LF:0
LH:0
BRF:0
BRH:0
end_of_record
